[0.693s] DEBUG:colcon:Command line arguments: ['/usr/bin/colcon', 'build', '--packages-up-to', 'micro_ros_agent', '--cmake-args', '-DUAGENT_BUILD_EXECUTABLE=OFF', '-DUAGENT_P2P_PROFILE=OFF', '--no-warn-unused-cli']
[0.693s] DEBUG:colcon:Parsed command line arguments: Namespace(allow_overriding=[], ament_cmake_args=None, base_paths=['.'], build_base='build', catkin_cmake_args=None, catkin_skip_building_tests=False, cmake_args=['-DUAGENT_BUILD_EXECUTABLE=OFF', '-DUAGENT_P2P_PROFILE=OFF', '--no-warn-unused-cli'], cmake_clean_cache=False, cmake_clean_first=False, cmake_force_configure=False, cmake_target=None, cmake_target_skip_unavailable=False, continue_on_error=False, event_handlers=None, executor='parallel', ignore_user_meta=False, install_base='install', log_base=None, log_level=None, main=<bound method BuildVerb.main of <colcon_core.verb.build.BuildVerb object at 0x7f9fb5a2d1c0>>, merge_install=False, metas=['./colcon.meta'], packages_above=None, packages_above_and_dependencies=None, packages_above_depth=None, packages_end=None, packages_ignore=None, packages_ignore_regex=None, packages_select=None, packages_select_build_failed=False, packages_select_by_dep=None, packages_select_regex=None, packages_select_test_failures=False, packages_skip=None, packages_skip_build_finished=False, packages_skip_by_dep=None, packages_skip_regex=None, packages_skip_test_passed=False, packages_skip_up_to=None, packages_start=None, packages_up_to=['micro_ros_agent'], packages_up_to_regex=None, parallel_workers=8, paths=None, symlink_install=False, test_result_base=None, verb_extension=<colcon_core.verb.build.BuildVerb object at 0x7f9fb5a2d1c0>, verb_name='build', verb_parser=<colcon_defaults.argument_parser.defaults.DefaultArgumentsDecorator object at 0x7f9fb5a2d700>)
[0.771s] Level 1:colcon.colcon_core.package_discovery:discover_packages(colcon_meta) check parameters
[0.771s] Level 1:colcon.colcon_core.package_discovery:discover_packages(recursive) check parameters
[0.771s] Level 1:colcon.colcon_core.package_discovery:discover_packages(ignore) check parameters
[0.771s] Level 1:colcon.colcon_core.package_discovery:discover_packages(path) check parameters
[0.771s] Level 1:colcon.colcon_core.package_discovery:discover_packages(colcon_meta) discover
[0.771s] Level 1:colcon.colcon_core.package_discovery:discover_packages(recursive) discover
[0.771s] INFO:colcon.colcon_core.package_discovery:Crawling recursively for packages in '/home/adwitiya/micro-ros/agent_ws'
[0.771s] Level 1:colcon.colcon_core.package_identification:_identify(.) by extensions ['ignore', 'ignore_ament_install']
[0.771s] Level 1:colcon.colcon_core.package_identification:_identify(.) by extension 'ignore'
[0.771s] Level 1:colcon.colcon_core.package_identification:_identify(.) by extension 'ignore_ament_install'
[0.771s] Level 1:colcon.colcon_core.package_identification:_identify(.) by extensions ['colcon_pkg']
[0.771s] Level 1:colcon.colcon_core.package_identification:_identify(.) by extension 'colcon_pkg'
[0.771s] Level 1:colcon.colcon_core.package_identification:_identify(.) by extensions ['colcon_meta']
[0.772s] Level 1:colcon.colcon_core.package_identification:_identify(.) by extension 'colcon_meta'
[0.772s] Level 1:colcon.colcon_core.package_identification:_identify(.) by extensions ['ros']
[0.772s] Level 1:colcon.colcon_core.package_identification:_identify(.) by extension 'ros'
[0.786s] Level 1:colcon.colcon_core.package_identification:_identify(.) by extensions ['cmake', 'python']
[0.786s] Level 1:colcon.colcon_core.package_identification:_identify(.) by extension 'cmake'
[0.786s] Level 1:colcon.colcon_core.package_identification:_identify(.) by extension 'python'
[0.786s] Level 1:colcon.colcon_core.package_identification:_identify(.) by extensions ['python_setup_py']
[0.786s] Level 1:colcon.colcon_core.package_identification:_identify(.) by extension 'python_setup_py'
[0.786s] Level 1:colcon.colcon_core.package_identification:_identify(build) by extensions ['ignore', 'ignore_ament_install']
[0.786s] Level 1:colcon.colcon_core.package_identification:_identify(build) by extension 'ignore'
[0.786s] Level 1:colcon.colcon_core.package_identification:_identify(build) ignored
[0.786s] Level 1:colcon.colcon_core.package_identification:_identify(install) by extensions ['ignore', 'ignore_ament_install']
[0.786s] Level 1:colcon.colcon_core.package_identification:_identify(install) by extension 'ignore'
[0.786s] Level 1:colcon.colcon_core.package_identification:_identify(install) ignored
[0.786s] Level 1:colcon.colcon_core.package_identification:_identify(log) by extensions ['ignore', 'ignore_ament_install']
[0.787s] Level 1:colcon.colcon_core.package_identification:_identify(log) by extension 'ignore'
[0.787s] Level 1:colcon.colcon_core.package_identification:_identify(log) ignored
[0.787s] Level 1:colcon.colcon_core.package_identification:_identify(src) by extensions ['ignore', 'ignore_ament_install']
[0.787s] Level 1:colcon.colcon_core.package_identification:_identify(src) by extension 'ignore'
[0.787s] Level 1:colcon.colcon_core.package_identification:_identify(src) by extension 'ignore_ament_install'
[0.787s] Level 1:colcon.colcon_core.package_identification:_identify(src) by extensions ['colcon_pkg']
[0.787s] Level 1:colcon.colcon_core.package_identification:_identify(src) by extension 'colcon_pkg'
[0.787s] Level 1:colcon.colcon_core.package_identification:_identify(src) by extensions ['colcon_meta']
[0.787s] Level 1:colcon.colcon_core.package_identification:_identify(src) by extension 'colcon_meta'
[0.787s] Level 1:colcon.colcon_core.package_identification:_identify(src) by extensions ['ros']
[0.787s] Level 1:colcon.colcon_core.package_identification:_identify(src) by extension 'ros'
[0.787s] Level 1:colcon.colcon_core.package_identification:_identify(src) by extensions ['cmake', 'python']
[0.787s] Level 1:colcon.colcon_core.package_identification:_identify(src) by extension 'cmake'
[0.787s] Level 1:colcon.colcon_core.package_identification:_identify(src) by extension 'python'
[0.787s] Level 1:colcon.colcon_core.package_identification:_identify(src) by extensions ['python_setup_py']
[0.787s] Level 1:colcon.colcon_core.package_identification:_identify(src) by extension 'python_setup_py'
[0.788s] Level 1:colcon.colcon_core.package_identification:_identify(src/micro_ros_setup) by extensions ['ignore', 'ignore_ament_install']
[0.788s] Level 1:colcon.colcon_core.package_identification:_identify(src/micro_ros_setup) by extension 'ignore'
[0.788s] Level 1:colcon.colcon_core.package_identification:_identify(src/micro_ros_setup) by extension 'ignore_ament_install'
[0.788s] Level 1:colcon.colcon_core.package_identification:_identify(src/micro_ros_setup) by extensions ['colcon_pkg']
[0.788s] Level 1:colcon.colcon_core.package_identification:_identify(src/micro_ros_setup) by extension 'colcon_pkg'
[0.788s] Level 1:colcon.colcon_core.package_identification:_identify(src/micro_ros_setup) by extensions ['colcon_meta']
[0.788s] Level 1:colcon.colcon_core.package_identification:_identify(src/micro_ros_setup) by extension 'colcon_meta'
[0.788s] Level 1:colcon.colcon_core.package_identification:_identify(src/micro_ros_setup) by extensions ['ros']
[0.788s] Level 1:colcon.colcon_core.package_identification:_identify(src/micro_ros_setup) by extension 'ros'
[0.792s] DEBUG:colcon.colcon_core.package_identification:Package 'src/micro_ros_setup' with type 'ros.ament_cmake' and name 'micro_ros_setup'
[0.792s] Level 1:colcon.colcon_core.package_identification:_identify(src/uros) by extensions ['ignore', 'ignore_ament_install']
[0.792s] Level 1:colcon.colcon_core.package_identification:_identify(src/uros) by extension 'ignore'
[0.792s] Level 1:colcon.colcon_core.package_identification:_identify(src/uros) by extension 'ignore_ament_install'
[0.792s] Level 1:colcon.colcon_core.package_identification:_identify(src/uros) by extensions ['colcon_pkg']
[0.792s] Level 1:colcon.colcon_core.package_identification:_identify(src/uros) by extension 'colcon_pkg'
[0.792s] Level 1:colcon.colcon_core.package_identification:_identify(src/uros) by extensions ['colcon_meta']
[0.792s] Level 1:colcon.colcon_core.package_identification:_identify(src/uros) by extension 'colcon_meta'
[0.792s] Level 1:colcon.colcon_core.package_identification:_identify(src/uros) by extensions ['ros']
[0.792s] Level 1:colcon.colcon_core.package_identification:_identify(src/uros) by extension 'ros'
[0.793s] Level 1:colcon.colcon_core.package_identification:_identify(src/uros) by extensions ['cmake', 'python']
[0.793s] Level 1:colcon.colcon_core.package_identification:_identify(src/uros) by extension 'cmake'
[0.793s] Level 1:colcon.colcon_core.package_identification:_identify(src/uros) by extension 'python'
[0.793s] Level 1:colcon.colcon_core.package_identification:_identify(src/uros) by extensions ['python_setup_py']
[0.793s] Level 1:colcon.colcon_core.package_identification:_identify(src/uros) by extension 'python_setup_py'
[0.793s] Level 1:colcon.colcon_core.package_identification:_identify(src/uros/drive_base) by extensions ['ignore', 'ignore_ament_install']
[0.793s] Level 1:colcon.colcon_core.package_identification:_identify(src/uros/drive_base) by extension 'ignore'
[0.793s] Level 1:colcon.colcon_core.package_identification:_identify(src/uros/drive_base) by extension 'ignore_ament_install'
[0.793s] Level 1:colcon.colcon_core.package_identification:_identify(src/uros/drive_base) by extensions ['colcon_pkg']
[0.793s] Level 1:colcon.colcon_core.package_identification:_identify(src/uros/drive_base) by extension 'colcon_pkg'
[0.793s] Level 1:colcon.colcon_core.package_identification:_identify(src/uros/drive_base) by extensions ['colcon_meta']
[0.793s] Level 1:colcon.colcon_core.package_identification:_identify(src/uros/drive_base) by extension 'colcon_meta'
[0.793s] Level 1:colcon.colcon_core.package_identification:_identify(src/uros/drive_base) by extensions ['ros']
[0.793s] Level 1:colcon.colcon_core.package_identification:_identify(src/uros/drive_base) by extension 'ros'
[0.793s] Level 1:colcon.colcon_core.package_identification:_identify(src/uros/drive_base) by extensions ['cmake', 'python']
[0.793s] Level 1:colcon.colcon_core.package_identification:_identify(src/uros/drive_base) by extension 'cmake'
[0.793s] Level 1:colcon.colcon_core.package_identification:_identify(src/uros/drive_base) by extension 'python'
[0.793s] Level 1:colcon.colcon_core.package_identification:_identify(src/uros/drive_base) by extensions ['python_setup_py']
[0.794s] Level 1:colcon.colcon_core.package_identification:_identify(src/uros/drive_base) by extension 'python_setup_py'
[0.794s] Level 1:colcon.colcon_core.package_identification:_identify(src/uros/drive_base/drive_base_msgs) by extensions ['ignore', 'ignore_ament_install']
[0.794s] Level 1:colcon.colcon_core.package_identification:_identify(src/uros/drive_base/drive_base_msgs) by extension 'ignore'
[0.794s] Level 1:colcon.colcon_core.package_identification:_identify(src/uros/drive_base/drive_base_msgs) by extension 'ignore_ament_install'
[0.794s] Level 1:colcon.colcon_core.package_identification:_identify(src/uros/drive_base/drive_base_msgs) by extensions ['colcon_pkg']
[0.794s] Level 1:colcon.colcon_core.package_identification:_identify(src/uros/drive_base/drive_base_msgs) by extension 'colcon_pkg'
[0.794s] Level 1:colcon.colcon_core.package_identification:_identify(src/uros/drive_base/drive_base_msgs) by extensions ['colcon_meta']
[0.794s] Level 1:colcon.colcon_core.package_identification:_identify(src/uros/drive_base/drive_base_msgs) by extension 'colcon_meta'
[0.794s] Level 1:colcon.colcon_core.package_identification:_identify(src/uros/drive_base/drive_base_msgs) by extensions ['ros']
[0.794s] Level 1:colcon.colcon_core.package_identification:_identify(src/uros/drive_base/drive_base_msgs) by extension 'ros'
[0.795s] DEBUG:colcon.colcon_core.package_identification:Package 'src/uros/drive_base/drive_base_msgs' with type 'ros.ament_cmake' and name 'drive_base_msgs'
[0.795s] Level 1:colcon.colcon_core.package_identification:_identify(src/uros/micro-ROS-Agent) by extensions ['ignore', 'ignore_ament_install']
[0.795s] Level 1:colcon.colcon_core.package_identification:_identify(src/uros/micro-ROS-Agent) by extension 'ignore'
[0.795s] Level 1:colcon.colcon_core.package_identification:_identify(src/uros/micro-ROS-Agent) by extension 'ignore_ament_install'
[0.795s] Level 1:colcon.colcon_core.package_identification:_identify(src/uros/micro-ROS-Agent) by extensions ['colcon_pkg']
[0.795s] Level 1:colcon.colcon_core.package_identification:_identify(src/uros/micro-ROS-Agent) by extension 'colcon_pkg'
[0.795s] Level 1:colcon.colcon_core.package_identification:_identify(src/uros/micro-ROS-Agent) by extensions ['colcon_meta']
[0.795s] Level 1:colcon.colcon_core.package_identification:_identify(src/uros/micro-ROS-Agent) by extension 'colcon_meta'
[0.795s] Level 1:colcon.colcon_core.package_identification:_identify(src/uros/micro-ROS-Agent) by extensions ['ros']
[0.795s] Level 1:colcon.colcon_core.package_identification:_identify(src/uros/micro-ROS-Agent) by extension 'ros'
[0.795s] Level 1:colcon.colcon_core.package_identification:_identify(src/uros/micro-ROS-Agent) by extensions ['cmake', 'python']
[0.795s] Level 1:colcon.colcon_core.package_identification:_identify(src/uros/micro-ROS-Agent) by extension 'cmake'
[0.795s] Level 1:colcon.colcon_core.package_identification:_identify(src/uros/micro-ROS-Agent) by extension 'python'
[0.795s] Level 1:colcon.colcon_core.package_identification:_identify(src/uros/micro-ROS-Agent) by extensions ['python_setup_py']
[0.796s] Level 1:colcon.colcon_core.package_identification:_identify(src/uros/micro-ROS-Agent) by extension 'python_setup_py'
[0.796s] Level 1:colcon.colcon_core.package_identification:_identify(src/uros/micro-ROS-Agent/micro_ros_agent) by extensions ['ignore', 'ignore_ament_install']
[0.796s] Level 1:colcon.colcon_core.package_identification:_identify(src/uros/micro-ROS-Agent/micro_ros_agent) by extension 'ignore'
[0.796s] Level 1:colcon.colcon_core.package_identification:_identify(src/uros/micro-ROS-Agent/micro_ros_agent) by extension 'ignore_ament_install'
[0.796s] Level 1:colcon.colcon_core.package_identification:_identify(src/uros/micro-ROS-Agent/micro_ros_agent) by extensions ['colcon_pkg']
[0.796s] Level 1:colcon.colcon_core.package_identification:_identify(src/uros/micro-ROS-Agent/micro_ros_agent) by extension 'colcon_pkg'
[0.796s] Level 1:colcon.colcon_core.package_identification:_identify(src/uros/micro-ROS-Agent/micro_ros_agent) by extensions ['colcon_meta']
[0.796s] Level 1:colcon.colcon_core.package_identification:_identify(src/uros/micro-ROS-Agent/micro_ros_agent) by extension 'colcon_meta'
[0.796s] Level 1:colcon.colcon_core.package_identification:_identify(src/uros/micro-ROS-Agent/micro_ros_agent) by extensions ['ros']
[0.796s] Level 1:colcon.colcon_core.package_identification:_identify(src/uros/micro-ROS-Agent/micro_ros_agent) by extension 'ros'
[0.797s] DEBUG:colcon.colcon_core.package_identification:Package 'src/uros/micro-ROS-Agent/micro_ros_agent' with type 'ros.ament_cmake' and name 'micro_ros_agent'
[0.797s] Level 1:colcon.colcon_core.package_identification:_identify(src/uros/micro-ROS-Agent/snap) by extensions ['ignore', 'ignore_ament_install']
[0.797s] Level 1:colcon.colcon_core.package_identification:_identify(src/uros/micro-ROS-Agent/snap) by extension 'ignore'
[0.797s] Level 1:colcon.colcon_core.package_identification:_identify(src/uros/micro-ROS-Agent/snap) by extension 'ignore_ament_install'
[0.797s] Level 1:colcon.colcon_core.package_identification:_identify(src/uros/micro-ROS-Agent/snap) by extensions ['colcon_pkg']
[0.797s] Level 1:colcon.colcon_core.package_identification:_identify(src/uros/micro-ROS-Agent/snap) by extension 'colcon_pkg'
[0.798s] Level 1:colcon.colcon_core.package_identification:_identify(src/uros/micro-ROS-Agent/snap) by extensions ['colcon_meta']
[0.798s] Level 1:colcon.colcon_core.package_identification:_identify(src/uros/micro-ROS-Agent/snap) by extension 'colcon_meta'
[0.798s] Level 1:colcon.colcon_core.package_identification:_identify(src/uros/micro-ROS-Agent/snap) by extensions ['ros']
[0.798s] Level 1:colcon.colcon_core.package_identification:_identify(src/uros/micro-ROS-Agent/snap) by extension 'ros'
[0.798s] Level 1:colcon.colcon_core.package_identification:_identify(src/uros/micro-ROS-Agent/snap) by extensions ['cmake', 'python']
[0.798s] Level 1:colcon.colcon_core.package_identification:_identify(src/uros/micro-ROS-Agent/snap) by extension 'cmake'
[0.798s] Level 1:colcon.colcon_core.package_identification:_identify(src/uros/micro-ROS-Agent/snap) by extension 'python'
[0.798s] Level 1:colcon.colcon_core.package_identification:_identify(src/uros/micro-ROS-Agent/snap) by extensions ['python_setup_py']
[0.798s] Level 1:colcon.colcon_core.package_identification:_identify(src/uros/micro-ROS-Agent/snap) by extension 'python_setup_py'
[0.798s] Level 1:colcon.colcon_core.package_identification:_identify(src/uros/micro-ROS-Agent/snap/hooks) by extensions ['ignore', 'ignore_ament_install']
[0.798s] Level 1:colcon.colcon_core.package_identification:_identify(src/uros/micro-ROS-Agent/snap/hooks) by extension 'ignore'
[0.798s] Level 1:colcon.colcon_core.package_identification:_identify(src/uros/micro-ROS-Agent/snap/hooks) by extension 'ignore_ament_install'
[0.798s] Level 1:colcon.colcon_core.package_identification:_identify(src/uros/micro-ROS-Agent/snap/hooks) by extensions ['colcon_pkg']
[0.798s] Level 1:colcon.colcon_core.package_identification:_identify(src/uros/micro-ROS-Agent/snap/hooks) by extension 'colcon_pkg'
[0.798s] Level 1:colcon.colcon_core.package_identification:_identify(src/uros/micro-ROS-Agent/snap/hooks) by extensions ['colcon_meta']
[0.798s] Level 1:colcon.colcon_core.package_identification:_identify(src/uros/micro-ROS-Agent/snap/hooks) by extension 'colcon_meta'
[0.798s] Level 1:colcon.colcon_core.package_identification:_identify(src/uros/micro-ROS-Agent/snap/hooks) by extensions ['ros']
[0.798s] Level 1:colcon.colcon_core.package_identification:_identify(src/uros/micro-ROS-Agent/snap/hooks) by extension 'ros'
[0.799s] Level 1:colcon.colcon_core.package_identification:_identify(src/uros/micro-ROS-Agent/snap/hooks) by extensions ['cmake', 'python']
[0.799s] Level 1:colcon.colcon_core.package_identification:_identify(src/uros/micro-ROS-Agent/snap/hooks) by extension 'cmake'
[0.799s] Level 1:colcon.colcon_core.package_identification:_identify(src/uros/micro-ROS-Agent/snap/hooks) by extension 'python'
[0.799s] Level 1:colcon.colcon_core.package_identification:_identify(src/uros/micro-ROS-Agent/snap/hooks) by extensions ['python_setup_py']
[0.799s] Level 1:colcon.colcon_core.package_identification:_identify(src/uros/micro-ROS-Agent/snap/hooks) by extension 'python_setup_py'
[0.799s] Level 1:colcon.colcon_core.package_identification:_identify(src/uros/micro-ROS-Agent/snap/local) by extensions ['ignore', 'ignore_ament_install']
[0.799s] Level 1:colcon.colcon_core.package_identification:_identify(src/uros/micro-ROS-Agent/snap/local) by extension 'ignore'
[0.799s] Level 1:colcon.colcon_core.package_identification:_identify(src/uros/micro-ROS-Agent/snap/local) by extension 'ignore_ament_install'
[0.799s] Level 1:colcon.colcon_core.package_identification:_identify(src/uros/micro-ROS-Agent/snap/local) by extensions ['colcon_pkg']
[0.799s] Level 1:colcon.colcon_core.package_identification:_identify(src/uros/micro-ROS-Agent/snap/local) by extension 'colcon_pkg'
[0.799s] Level 1:colcon.colcon_core.package_identification:_identify(src/uros/micro-ROS-Agent/snap/local) by extensions ['colcon_meta']
[0.799s] Level 1:colcon.colcon_core.package_identification:_identify(src/uros/micro-ROS-Agent/snap/local) by extension 'colcon_meta'
[0.799s] Level 1:colcon.colcon_core.package_identification:_identify(src/uros/micro-ROS-Agent/snap/local) by extensions ['ros']
[0.799s] Level 1:colcon.colcon_core.package_identification:_identify(src/uros/micro-ROS-Agent/snap/local) by extension 'ros'
[0.799s] Level 1:colcon.colcon_core.package_identification:_identify(src/uros/micro-ROS-Agent/snap/local) by extensions ['cmake', 'python']
[0.799s] Level 1:colcon.colcon_core.package_identification:_identify(src/uros/micro-ROS-Agent/snap/local) by extension 'cmake'
[0.800s] Level 1:colcon.colcon_core.package_identification:_identify(src/uros/micro-ROS-Agent/snap/local) by extension 'python'
[0.800s] Level 1:colcon.colcon_core.package_identification:_identify(src/uros/micro-ROS-Agent/snap/local) by extensions ['python_setup_py']
[0.800s] Level 1:colcon.colcon_core.package_identification:_identify(src/uros/micro-ROS-Agent/snap/local) by extension 'python_setup_py'
[0.800s] Level 1:colcon.colcon_core.package_identification:_identify(src/uros/micro_ros_msgs) by extensions ['ignore', 'ignore_ament_install']
[0.800s] Level 1:colcon.colcon_core.package_identification:_identify(src/uros/micro_ros_msgs) by extension 'ignore'
[0.800s] Level 1:colcon.colcon_core.package_identification:_identify(src/uros/micro_ros_msgs) by extension 'ignore_ament_install'
[0.800s] Level 1:colcon.colcon_core.package_identification:_identify(src/uros/micro_ros_msgs) by extensions ['colcon_pkg']
[0.800s] Level 1:colcon.colcon_core.package_identification:_identify(src/uros/micro_ros_msgs) by extension 'colcon_pkg'
[0.800s] Level 1:colcon.colcon_core.package_identification:_identify(src/uros/micro_ros_msgs) by extensions ['colcon_meta']
[0.800s] Level 1:colcon.colcon_core.package_identification:_identify(src/uros/micro_ros_msgs) by extension 'colcon_meta'
[0.800s] Level 1:colcon.colcon_core.package_identification:_identify(src/uros/micro_ros_msgs) by extensions ['ros']
[0.800s] Level 1:colcon.colcon_core.package_identification:_identify(src/uros/micro_ros_msgs) by extension 'ros'
[0.801s] DEBUG:colcon.colcon_core.package_identification:Package 'src/uros/micro_ros_msgs' with type 'ros.ament_cmake' and name 'micro_ros_msgs'
[0.801s] Level 1:colcon.colcon_core.package_discovery:discover_packages(recursive) using defaults
[0.801s] Level 1:colcon.colcon_core.package_discovery:discover_packages(ignore) discover
[0.801s] Level 1:colcon.colcon_core.package_discovery:discover_packages(ignore) using defaults
[0.801s] Level 1:colcon.colcon_core.package_discovery:discover_packages(path) discover
[0.801s] Level 1:colcon.colcon_core.package_discovery:discover_packages(path) using defaults
[0.889s] INFO:colcon.colcon_core.package_selection:Skipping package 'micro_ros_setup' in 'src/micro_ros_setup'
[0.889s] INFO:colcon.colcon_core.package_selection:Skipping package 'drive_base_msgs' in 'src/uros/drive_base/drive_base_msgs'
[0.890s] Level 1:colcon.colcon_core.package_discovery:discover_packages(prefix_path) check parameters
[0.890s] Level 1:colcon.colcon_core.package_discovery:discover_packages(prefix_path) discover
[0.907s] DEBUG:colcon.colcon_installed_package_information.package_discovery:Found 3 installed packages in /home/adwitiya/micro-ros/agent_ws/install
[0.909s] DEBUG:colcon.colcon_installed_package_information.package_discovery:Found 1 installed packages in /home/adwitiya/ros2_ws/install
[0.924s] DEBUG:colcon.colcon_installed_package_information.package_discovery:Found 343 installed packages in /home/adwitiya/ros2_humble/install
[0.927s] Level 1:colcon.colcon_core.package_discovery:discover_packages(prefix_path) using defaults
[4.010s] Level 5:colcon.colcon_core.verb:set package 'micro_ros_msgs' build argument 'cmake_args' from command line to '['-DUAGENT_BUILD_EXECUTABLE=OFF', '-DUAGENT_P2P_PROFILE=OFF', '--no-warn-unused-cli']'
[4.010s] Level 5:colcon.colcon_core.verb:set package 'micro_ros_msgs' build argument 'cmake_target' from command line to 'None'
[4.010s] Level 5:colcon.colcon_core.verb:set package 'micro_ros_msgs' build argument 'cmake_target_skip_unavailable' from command line to 'False'
[4.010s] Level 5:colcon.colcon_core.verb:set package 'micro_ros_msgs' build argument 'cmake_clean_cache' from command line to 'False'
[4.010s] Level 5:colcon.colcon_core.verb:set package 'micro_ros_msgs' build argument 'cmake_clean_first' from command line to 'False'
[4.010s] Level 5:colcon.colcon_core.verb:set package 'micro_ros_msgs' build argument 'cmake_force_configure' from command line to 'False'
[4.010s] Level 5:colcon.colcon_core.verb:set package 'micro_ros_msgs' build argument 'ament_cmake_args' from command line to 'None'
[4.010s] Level 5:colcon.colcon_core.verb:set package 'micro_ros_msgs' build argument 'catkin_cmake_args' from command line to 'None'
[4.010s] Level 5:colcon.colcon_core.verb:set package 'micro_ros_msgs' build argument 'catkin_skip_building_tests' from command line to 'False'
[4.010s] DEBUG:colcon.colcon_core.verb:Building package 'micro_ros_msgs' with the following arguments: {'ament_cmake_args': None, 'build_base': '/home/adwitiya/micro-ros/agent_ws/build/micro_ros_msgs', 'catkin_cmake_args': None, 'catkin_skip_building_tests': False, 'cmake_args': ['-DUAGENT_BUILD_EXECUTABLE=OFF', '-DUAGENT_P2P_PROFILE=OFF', '--no-warn-unused-cli'], 'cmake_clean_cache': False, 'cmake_clean_first': False, 'cmake_force_configure': False, 'cmake_target': None, 'cmake_target_skip_unavailable': False, 'install_base': '/home/adwitiya/micro-ros/agent_ws/install/micro_ros_msgs', 'merge_install': False, 'path': '/home/adwitiya/micro-ros/agent_ws/src/uros/micro_ros_msgs', 'symlink_install': False, 'test_result_base': None}
[4.015s] Level 5:colcon.colcon_core.verb:set package 'micro_ros_agent' build argument 'cmake_args' from command line to '['-DUAGENT_BUILD_EXECUTABLE=OFF', '-DUAGENT_P2P_PROFILE=OFF', '--no-warn-unused-cli']'
[4.015s] Level 5:colcon.colcon_core.verb:set package 'micro_ros_agent' build argument 'cmake_target' from command line to 'None'
[4.015s] Level 5:colcon.colcon_core.verb:set package 'micro_ros_agent' build argument 'cmake_target_skip_unavailable' from command line to 'False'
[4.015s] Level 5:colcon.colcon_core.verb:set package 'micro_ros_agent' build argument 'cmake_clean_cache' from command line to 'False'
[4.015s] Level 5:colcon.colcon_core.verb:set package 'micro_ros_agent' build argument 'cmake_clean_first' from command line to 'False'
[4.015s] Level 5:colcon.colcon_core.verb:set package 'micro_ros_agent' build argument 'cmake_force_configure' from command line to 'False'
[4.015s] Level 5:colcon.colcon_core.verb:set package 'micro_ros_agent' build argument 'ament_cmake_args' from command line to 'None'
[4.015s] Level 5:colcon.colcon_core.verb:set package 'micro_ros_agent' build argument 'catkin_cmake_args' from command line to 'None'
[4.015s] Level 5:colcon.colcon_core.verb:set package 'micro_ros_agent' build argument 'catkin_skip_building_tests' from command line to 'False'
[4.015s] DEBUG:colcon.colcon_core.verb:Building package 'micro_ros_agent' with the following arguments: {'ament_cmake_args': None, 'build_base': '/home/adwitiya/micro-ros/agent_ws/build/micro_ros_agent', 'catkin_cmake_args': None, 'catkin_skip_building_tests': False, 'cmake_args': ['-DUAGENT_BUILD_EXECUTABLE=OFF', '-DUAGENT_P2P_PROFILE=OFF', '--no-warn-unused-cli'], 'cmake_clean_cache': False, 'cmake_clean_first': False, 'cmake_force_configure': False, 'cmake_target': None, 'cmake_target_skip_unavailable': False, 'install_base': '/home/adwitiya/micro-ros/agent_ws/install/micro_ros_agent', 'merge_install': False, 'path': '/home/adwitiya/micro-ros/agent_ws/src/uros/micro-ROS-Agent/micro_ros_agent', 'symlink_install': False, 'test_result_base': None}
[4.019s] INFO:colcon.colcon_core.executor:Executing jobs using 'parallel' executor
[4.032s] DEBUG:colcon.colcon_parallel_executor.executor.parallel:run_until_complete
[4.033s] INFO:colcon.colcon_ros.task.ament_cmake.build:Building ROS package in '/home/adwitiya/micro-ros/agent_ws/src/uros/micro_ros_msgs' with build type 'ament_cmake'
[4.033s] INFO:colcon.colcon_cmake.task.cmake.build:Building CMake package in '/home/adwitiya/micro-ros/agent_ws/src/uros/micro_ros_msgs'
[4.054s] INFO:colcon.colcon_core.plugin_system:Skipping extension 'colcon_core.shell.bat': Not used on non-Windows systems
[4.054s] INFO:colcon.colcon_core.shell:Skip shell extension 'powershell' for command environment: Not usable outside of PowerShell
[4.054s] DEBUG:colcon.colcon_core.shell:Skip shell extension 'dsv' for command environment
[4.162s] DEBUG:colcon.colcon_core.event_handler.log_command:Invoking command in '/home/adwitiya/micro-ros/agent_ws/build/micro_ros_msgs': CMAKE_PREFIX_PATH=${CMAKE_PREFIX_PATH}:/home/adwitiya/ros2_ws/install/my_robot_controller:/home/adwitiya/ros2_humble/install/rqt_bag_plugins:/home/adwitiya/ros2_humble/install/rqt_bag:/home/adwitiya/ros2_humble/install/ros2bag:/home/adwitiya/ros2_humble/install/tracetools_test:/home/adwitiya/ros2_humble/install/tracetools_launch:/home/adwitiya/ros2_humble/install/topic_monitor:/home/adwitiya/ros2_humble/install/tf2_tools:/home/adwitiya/ros2_humble/install/examples_tf2_py:/home/adwitiya/ros2_humble/install/tf2_ros_py:/home/adwitiya/ros2_humble/install/sros2:/home/adwitiya/ros2_humble/install/rqt_topic:/home/adwitiya/ros2_humble/install/rqt_srv:/home/adwitiya/ros2_humble/install/rqt_shell:/home/adwitiya/ros2_humble/install/rqt_service_caller:/home/adwitiya/ros2_humble/install/rqt_reconfigure:/home/adwitiya/ros2_humble/install/rqt_py_console:/home/adwitiya/ros2_humble/install/rqt_publisher:/home/adwitiya/ros2_humble/install/rqt_plot:/home/adwitiya/ros2_humble/install/rqt_action:/home/adwitiya/ros2_humble/install/rqt_msg:/home/adwitiya/ros2_humble/install/rqt_console:/home/adwitiya/ros2_humble/install/rqt:/home/adwitiya/ros2_humble/install/rqt_graph:/home/adwitiya/ros2_humble/install/rqt_gui_py:/home/adwitiya/ros2_humble/install/rqt_gui:/home/adwitiya/ros2_humble/install/ros2trace:/home/adwitiya/ros2_humble/install/ros2topic:/home/adwitiya/ros2_humble/install/ros2test:/home/adwitiya/ros2_humble/install/ros2component:/home/adwitiya/ros2_humble/install/ros2param:/home/adwitiya/ros2_humble/install/ros2lifecycle:/home/adwitiya/ros2_humble/install/ros2service:/home/adwitiya/ros2_humble/install/ros2run:/home/adwitiya/ros2_humble/install/ros2launch:/home/adwitiya/ros2_humble/install/ros2pkg:/home/adwitiya/ros2_humble/install/ros2node:/home/adwitiya/ros2_humble/install/ros2multicast:/home/adwitiya/ros2_humble/install/ros2interface:/home/adwitiya/ros2_humble/install/ros2doctor:/home/adwitiya/ros2_humble/install/ros2action:/home/adwitiya/ros2_humble/install/ros2cli:/home/adwitiya/ros2_humble/install/quality_of_service_demo_py:/home/adwitiya/ros2_humble/install/lifecycle_py:/home/adwitiya/ros2_humble/install/launch_testing_ros:/home/adwitiya/ros2_humble/install/launch_ros:/home/adwitiya/ros2_humble/install/examples_rclpy_pointcloud_publisher:/home/adwitiya/ros2_humble/install/examples_rclpy_minimal_subscriber:/home/adwitiya/ros2_humble/install/examples_rclpy_minimal_service:/home/adwitiya/ros2_humble/install/examples_rclpy_minimal_publisher:/home/adwitiya/ros2_humble/install/examples_rclpy_minimal_client:/home/adwitiya/ros2_humble/install/examples_rclpy_minimal_action_server:/home/adwitiya/ros2_humble/install/examples_rclpy_minimal_action_client:/home/adwitiya/ros2_humble/install/examples_rclpy_guard_conditions:/home/adwitiya/ros2_humble/install/examples_rclpy_executors:/home/adwitiya/ros2_humble/install/demo_nodes_py:/home/adwitiya/ros2_humble/install/action_tutorials_py:/home/adwitiya/ros2_humble/install/ament_uncrustify:/home/adwitiya/ros2_humble/install/tracetools_trace:/home/adwitiya/ros2_humble/install/tracetools_read:/home/adwitiya/ros2_humble/install/test_tracetools_launch:/home/adwitiya/ros2_humble/install/test_launch_ros:/home/adwitiya/ros2_humble/install/sensor_msgs_py:/home/adwitiya/ros2_humble/install/rpyutils:/home/adwitiya/ros2_humble/install/rosidl_runtime_py:/home/adwitiya/ros2_humble/install/rosidl_cli:/home/adwitiya/ros2_humble/install/launch_pytest:/home/adwitiya/ros2_humble/install/launch_testing:/home/adwitiya/ros2_humble/install/launch_yaml:/home/adwitiya/ros2_humble/install/launch_xml:/home/adwitiya/ros2_humble/install/launch:/home/adwitiya/ros2_humble/install/osrf_pycommon:/home/adwitiya/ros2_humble/install/launch_testing_examples:/home/adwitiya/ros2_humble/install/domain_coordinator:/home/adwitiya/ros2_humble/install/ament_xmllint:/home/adwitiya/ros2_humble/install/ament_pyflakes:/home/adwitiya/ros2_humble/install/ament_pycodestyle:/home/adwitiya/ros2_humble/install/ament_pep257:/home/adwitiya/ros2_humble/install/ament_pclint:/home/adwitiya/ros2_humble/install/ament_package:/home/adwitiya/ros2_humble/install/ament_mypy:/home/adwitiya/ros2_humble/install/ament_lint_cmake:/home/adwitiya/ros2_humble/install/ament_flake8:/home/adwitiya/ros2_humble/install/ament_copyright:/home/adwitiya/ros2_humble/install/ament_lint:/home/adwitiya/ros2_humble/install/ament_index_python:/home/adwitiya/ros2_humble/install/ament_cpplint:/home/adwitiya/ros2_humble/install/ament_cppcheck:/home/adwitiya/ros2_humble/install/ament_clang_tidy:/home/adwitiya/ros2_humble/install/ament_clang_format /usr/bin/cmake --build /home/adwitiya/micro-ros/agent_ws/build/micro_ros_msgs -- -j8 -l8
[6.166s] DEBUG:colcon.colcon_core.event_handler.log_command:Invoked command in '/home/adwitiya/micro-ros/agent_ws/build/micro_ros_msgs' returned '0': CMAKE_PREFIX_PATH=${CMAKE_PREFIX_PATH}:/home/adwitiya/ros2_ws/install/my_robot_controller:/home/adwitiya/ros2_humble/install/rqt_bag_plugins:/home/adwitiya/ros2_humble/install/rqt_bag:/home/adwitiya/ros2_humble/install/ros2bag:/home/adwitiya/ros2_humble/install/tracetools_test:/home/adwitiya/ros2_humble/install/tracetools_launch:/home/adwitiya/ros2_humble/install/topic_monitor:/home/adwitiya/ros2_humble/install/tf2_tools:/home/adwitiya/ros2_humble/install/examples_tf2_py:/home/adwitiya/ros2_humble/install/tf2_ros_py:/home/adwitiya/ros2_humble/install/sros2:/home/adwitiya/ros2_humble/install/rqt_topic:/home/adwitiya/ros2_humble/install/rqt_srv:/home/adwitiya/ros2_humble/install/rqt_shell:/home/adwitiya/ros2_humble/install/rqt_service_caller:/home/adwitiya/ros2_humble/install/rqt_reconfigure:/home/adwitiya/ros2_humble/install/rqt_py_console:/home/adwitiya/ros2_humble/install/rqt_publisher:/home/adwitiya/ros2_humble/install/rqt_plot:/home/adwitiya/ros2_humble/install/rqt_action:/home/adwitiya/ros2_humble/install/rqt_msg:/home/adwitiya/ros2_humble/install/rqt_console:/home/adwitiya/ros2_humble/install/rqt:/home/adwitiya/ros2_humble/install/rqt_graph:/home/adwitiya/ros2_humble/install/rqt_gui_py:/home/adwitiya/ros2_humble/install/rqt_gui:/home/adwitiya/ros2_humble/install/ros2trace:/home/adwitiya/ros2_humble/install/ros2topic:/home/adwitiya/ros2_humble/install/ros2test:/home/adwitiya/ros2_humble/install/ros2component:/home/adwitiya/ros2_humble/install/ros2param:/home/adwitiya/ros2_humble/install/ros2lifecycle:/home/adwitiya/ros2_humble/install/ros2service:/home/adwitiya/ros2_humble/install/ros2run:/home/adwitiya/ros2_humble/install/ros2launch:/home/adwitiya/ros2_humble/install/ros2pkg:/home/adwitiya/ros2_humble/install/ros2node:/home/adwitiya/ros2_humble/install/ros2multicast:/home/adwitiya/ros2_humble/install/ros2interface:/home/adwitiya/ros2_humble/install/ros2doctor:/home/adwitiya/ros2_humble/install/ros2action:/home/adwitiya/ros2_humble/install/ros2cli:/home/adwitiya/ros2_humble/install/quality_of_service_demo_py:/home/adwitiya/ros2_humble/install/lifecycle_py:/home/adwitiya/ros2_humble/install/launch_testing_ros:/home/adwitiya/ros2_humble/install/launch_ros:/home/adwitiya/ros2_humble/install/examples_rclpy_pointcloud_publisher:/home/adwitiya/ros2_humble/install/examples_rclpy_minimal_subscriber:/home/adwitiya/ros2_humble/install/examples_rclpy_minimal_service:/home/adwitiya/ros2_humble/install/examples_rclpy_minimal_publisher:/home/adwitiya/ros2_humble/install/examples_rclpy_minimal_client:/home/adwitiya/ros2_humble/install/examples_rclpy_minimal_action_server:/home/adwitiya/ros2_humble/install/examples_rclpy_minimal_action_client:/home/adwitiya/ros2_humble/install/examples_rclpy_guard_conditions:/home/adwitiya/ros2_humble/install/examples_rclpy_executors:/home/adwitiya/ros2_humble/install/demo_nodes_py:/home/adwitiya/ros2_humble/install/action_tutorials_py:/home/adwitiya/ros2_humble/install/ament_uncrustify:/home/adwitiya/ros2_humble/install/tracetools_trace:/home/adwitiya/ros2_humble/install/tracetools_read:/home/adwitiya/ros2_humble/install/test_tracetools_launch:/home/adwitiya/ros2_humble/install/test_launch_ros:/home/adwitiya/ros2_humble/install/sensor_msgs_py:/home/adwitiya/ros2_humble/install/rpyutils:/home/adwitiya/ros2_humble/install/rosidl_runtime_py:/home/adwitiya/ros2_humble/install/rosidl_cli:/home/adwitiya/ros2_humble/install/launch_pytest:/home/adwitiya/ros2_humble/install/launch_testing:/home/adwitiya/ros2_humble/install/launch_yaml:/home/adwitiya/ros2_humble/install/launch_xml:/home/adwitiya/ros2_humble/install/launch:/home/adwitiya/ros2_humble/install/osrf_pycommon:/home/adwitiya/ros2_humble/install/launch_testing_examples:/home/adwitiya/ros2_humble/install/domain_coordinator:/home/adwitiya/ros2_humble/install/ament_xmllint:/home/adwitiya/ros2_humble/install/ament_pyflakes:/home/adwitiya/ros2_humble/install/ament_pycodestyle:/home/adwitiya/ros2_humble/install/ament_pep257:/home/adwitiya/ros2_humble/install/ament_pclint:/home/adwitiya/ros2_humble/install/ament_package:/home/adwitiya/ros2_humble/install/ament_mypy:/home/adwitiya/ros2_humble/install/ament_lint_cmake:/home/adwitiya/ros2_humble/install/ament_flake8:/home/adwitiya/ros2_humble/install/ament_copyright:/home/adwitiya/ros2_humble/install/ament_lint:/home/adwitiya/ros2_humble/install/ament_index_python:/home/adwitiya/ros2_humble/install/ament_cpplint:/home/adwitiya/ros2_humble/install/ament_cppcheck:/home/adwitiya/ros2_humble/install/ament_clang_tidy:/home/adwitiya/ros2_humble/install/ament_clang_format /usr/bin/cmake --build /home/adwitiya/micro-ros/agent_ws/build/micro_ros_msgs -- -j8 -l8
[6.787s] DEBUG:colcon.colcon_core.event_handler.log_command:Invoking command in '/home/adwitiya/micro-ros/agent_ws/build/micro_ros_msgs': CMAKE_PREFIX_PATH=${CMAKE_PREFIX_PATH}:/home/adwitiya/ros2_ws/install/my_robot_controller:/home/adwitiya/ros2_humble/install/rqt_bag_plugins:/home/adwitiya/ros2_humble/install/rqt_bag:/home/adwitiya/ros2_humble/install/ros2bag:/home/adwitiya/ros2_humble/install/tracetools_test:/home/adwitiya/ros2_humble/install/tracetools_launch:/home/adwitiya/ros2_humble/install/topic_monitor:/home/adwitiya/ros2_humble/install/tf2_tools:/home/adwitiya/ros2_humble/install/examples_tf2_py:/home/adwitiya/ros2_humble/install/tf2_ros_py:/home/adwitiya/ros2_humble/install/sros2:/home/adwitiya/ros2_humble/install/rqt_topic:/home/adwitiya/ros2_humble/install/rqt_srv:/home/adwitiya/ros2_humble/install/rqt_shell:/home/adwitiya/ros2_humble/install/rqt_service_caller:/home/adwitiya/ros2_humble/install/rqt_reconfigure:/home/adwitiya/ros2_humble/install/rqt_py_console:/home/adwitiya/ros2_humble/install/rqt_publisher:/home/adwitiya/ros2_humble/install/rqt_plot:/home/adwitiya/ros2_humble/install/rqt_action:/home/adwitiya/ros2_humble/install/rqt_msg:/home/adwitiya/ros2_humble/install/rqt_console:/home/adwitiya/ros2_humble/install/rqt:/home/adwitiya/ros2_humble/install/rqt_graph:/home/adwitiya/ros2_humble/install/rqt_gui_py:/home/adwitiya/ros2_humble/install/rqt_gui:/home/adwitiya/ros2_humble/install/ros2trace:/home/adwitiya/ros2_humble/install/ros2topic:/home/adwitiya/ros2_humble/install/ros2test:/home/adwitiya/ros2_humble/install/ros2component:/home/adwitiya/ros2_humble/install/ros2param:/home/adwitiya/ros2_humble/install/ros2lifecycle:/home/adwitiya/ros2_humble/install/ros2service:/home/adwitiya/ros2_humble/install/ros2run:/home/adwitiya/ros2_humble/install/ros2launch:/home/adwitiya/ros2_humble/install/ros2pkg:/home/adwitiya/ros2_humble/install/ros2node:/home/adwitiya/ros2_humble/install/ros2multicast:/home/adwitiya/ros2_humble/install/ros2interface:/home/adwitiya/ros2_humble/install/ros2doctor:/home/adwitiya/ros2_humble/install/ros2action:/home/adwitiya/ros2_humble/install/ros2cli:/home/adwitiya/ros2_humble/install/quality_of_service_demo_py:/home/adwitiya/ros2_humble/install/lifecycle_py:/home/adwitiya/ros2_humble/install/launch_testing_ros:/home/adwitiya/ros2_humble/install/launch_ros:/home/adwitiya/ros2_humble/install/examples_rclpy_pointcloud_publisher:/home/adwitiya/ros2_humble/install/examples_rclpy_minimal_subscriber:/home/adwitiya/ros2_humble/install/examples_rclpy_minimal_service:/home/adwitiya/ros2_humble/install/examples_rclpy_minimal_publisher:/home/adwitiya/ros2_humble/install/examples_rclpy_minimal_client:/home/adwitiya/ros2_humble/install/examples_rclpy_minimal_action_server:/home/adwitiya/ros2_humble/install/examples_rclpy_minimal_action_client:/home/adwitiya/ros2_humble/install/examples_rclpy_guard_conditions:/home/adwitiya/ros2_humble/install/examples_rclpy_executors:/home/adwitiya/ros2_humble/install/demo_nodes_py:/home/adwitiya/ros2_humble/install/action_tutorials_py:/home/adwitiya/ros2_humble/install/ament_uncrustify:/home/adwitiya/ros2_humble/install/tracetools_trace:/home/adwitiya/ros2_humble/install/tracetools_read:/home/adwitiya/ros2_humble/install/test_tracetools_launch:/home/adwitiya/ros2_humble/install/test_launch_ros:/home/adwitiya/ros2_humble/install/sensor_msgs_py:/home/adwitiya/ros2_humble/install/rpyutils:/home/adwitiya/ros2_humble/install/rosidl_runtime_py:/home/adwitiya/ros2_humble/install/rosidl_cli:/home/adwitiya/ros2_humble/install/launch_pytest:/home/adwitiya/ros2_humble/install/launch_testing:/home/adwitiya/ros2_humble/install/launch_yaml:/home/adwitiya/ros2_humble/install/launch_xml:/home/adwitiya/ros2_humble/install/launch:/home/adwitiya/ros2_humble/install/osrf_pycommon:/home/adwitiya/ros2_humble/install/launch_testing_examples:/home/adwitiya/ros2_humble/install/domain_coordinator:/home/adwitiya/ros2_humble/install/ament_xmllint:/home/adwitiya/ros2_humble/install/ament_pyflakes:/home/adwitiya/ros2_humble/install/ament_pycodestyle:/home/adwitiya/ros2_humble/install/ament_pep257:/home/adwitiya/ros2_humble/install/ament_pclint:/home/adwitiya/ros2_humble/install/ament_package:/home/adwitiya/ros2_humble/install/ament_mypy:/home/adwitiya/ros2_humble/install/ament_lint_cmake:/home/adwitiya/ros2_humble/install/ament_flake8:/home/adwitiya/ros2_humble/install/ament_copyright:/home/adwitiya/ros2_humble/install/ament_lint:/home/adwitiya/ros2_humble/install/ament_index_python:/home/adwitiya/ros2_humble/install/ament_cpplint:/home/adwitiya/ros2_humble/install/ament_cppcheck:/home/adwitiya/ros2_humble/install/ament_clang_tidy:/home/adwitiya/ros2_humble/install/ament_clang_format /usr/bin/cmake --install /home/adwitiya/micro-ros/agent_ws/build/micro_ros_msgs
[8.060s] Level 1:colcon.colcon_core.environment:create_environment_scripts_only(micro_ros_msgs)
[8.068s] DEBUG:colcon.colcon_core.event_handler.log_command:Invoked command in '/home/adwitiya/micro-ros/agent_ws/build/micro_ros_msgs' returned '0': CMAKE_PREFIX_PATH=${CMAKE_PREFIX_PATH}:/home/adwitiya/ros2_ws/install/my_robot_controller:/home/adwitiya/ros2_humble/install/rqt_bag_plugins:/home/adwitiya/ros2_humble/install/rqt_bag:/home/adwitiya/ros2_humble/install/ros2bag:/home/adwitiya/ros2_humble/install/tracetools_test:/home/adwitiya/ros2_humble/install/tracetools_launch:/home/adwitiya/ros2_humble/install/topic_monitor:/home/adwitiya/ros2_humble/install/tf2_tools:/home/adwitiya/ros2_humble/install/examples_tf2_py:/home/adwitiya/ros2_humble/install/tf2_ros_py:/home/adwitiya/ros2_humble/install/sros2:/home/adwitiya/ros2_humble/install/rqt_topic:/home/adwitiya/ros2_humble/install/rqt_srv:/home/adwitiya/ros2_humble/install/rqt_shell:/home/adwitiya/ros2_humble/install/rqt_service_caller:/home/adwitiya/ros2_humble/install/rqt_reconfigure:/home/adwitiya/ros2_humble/install/rqt_py_console:/home/adwitiya/ros2_humble/install/rqt_publisher:/home/adwitiya/ros2_humble/install/rqt_plot:/home/adwitiya/ros2_humble/install/rqt_action:/home/adwitiya/ros2_humble/install/rqt_msg:/home/adwitiya/ros2_humble/install/rqt_console:/home/adwitiya/ros2_humble/install/rqt:/home/adwitiya/ros2_humble/install/rqt_graph:/home/adwitiya/ros2_humble/install/rqt_gui_py:/home/adwitiya/ros2_humble/install/rqt_gui:/home/adwitiya/ros2_humble/install/ros2trace:/home/adwitiya/ros2_humble/install/ros2topic:/home/adwitiya/ros2_humble/install/ros2test:/home/adwitiya/ros2_humble/install/ros2component:/home/adwitiya/ros2_humble/install/ros2param:/home/adwitiya/ros2_humble/install/ros2lifecycle:/home/adwitiya/ros2_humble/install/ros2service:/home/adwitiya/ros2_humble/install/ros2run:/home/adwitiya/ros2_humble/install/ros2launch:/home/adwitiya/ros2_humble/install/ros2pkg:/home/adwitiya/ros2_humble/install/ros2node:/home/adwitiya/ros2_humble/install/ros2multicast:/home/adwitiya/ros2_humble/install/ros2interface:/home/adwitiya/ros2_humble/install/ros2doctor:/home/adwitiya/ros2_humble/install/ros2action:/home/adwitiya/ros2_humble/install/ros2cli:/home/adwitiya/ros2_humble/install/quality_of_service_demo_py:/home/adwitiya/ros2_humble/install/lifecycle_py:/home/adwitiya/ros2_humble/install/launch_testing_ros:/home/adwitiya/ros2_humble/install/launch_ros:/home/adwitiya/ros2_humble/install/examples_rclpy_pointcloud_publisher:/home/adwitiya/ros2_humble/install/examples_rclpy_minimal_subscriber:/home/adwitiya/ros2_humble/install/examples_rclpy_minimal_service:/home/adwitiya/ros2_humble/install/examples_rclpy_minimal_publisher:/home/adwitiya/ros2_humble/install/examples_rclpy_minimal_client:/home/adwitiya/ros2_humble/install/examples_rclpy_minimal_action_server:/home/adwitiya/ros2_humble/install/examples_rclpy_minimal_action_client:/home/adwitiya/ros2_humble/install/examples_rclpy_guard_conditions:/home/adwitiya/ros2_humble/install/examples_rclpy_executors:/home/adwitiya/ros2_humble/install/demo_nodes_py:/home/adwitiya/ros2_humble/install/action_tutorials_py:/home/adwitiya/ros2_humble/install/ament_uncrustify:/home/adwitiya/ros2_humble/install/tracetools_trace:/home/adwitiya/ros2_humble/install/tracetools_read:/home/adwitiya/ros2_humble/install/test_tracetools_launch:/home/adwitiya/ros2_humble/install/test_launch_ros:/home/adwitiya/ros2_humble/install/sensor_msgs_py:/home/adwitiya/ros2_humble/install/rpyutils:/home/adwitiya/ros2_humble/install/rosidl_runtime_py:/home/adwitiya/ros2_humble/install/rosidl_cli:/home/adwitiya/ros2_humble/install/launch_pytest:/home/adwitiya/ros2_humble/install/launch_testing:/home/adwitiya/ros2_humble/install/launch_yaml:/home/adwitiya/ros2_humble/install/launch_xml:/home/adwitiya/ros2_humble/install/launch:/home/adwitiya/ros2_humble/install/osrf_pycommon:/home/adwitiya/ros2_humble/install/launch_testing_examples:/home/adwitiya/ros2_humble/install/domain_coordinator:/home/adwitiya/ros2_humble/install/ament_xmllint:/home/adwitiya/ros2_humble/install/ament_pyflakes:/home/adwitiya/ros2_humble/install/ament_pycodestyle:/home/adwitiya/ros2_humble/install/ament_pep257:/home/adwitiya/ros2_humble/install/ament_pclint:/home/adwitiya/ros2_humble/install/ament_package:/home/adwitiya/ros2_humble/install/ament_mypy:/home/adwitiya/ros2_humble/install/ament_lint_cmake:/home/adwitiya/ros2_humble/install/ament_flake8:/home/adwitiya/ros2_humble/install/ament_copyright:/home/adwitiya/ros2_humble/install/ament_lint:/home/adwitiya/ros2_humble/install/ament_index_python:/home/adwitiya/ros2_humble/install/ament_cpplint:/home/adwitiya/ros2_humble/install/ament_cppcheck:/home/adwitiya/ros2_humble/install/ament_clang_tidy:/home/adwitiya/ros2_humble/install/ament_clang_format /usr/bin/cmake --install /home/adwitiya/micro-ros/agent_ws/build/micro_ros_msgs
[8.089s] Level 1:colcon.colcon_core.environment:checking '/home/adwitiya/micro-ros/agent_ws/install/micro_ros_msgs' for CMake module files
[8.089s] Level 1:colcon.colcon_core.environment:checking '/home/adwitiya/micro-ros/agent_ws/install/micro_ros_msgs' for CMake config files
[8.090s] Level 1:colcon.colcon_core.shell:create_environment_hook('micro_ros_msgs', 'cmake_prefix_path')
[8.096s] INFO:colcon.colcon_core.shell:Creating environment hook '/home/adwitiya/micro-ros/agent_ws/install/micro_ros_msgs/share/micro_ros_msgs/hook/cmake_prefix_path.ps1'
[8.097s] INFO:colcon.colcon_core.shell:Creating environment descriptor '/home/adwitiya/micro-ros/agent_ws/install/micro_ros_msgs/share/micro_ros_msgs/hook/cmake_prefix_path.dsv'
[8.098s] INFO:colcon.colcon_core.shell:Creating environment hook '/home/adwitiya/micro-ros/agent_ws/install/micro_ros_msgs/share/micro_ros_msgs/hook/cmake_prefix_path.sh'
[8.100s] Level 1:colcon.colcon_core.environment:checking '/home/adwitiya/micro-ros/agent_ws/install/micro_ros_msgs/lib'
[8.100s] Level 1:colcon.colcon_core.shell:create_environment_hook('micro_ros_msgs', 'ld_library_path_lib')
[8.107s] INFO:colcon.colcon_core.shell:Creating environment hook '/home/adwitiya/micro-ros/agent_ws/install/micro_ros_msgs/share/micro_ros_msgs/hook/ld_library_path_lib.ps1'
[8.108s] INFO:colcon.colcon_core.shell:Creating environment descriptor '/home/adwitiya/micro-ros/agent_ws/install/micro_ros_msgs/share/micro_ros_msgs/hook/ld_library_path_lib.dsv'
[8.108s] INFO:colcon.colcon_core.shell:Creating environment hook '/home/adwitiya/micro-ros/agent_ws/install/micro_ros_msgs/share/micro_ros_msgs/hook/ld_library_path_lib.sh'
[8.109s] Level 1:colcon.colcon_core.environment:checking '/home/adwitiya/micro-ros/agent_ws/install/micro_ros_msgs/bin'
[8.109s] Level 1:colcon.colcon_core.environment:checking '/home/adwitiya/micro-ros/agent_ws/install/micro_ros_msgs/lib/pkgconfig/micro_ros_msgs.pc'
[8.113s] Level 1:colcon.colcon_core.environment:checking '/home/adwitiya/micro-ros/agent_ws/install/micro_ros_msgs/lib/python3.8/site-packages'
[8.113s] Level 1:colcon.colcon_core.shell:create_environment_hook('micro_ros_msgs', 'pythonpath')
[8.119s] INFO:colcon.colcon_core.shell:Creating environment hook '/home/adwitiya/micro-ros/agent_ws/install/micro_ros_msgs/share/micro_ros_msgs/hook/pythonpath.ps1'
[8.120s] INFO:colcon.colcon_core.shell:Creating environment descriptor '/home/adwitiya/micro-ros/agent_ws/install/micro_ros_msgs/share/micro_ros_msgs/hook/pythonpath.dsv'
[8.120s] INFO:colcon.colcon_core.shell:Creating environment hook '/home/adwitiya/micro-ros/agent_ws/install/micro_ros_msgs/share/micro_ros_msgs/hook/pythonpath.sh'
[8.121s] Level 1:colcon.colcon_core.environment:checking '/home/adwitiya/micro-ros/agent_ws/install/micro_ros_msgs/bin'
[8.126s] INFO:colcon.colcon_core.shell:Creating package script '/home/adwitiya/micro-ros/agent_ws/install/micro_ros_msgs/share/micro_ros_msgs/package.ps1'
[8.127s] INFO:colcon.colcon_core.shell:Creating package descriptor '/home/adwitiya/micro-ros/agent_ws/install/micro_ros_msgs/share/micro_ros_msgs/package.dsv'
[8.128s] INFO:colcon.colcon_core.shell:Creating package script '/home/adwitiya/micro-ros/agent_ws/install/micro_ros_msgs/share/micro_ros_msgs/package.sh'
[8.129s] INFO:colcon.colcon_core.shell:Creating package script '/home/adwitiya/micro-ros/agent_ws/install/micro_ros_msgs/share/micro_ros_msgs/package.bash'
[8.130s] INFO:colcon.colcon_core.shell:Creating package script '/home/adwitiya/micro-ros/agent_ws/install/micro_ros_msgs/share/micro_ros_msgs/package.zsh'
[8.131s] Level 1:colcon.colcon_core.environment:create_file_with_runtime_dependencies(/home/adwitiya/micro-ros/agent_ws/install/micro_ros_msgs/share/colcon-core/packages/micro_ros_msgs)
[8.735s] Level 1:colcon.colcon_core.environment:create_environment_scripts_only(micro_ros_msgs)
[8.744s] Level 1:colcon.colcon_core.environment:checking '/home/adwitiya/micro-ros/agent_ws/install/micro_ros_msgs' for CMake module files
[8.745s] Level 1:colcon.colcon_core.environment:checking '/home/adwitiya/micro-ros/agent_ws/install/micro_ros_msgs' for CMake config files
[8.745s] Level 1:colcon.colcon_core.shell:create_environment_hook('micro_ros_msgs', 'cmake_prefix_path')
[8.751s] INFO:colcon.colcon_core.shell:Creating environment hook '/home/adwitiya/micro-ros/agent_ws/install/micro_ros_msgs/share/micro_ros_msgs/hook/cmake_prefix_path.ps1'
[8.752s] INFO:colcon.colcon_core.shell:Creating environment descriptor '/home/adwitiya/micro-ros/agent_ws/install/micro_ros_msgs/share/micro_ros_msgs/hook/cmake_prefix_path.dsv'
[8.752s] INFO:colcon.colcon_core.shell:Creating environment hook '/home/adwitiya/micro-ros/agent_ws/install/micro_ros_msgs/share/micro_ros_msgs/hook/cmake_prefix_path.sh'
[8.753s] Level 1:colcon.colcon_core.environment:checking '/home/adwitiya/micro-ros/agent_ws/install/micro_ros_msgs/lib'
[8.753s] Level 1:colcon.colcon_core.shell:create_environment_hook('micro_ros_msgs', 'ld_library_path_lib')
[8.758s] INFO:colcon.colcon_core.shell:Creating environment hook '/home/adwitiya/micro-ros/agent_ws/install/micro_ros_msgs/share/micro_ros_msgs/hook/ld_library_path_lib.ps1'
[8.759s] INFO:colcon.colcon_core.shell:Creating environment descriptor '/home/adwitiya/micro-ros/agent_ws/install/micro_ros_msgs/share/micro_ros_msgs/hook/ld_library_path_lib.dsv'
[8.759s] INFO:colcon.colcon_core.shell:Creating environment hook '/home/adwitiya/micro-ros/agent_ws/install/micro_ros_msgs/share/micro_ros_msgs/hook/ld_library_path_lib.sh'
[8.760s] Level 1:colcon.colcon_core.environment:checking '/home/adwitiya/micro-ros/agent_ws/install/micro_ros_msgs/bin'
[8.760s] Level 1:colcon.colcon_core.environment:checking '/home/adwitiya/micro-ros/agent_ws/install/micro_ros_msgs/lib/pkgconfig/micro_ros_msgs.pc'
[8.760s] Level 1:colcon.colcon_core.environment:checking '/home/adwitiya/micro-ros/agent_ws/install/micro_ros_msgs/lib/python3.8/site-packages'
[8.760s] Level 1:colcon.colcon_core.shell:create_environment_hook('micro_ros_msgs', 'pythonpath')
[8.765s] INFO:colcon.colcon_core.shell:Creating environment hook '/home/adwitiya/micro-ros/agent_ws/install/micro_ros_msgs/share/micro_ros_msgs/hook/pythonpath.ps1'
[8.766s] INFO:colcon.colcon_core.shell:Creating environment descriptor '/home/adwitiya/micro-ros/agent_ws/install/micro_ros_msgs/share/micro_ros_msgs/hook/pythonpath.dsv'
[8.766s] INFO:colcon.colcon_core.shell:Creating environment hook '/home/adwitiya/micro-ros/agent_ws/install/micro_ros_msgs/share/micro_ros_msgs/hook/pythonpath.sh'
[8.767s] Level 1:colcon.colcon_core.environment:checking '/home/adwitiya/micro-ros/agent_ws/install/micro_ros_msgs/bin'
[8.780s] INFO:colcon.colcon_core.shell:Creating package script '/home/adwitiya/micro-ros/agent_ws/install/micro_ros_msgs/share/micro_ros_msgs/package.ps1'
[8.781s] INFO:colcon.colcon_core.shell:Creating package descriptor '/home/adwitiya/micro-ros/agent_ws/install/micro_ros_msgs/share/micro_ros_msgs/package.dsv'
[8.781s] INFO:colcon.colcon_core.shell:Creating package script '/home/adwitiya/micro-ros/agent_ws/install/micro_ros_msgs/share/micro_ros_msgs/package.sh'
[8.782s] INFO:colcon.colcon_core.shell:Creating package script '/home/adwitiya/micro-ros/agent_ws/install/micro_ros_msgs/share/micro_ros_msgs/package.bash'
[8.782s] INFO:colcon.colcon_core.shell:Creating package script '/home/adwitiya/micro-ros/agent_ws/install/micro_ros_msgs/share/micro_ros_msgs/package.zsh'
[8.783s] Level 1:colcon.colcon_core.environment:create_file_with_runtime_dependencies(/home/adwitiya/micro-ros/agent_ws/install/micro_ros_msgs/share/colcon-core/packages/micro_ros_msgs)
[8.783s] INFO:colcon.colcon_ros.task.ament_cmake.build:Building ROS package in '/home/adwitiya/micro-ros/agent_ws/src/uros/micro-ROS-Agent/micro_ros_agent' with build type 'ament_cmake'
[8.783s] INFO:colcon.colcon_cmake.task.cmake.build:Building CMake package in '/home/adwitiya/micro-ros/agent_ws/src/uros/micro-ROS-Agent/micro_ros_agent'
[8.789s] INFO:colcon.colcon_core.shell:Skip shell extension 'powershell' for command environment: Not usable outside of PowerShell
[8.789s] DEBUG:colcon.colcon_core.shell:Skip shell extension 'dsv' for command environment
[8.955s] DEBUG:colcon.colcon_core.event_handler.log_command:Invoking command in '/home/adwitiya/micro-ros/agent_ws/build/micro_ros_agent': AMENT_PREFIX_PATH=/home/adwitiya/micro-ros/agent_ws/install/micro_ros_msgs:${AMENT_PREFIX_PATH} CMAKE_PREFIX_PATH=/home/adwitiya/micro-ros/agent_ws/install/micro_ros_msgs:/home/adwitiya/micro-ros/agent_ws/install/micro_ros_setup:/home/adwitiya/ros2_humble/install/rosbag2_storage_mcap:/home/adwitiya/ros2_humble/install/rosbag2:/home/adwitiya/ros2_humble/install/rosbag2_compression_zstd:/home/adwitiya/ros2_humble/install/mcap_vendor:/home/adwitiya/ros2_humble/install/zstd_vendor:/home/adwitiya/ros2_humble/install/rviz_visual_testing_framework:/home/adwitiya/ros2_humble/install/rviz2:/home/adwitiya/ros2_humble/install/rviz_default_plugins:/home/adwitiya/ros2_humble/install/rviz_common:/home/adwitiya/ros2_humble/install/rosbag2_py:/home/adwitiya/ros2_humble/install/rosbag2_transport:/home/adwitiya/ros2_humble/install/rosbag2_performance_benchmarking:/home/adwitiya/ros2_humble/install/rosbag2_compression:/home/adwitiya/ros2_humble/install/rosbag2_cpp:/home/adwitiya/ros2_humble/install/rosbag2_storage_default_plugins:/home/adwitiya/ros2_humble/install/rosbag2_storage:/home/adwitiya/ros2_humble/install/image_common:/home/adwitiya/ros2_humble/install/camera_info_manager:/home/adwitiya/ros2_humble/install/camera_calibration_parsers:/home/adwitiya/ros2_humble/install/yaml_cpp_vendor:/home/adwitiya/ros2_humble/install/interactive_markers:/home/adwitiya/ros2_humble/install/common_interfaces:/home/adwitiya/ros2_humble/install/visualization_msgs:/home/adwitiya/ros2_humble/install/dummy_robot_bringup:/home/adwitiya/ros2_humble/install/robot_state_publisher:/home/adwitiya/ros2_humble/install/kdl_parser:/home/adwitiya/ros2_humble/install/urdf:/home/adwitiya/ros2_humble/install/urdfdom:/home/adwitiya/ros2_humble/install/urdf_parser_plugin:/home/adwitiya/ros2_humble/install/urdfdom_headers:/home/adwitiya/ros2_humble/install/turtlesim:/home/adwitiya/ros2_humble/install/geometry2:/home/adwitiya/ros2_humble/install/tf2_sensor_msgs:/home/adwitiya/ros2_humble/install/test_tf2:/home/adwitiya/ros2_humble/install/tf2_kdl:/home/adwitiya/ros2_humble/install/tf2_geometry_msgs:/home/adwitiya/ros2_humble/install/tf2_eigen:/home/adwitiya/ros2_humble/install/tf2_bullet:/home/adwitiya/ros2_humble/install/tf2_ros:/home/adwitiya/ros2_humble/install/tf2_py:/home/adwitiya/ros2_humble/install/tf2_msgs:/home/adwitiya/ros2_humble/install/test_msgs:/home/adwitiya/ros2_humble/install/sros2_cmake:/home/adwitiya/ros2_humble/install/ros2cli_common_extensions:/home/adwitiya/ros2_humble/install/rqt_py_common:/home/adwitiya/ros2_humble/install/ros_testing:/home/adwitiya/ros2_humble/install/ros2cli_test_interfaces:/home/adwitiya/ros2_humble/install/quality_of_service_demo_cpp:/home/adwitiya/ros2_humble/install/image_transport:/home/adwitiya/ros2_humble/install/message_filters:/home/adwitiya/ros2_humble/install/demo_nodes_cpp:/home/adwitiya/ros2_humble/install/composition:/home/adwitiya/ros2_humble/install/laser_geometry:/home/adwitiya/ros2_humble/install/rclpy:/home/adwitiya/ros2_humble/install/examples_rclcpp_minimal_action_server:/home/adwitiya/ros2_humble/install/examples_rclcpp_minimal_action_client:/home/adwitiya/ros2_humble/install/action_tutorials_cpp:/home/adwitiya/ros2_humble/install/rclcpp_action:/home/adwitiya/ros2_humble/install/rcl_action:/home/adwitiya/ros2_humble/install/examples_rclcpp_wait_set:/home/adwitiya/ros2_humble/install/examples_rclcpp_minimal_service:/home/adwitiya/ros2_humble/install/examples_rclcpp_minimal_client:/home/adwitiya/ros2_humble/install/examples_rclcpp_async_client:/home/adwitiya/ros2_humble/install/example_interfaces:/home/adwitiya/ros2_humble/install/action_tutorials_interfaces:/home/adwitiya/ros2_humble/install/action_msgs:/home/adwitiya/ros2_humble/install/unique_identifier_msgs:/home/adwitiya/ros2_humble/install/ament_lint_common:/home/adwitiya/ros2_humble/install/ament_cmake_uncrustify:/home/adwitiya/ros2_humble/install/uncrustify_vendor:/home/adwitiya/ros2_humble/install/trajectory_msgs:/home/adwitiya/ros2_humble/install/topic_statistics_demo:/home/adwitiya/ros2_humble/install/pendulum_control:/home/adwitiya/ros2_humble/install/tlsf_cpp:/home/adwitiya/ros2_humble/install/test_tracetools:/home/adwitiya/ros2_humble/install/rqt_gui_cpp:/home/adwitiya/ros2_humble/install/rosbag2_test_common:/home/adwitiya/ros2_humble/install/ros2lifecycle_test_fixtures:/home/adwitiya/ros2_humble/install/lifecycle:/home/adwitiya/ros2_humble/install/rclcpp_lifecycle:/home/adwitiya/ros2_humble/install/logging_demo:/home/adwitiya/ros2_humble/install/image_tools:/home/adwitiya/ros2_humble/install/examples_rclcpp_minimal_subscriber:/home/adwitiya/ros2_humble/install/examples_rclcpp_minimal_composition:/home/adwitiya/ros2_humble/install/demo_nodes_cpp_native:/home/adwitiya/ros2_humble/install/rclcpp_components:/home/adwitiya/ros2_humble/install/intra_process_demo:/home/adwitiya/ros2_humble/install/examples_rclcpp_multithreaded_executor:/home/adwitiya/ros2_humble/install/examples_rclcpp_minimal_timer:/home/adwitiya/ros2_humble/install/examples_rclcpp_minimal_publisher:/home/adwitiya/ros2_humble/install/examples_rclcpp_cbg_executor:/home/adwitiya/ros2_humble/install/dummy_sensors:/home/adwitiya/ros2_humble/install/dummy_map_server:/home/adwitiya/ros2_humble/install/rclcpp:/home/adwitiya/ros2_humble/install/rcl_lifecycle:/home/adwitiya/ros2_humble/install/libstatistics_collector:/home/adwitiya/ros2_humble/install/rcl:/home/adwitiya/ros2_humble/install/rmw_implementation:/home/adwitiya/ros2_humble/install/rmw_fastrtps_dynamic_cpp:/home/adwitiya/ros2_humble/install/rmw_fastrtps_cpp:/home/adwitiya/ros2_humble/install/rmw_fastrtps_shared_cpp:/home/adwitiya/ros2_humble/install/rmw_cyclonedds_cpp:/home/adwitiya/ros2_humble/install/tracetools:/home/adwitiya/ros2_humble/install/tlsf:/home/adwitiya/ros2_humble/install/tinyxml_vendor:/home/adwitiya/ros2_humble/install/qt_gui_core:/home/adwitiya/ros2_humble/install/qt_gui_cpp:/home/adwitiya/ros2_humble/install/pluginlib:/home/adwitiya/ros2_humble/install/tinyxml2_vendor:/home/adwitiya/ros2_humble/install/tf2_eigen_kdl:/home/adwitiya/ros2_humble/install/tf2:/home/adwitiya/ros2_humble/install/test_security:/home/adwitiya/ros2_humble/install/test_rmw_implementation:/home/adwitiya/ros2_humble/install/test_rclcpp:/home/adwitiya/ros2_humble/install/test_quality_of_service:/home/adwitiya/ros2_humble/install/test_launch_testing:/home/adwitiya/ros2_humble/install/test_interface_files:/home/adwitiya/ros2_humble/install/test_communication:/home/adwitiya/ros2_humble/install/test_cli_remapping:/home/adwitiya/ros2_humble/install/test_cli:/home/adwitiya/ros2_humble/install/qt_gui_app:/home/adwitiya/ros2_humble/install/qt_gui:/home/adwitiya/ros2_humble/install/tango_icons_vendor:/home/adwitiya/ros2_humble/install/stereo_msgs:/home/adwitiya/ros2_humble/install/std_srvs:/home/adwitiya/ros2_humble/install/shape_msgs:/home/adwitiya/ros2_humble/install/map_msgs:/home/adwitiya/ros2_humble/install/sensor_msgs:/home/adwitiya/ros2_humble/install/nav_msgs:/home/adwitiya/ros2_humble/install/diagnostic_msgs:/home/adwitiya/ros2_humble/install/geometry_msgs:/home/adwitiya/ros2_humble/install/actionlib_msgs:/home/adwitiya/ros2_humble/install/std_msgs:/home/adwitiya/ros2_humble/install/statistics_msgs:/home/adwitiya/ros2_humble/install/sqlite3_vendor:/home/adwitiya/ros2_humble/install/rcl_logging_spdlog:/home/adwitiya/ros2_humble/install/spdlog_vendor:/home/adwitiya/ros2_humble/install/shared_queues_vendor:/home/adwitiya/ros2_humble/install/rviz_rendering_tests:/home/adwitiya/ros2_humble/install/rviz_rendering:/home/adwitiya/ros2_humble/install/rviz_ogre_vendor:/home/adwitiya/ros2_humble/install/rviz_assimp_vendor:/home/adwitiya/ros2_humble/install/rttest:/home/adwitiya/ros2_humble/install/rmw_connextddsmicro:/home/adwitiya/ros2_humble/install/rmw_connextdds:/home/adwitiya/ros2_humble/install/rmw_connextdds_common:/home/adwitiya/ros2_humble/install/rti_connext_dds_cmake_module:/home/adwitiya/ros2_humble/install/rosgraph_msgs:/home/adwitiya/ros2_humble/install/rosbag2_interfaces:/home/adwitiya/ros2_humble/install/rmw_dds_common:/home/adwitiya/ros2_humble/install/composition_interfaces:/home/adwitiya/ros2_humble/install/rcl_interfaces:/home/adwitiya/ros2_humble/install/pendulum_msgs:/home/adwitiya/ros2_humble/install/lifecycle_msgs:/home/adwitiya/ros2_humble/install/builtin_interfaces:/home/adwitiya/ros2_humble/install/rosidl_default_runtime:/home/adwitiya/ros2_humble/install/rosidl_default_generators:/home/adwitiya/ros2_humble/install/rosidl_generator_py:/home/adwitiya/ros2_humble/install/rosidl_typesupport_introspection_tests:/home/adwitiya/ros2_humble/install/rosidl_typesupport_cpp:/home/adwitiya/ros2_humble/install/rosidl_typesupport_introspection_cpp:/home/adwitiya/ros2_humble/install/rosidl_typesupport_c:/home/adwitiya/ros2_humble/install/rosidl_typesupport_introspection_c:/home/adwitiya/ros2_humble/install/rosidl_typesupport_fastrtps_c:/home/adwitiya/ros2_humble/install/rosidl_typesupport_fastrtps_cpp:/home/adwitiya/ros2_humble/install/rosidl_generator_cpp:/home/adwitiya/ros2_humble/install/rosidl_runtime_cpp:/home/adwitiya/ros2_humble/install/rcl_yaml_param_parser:/home/adwitiya/ros2_humble/install/rmw:/home/adwitiya/ros2_humble/install/rosidl_runtime_c:/home/adwitiya/ros2_humble/install/rosidl_generator_c:/home/adwitiya/ros2_humble/install/rosidl_typesupport_interface:/home/adwitiya/ros2_humble/install/rosidl_generator_dds_idl:/home/adwitiya/ros2_humble/install/rosidl_cmake:/home/adwitiya/ros2_humble/install/rosidl_parser:/home/adwitiya/ros2_humble/install/rosidl_adapter:/home/adwitiya/ros2_humble/install/rosbag2_tests:/home/adwitiya/ros2_humble/install/rosbag2_storage_mcap_testdata:/home/adwitiya/ros2_humble/install/ros_environment:/home/adwitiya/ros2_humble/install/rmw_implementation_cmake:/home/adwitiya/ros2_humble/install/resource_retriever:/home/adwitiya/ros2_humble/install/class_loader:/home/adwitiya/ros2_humble/install/rcpputils:/home/adwitiya/ros2_humble/install/rcl_logging_noop:/home/adwitiya/ros2_humble/install/rcl_logging_interface:/home/adwitiya/ros2_humble/install/rcutils:/home/adwitiya/ros2_humble/install/qt_gui_py_common:/home/adwitiya/ros2_humble/install/qt_dotgraph:/home/adwitiya/ros2_humble/install/python_qt_binding:/home/adwitiya/ros2_humble/install/python_orocos_kdl_vendor:/home/adwitiya/ros2_humble/install/launch_testing_ament_cmake:/home/adwitiya/ros2_humble/install/python_cmake_module:/home/adwitiya/ros2_humble/install/pybind11_vendor:/home/adwitiya/ros2_humble/install/performance_test_fixture:/home/adwitiya/ros2_humble/install/osrf_testing_tools_cpp:/home/adwitiya/ros2_humble/install/orocos_kdl_vendor:/home/adwitiya/ros2_humble/install/mimick_vendor:/home/adwitiya/ros2_humble/install/libyaml_vendor:/home/adwitiya/ros2_humble/install/libcurl_vendor:/home/adwitiya/ros2_humble/install/keyboard_handler:/home/adwitiya/ros2_humble/install/cyclonedds:/home/adwitiya/ros2_humble/install/iceoryx_posh:/home/adwitiya/ros2_humble/install/iceoryx_hoofs:/home/adwitiya/ros2_humble/install/iceoryx_binding_c:/home/adwitiya/ros2_humble/install/ament_cmake_ros:/home/adwitiya/ros2_humble/install/ament_cmake_gmock:/home/adwitiya/ros2_humble/install/gmock_vendor:/home/adwitiya/ros2_humble/install/ament_cmake_auto:/home/adwitiya/ros2_humble/install/ament_cmake_gtest:/home/adwitiya/ros2_humble/install/gtest_vendor:/home/adwitiya/ros2_humble/install/ament_cmake_google_benchmark:/home/adwitiya/ros2_humble/install/google_benchmark_vendor:/home/adwitiya/ros2_humble/install/fastrtps:/home/adwitiya/ros2_humble/install/foonathan_memory_vendor:/home/adwitiya/ros2_humble/install/fastrtps_cmake_module:/home/adwitiya/ros2_humble/install/fastcdr:/home/adwitiya/ros2_humble/install/eigen3_cmake_module:/home/adwitiya/ros2_humble/install/console_bridge_vendor:/home/adwitiya/ros2_humble/install/ament_cmake_xmllint:/home/adwitiya/ros2_humble/install/ament_cmake_pyflakes:/home/adwitiya/ros2_humble/install/ament_cmake_pycodestyle:/home/adwitiya/ros2_humble/install/ament_cmake_pep257:/home/adwitiya/ros2_humble/install/ament_cmake_pclint:/home/adwitiya/ros2_humble/install/ament_lint_auto:/home/adwitiya/ros2_humble/install/ament_cmake:/home/adwitiya/ros2_humble/install/ament_cmake_version:/home/adwitiya/ros2_humble/install/ament_cmake_pytest:/home/adwitiya/ros2_humble/install/ament_cmake_nose:/home/adwitiya/ros2_humble/install/ament_cmake_mypy:/home/adwitiya/ros2_humble/install/ament_cmake_lint_cmake:/home/adwitiya/ros2_humble/install/ament_cmake_flake8:/home/adwitiya/ros2_humble/install/ament_cmake_cpplint:/home/adwitiya/ros2_humble/install/ament_cmake_cppcheck:/home/adwitiya/ros2_humble/install/ament_cmake_copyright:/home/adwitiya/ros2_humble/install/ament_cmake_clang_tidy:/home/adwitiya/ros2_humble/install/ament_cmake_clang_format:/home/adwitiya/ros2_humble/install/ament_cmake_test:/home/adwitiya/ros2_humble/install/ament_cmake_target_dependencies:/home/adwitiya/ros2_humble/install/ament_cmake_python:/home/adwitiya/ros2_humble/install/ament_cmake_export_dependencies:/home/adwitiya/ros2_humble/install/ament_cmake_libraries:/home/adwitiya/ros2_humble/install/ament_cmake_include_directories:/home/adwitiya/ros2_humble/install/ament_cmake_gen_version_h:/home/adwitiya/ros2_humble/install/ament_cmake_export_targets:/home/adwitiya/ros2_humble/install/ament_cmake_export_link_flags:/home/adwitiya/ros2_humble/install/ament_cmake_export_interfaces:/home/adwitiya/ros2_humble/install/ament_cmake_export_libraries:/home/adwitiya/ros2_humble/install/ament_cmake_export_include_directories:/home/adwitiya/ros2_humble/install/ament_cmake_export_definitions:/home/adwitiya/ros2_humble/install/ament_cmake_core:/home/adwitiya/ros2_humble/install/ament_index_cpp:/home/adwitiya/ros2_ws/install/my_robot_controller:/home/adwitiya/ros2_humble/install/rqt_bag_plugins:/home/adwitiya/ros2_humble/install/rqt_bag:/home/adwitiya/ros2_humble/install/ros2bag:/home/adwitiya/ros2_humble/install/tracetools_test:/home/adwitiya/ros2_humble/install/tracetools_launch:/home/adwitiya/ros2_humble/install/topic_monitor:/home/adwitiya/ros2_humble/install/tf2_tools:/home/adwitiya/ros2_humble/install/examples_tf2_py:/home/adwitiya/ros2_humble/install/tf2_ros_py:/home/adwitiya/ros2_humble/install/sros2:/home/adwitiya/ros2_humble/install/rqt_topic:/home/adwitiya/ros2_humble/install/rqt_srv:/home/adwitiya/ros2_humble/install/rqt_shell:/home/adwitiya/ros2_humble/install/rqt_service_caller:/home/adwitiya/ros2_humble/install/rqt_reconfigure:/home/adwitiya/ros2_humble/install/rqt_py_console:/home/adwitiya/ros2_humble/install/rqt_publisher:/home/adwitiya/ros2_humble/install/rqt_plot:/home/adwitiya/ros2_humble/install/rqt_action:/home/adwitiya/ros2_humble/install/rqt_msg:/home/adwitiya/ros2_humble/install/rqt_console:/home/adwitiya/ros2_humble/install/rqt:/home/adwitiya/ros2_humble/install/rqt_graph:/home/adwitiya/ros2_humble/install/rqt_gui_py:/home/adwitiya/ros2_humble/install/rqt_gui:/home/adwitiya/ros2_humble/install/ros2trace:/home/adwitiya/ros2_humble/install/ros2topic:/home/adwitiya/ros2_humble/install/ros2test:/home/adwitiya/ros2_humble/install/ros2component:/home/adwitiya/ros2_humble/install/ros2param:/home/adwitiya/ros2_humble/install/ros2lifecycle:/home/adwitiya/ros2_humble/install/ros2service:/home/adwitiya/ros2_humble/install/ros2run:/home/adwitiya/ros2_humble/install/ros2launch:/home/adwitiya/ros2_humble/install/ros2pkg:/home/adwitiya/ros2_humble/install/ros2node:/home/adwitiya/ros2_humble/install/ros2multicast:/home/adwitiya/ros2_humble/install/ros2interface:/home/adwitiya/ros2_humble/install/ros2doctor:/home/adwitiya/ros2_humble/install/ros2action:/home/adwitiya/ros2_humble/install/ros2cli:/home/adwitiya/ros2_humble/install/quality_of_service_demo_py:/home/adwitiya/ros2_humble/install/lifecycle_py:/home/adwitiya/ros2_humble/install/launch_testing_ros:/home/adwitiya/ros2_humble/install/launch_ros:/home/adwitiya/ros2_humble/install/examples_rclpy_pointcloud_publisher:/home/adwitiya/ros2_humble/install/examples_rclpy_minimal_subscriber:/home/adwitiya/ros2_humble/install/examples_rclpy_minimal_service:/home/adwitiya/ros2_humble/install/examples_rclpy_minimal_publisher:/home/adwitiya/ros2_humble/install/examples_rclpy_minimal_client:/home/adwitiya/ros2_humble/install/examples_rclpy_minimal_action_server:/home/adwitiya/ros2_humble/install/examples_rclpy_minimal_action_client:/home/adwitiya/ros2_humble/install/examples_rclpy_guard_conditions:/home/adwitiya/ros2_humble/install/examples_rclpy_executors:/home/adwitiya/ros2_humble/install/demo_nodes_py:/home/adwitiya/ros2_humble/install/action_tutorials_py:/home/adwitiya/ros2_humble/install/ament_uncrustify:/home/adwitiya/ros2_humble/install/tracetools_trace:/home/adwitiya/ros2_humble/install/tracetools_read:/home/adwitiya/ros2_humble/install/test_tracetools_launch:/home/adwitiya/ros2_humble/install/test_launch_ros:/home/adwitiya/ros2_humble/install/sensor_msgs_py:/home/adwitiya/ros2_humble/install/rpyutils:/home/adwitiya/ros2_humble/install/rosidl_runtime_py:/home/adwitiya/ros2_humble/install/rosidl_cli:/home/adwitiya/ros2_humble/install/launch_pytest:/home/adwitiya/ros2_humble/install/launch_testing:/home/adwitiya/ros2_humble/install/launch_yaml:/home/adwitiya/ros2_humble/install/launch_xml:/home/adwitiya/ros2_humble/install/launch:/home/adwitiya/ros2_humble/install/osrf_pycommon:/home/adwitiya/ros2_humble/install/launch_testing_examples:/home/adwitiya/ros2_humble/install/domain_coordinator:/home/adwitiya/ros2_humble/install/ament_xmllint:/home/adwitiya/ros2_humble/install/ament_pyflakes:/home/adwitiya/ros2_humble/install/ament_pycodestyle:/home/adwitiya/ros2_humble/install/ament_pep257:/home/adwitiya/ros2_humble/install/ament_pclint:/home/adwitiya/ros2_humble/install/ament_package:/home/adwitiya/ros2_humble/install/ament_mypy:/home/adwitiya/ros2_humble/install/ament_lint_cmake:/home/adwitiya/ros2_humble/install/ament_flake8:/home/adwitiya/ros2_humble/install/ament_copyright:/home/adwitiya/ros2_humble/install/ament_lint:/home/adwitiya/ros2_humble/install/ament_index_python:/home/adwitiya/ros2_humble/install/ament_cpplint:/home/adwitiya/ros2_humble/install/ament_cppcheck:/home/adwitiya/ros2_humble/install/ament_clang_tidy:/home/adwitiya/ros2_humble/install/ament_clang_format LD_LIBRARY_PATH=/home/adwitiya/micro-ros/agent_ws/install/micro_ros_msgs/lib:${LD_LIBRARY_PATH} PYTHONPATH=/home/adwitiya/micro-ros/agent_ws/install/micro_ros_msgs/lib/python3.8/site-packages:${PYTHONPATH} /usr/bin/cmake --build /home/adwitiya/micro-ros/agent_ws/build/micro_ros_agent -- -j8 -l8
[16.436s] DEBUG:colcon.colcon_core.event_handler.log_command:Invoked command in '/home/adwitiya/micro-ros/agent_ws/build/micro_ros_agent' returned '2': AMENT_PREFIX_PATH=/home/adwitiya/micro-ros/agent_ws/install/micro_ros_msgs:${AMENT_PREFIX_PATH} CMAKE_PREFIX_PATH=/home/adwitiya/micro-ros/agent_ws/install/micro_ros_msgs:/home/adwitiya/micro-ros/agent_ws/install/micro_ros_setup:/home/adwitiya/ros2_humble/install/rosbag2_storage_mcap:/home/adwitiya/ros2_humble/install/rosbag2:/home/adwitiya/ros2_humble/install/rosbag2_compression_zstd:/home/adwitiya/ros2_humble/install/mcap_vendor:/home/adwitiya/ros2_humble/install/zstd_vendor:/home/adwitiya/ros2_humble/install/rviz_visual_testing_framework:/home/adwitiya/ros2_humble/install/rviz2:/home/adwitiya/ros2_humble/install/rviz_default_plugins:/home/adwitiya/ros2_humble/install/rviz_common:/home/adwitiya/ros2_humble/install/rosbag2_py:/home/adwitiya/ros2_humble/install/rosbag2_transport:/home/adwitiya/ros2_humble/install/rosbag2_performance_benchmarking:/home/adwitiya/ros2_humble/install/rosbag2_compression:/home/adwitiya/ros2_humble/install/rosbag2_cpp:/home/adwitiya/ros2_humble/install/rosbag2_storage_default_plugins:/home/adwitiya/ros2_humble/install/rosbag2_storage:/home/adwitiya/ros2_humble/install/image_common:/home/adwitiya/ros2_humble/install/camera_info_manager:/home/adwitiya/ros2_humble/install/camera_calibration_parsers:/home/adwitiya/ros2_humble/install/yaml_cpp_vendor:/home/adwitiya/ros2_humble/install/interactive_markers:/home/adwitiya/ros2_humble/install/common_interfaces:/home/adwitiya/ros2_humble/install/visualization_msgs:/home/adwitiya/ros2_humble/install/dummy_robot_bringup:/home/adwitiya/ros2_humble/install/robot_state_publisher:/home/adwitiya/ros2_humble/install/kdl_parser:/home/adwitiya/ros2_humble/install/urdf:/home/adwitiya/ros2_humble/install/urdfdom:/home/adwitiya/ros2_humble/install/urdf_parser_plugin:/home/adwitiya/ros2_humble/install/urdfdom_headers:/home/adwitiya/ros2_humble/install/turtlesim:/home/adwitiya/ros2_humble/install/geometry2:/home/adwitiya/ros2_humble/install/tf2_sensor_msgs:/home/adwitiya/ros2_humble/install/test_tf2:/home/adwitiya/ros2_humble/install/tf2_kdl:/home/adwitiya/ros2_humble/install/tf2_geometry_msgs:/home/adwitiya/ros2_humble/install/tf2_eigen:/home/adwitiya/ros2_humble/install/tf2_bullet:/home/adwitiya/ros2_humble/install/tf2_ros:/home/adwitiya/ros2_humble/install/tf2_py:/home/adwitiya/ros2_humble/install/tf2_msgs:/home/adwitiya/ros2_humble/install/test_msgs:/home/adwitiya/ros2_humble/install/sros2_cmake:/home/adwitiya/ros2_humble/install/ros2cli_common_extensions:/home/adwitiya/ros2_humble/install/rqt_py_common:/home/adwitiya/ros2_humble/install/ros_testing:/home/adwitiya/ros2_humble/install/ros2cli_test_interfaces:/home/adwitiya/ros2_humble/install/quality_of_service_demo_cpp:/home/adwitiya/ros2_humble/install/image_transport:/home/adwitiya/ros2_humble/install/message_filters:/home/adwitiya/ros2_humble/install/demo_nodes_cpp:/home/adwitiya/ros2_humble/install/composition:/home/adwitiya/ros2_humble/install/laser_geometry:/home/adwitiya/ros2_humble/install/rclpy:/home/adwitiya/ros2_humble/install/examples_rclcpp_minimal_action_server:/home/adwitiya/ros2_humble/install/examples_rclcpp_minimal_action_client:/home/adwitiya/ros2_humble/install/action_tutorials_cpp:/home/adwitiya/ros2_humble/install/rclcpp_action:/home/adwitiya/ros2_humble/install/rcl_action:/home/adwitiya/ros2_humble/install/examples_rclcpp_wait_set:/home/adwitiya/ros2_humble/install/examples_rclcpp_minimal_service:/home/adwitiya/ros2_humble/install/examples_rclcpp_minimal_client:/home/adwitiya/ros2_humble/install/examples_rclcpp_async_client:/home/adwitiya/ros2_humble/install/example_interfaces:/home/adwitiya/ros2_humble/install/action_tutorials_interfaces:/home/adwitiya/ros2_humble/install/action_msgs:/home/adwitiya/ros2_humble/install/unique_identifier_msgs:/home/adwitiya/ros2_humble/install/ament_lint_common:/home/adwitiya/ros2_humble/install/ament_cmake_uncrustify:/home/adwitiya/ros2_humble/install/uncrustify_vendor:/home/adwitiya/ros2_humble/install/trajectory_msgs:/home/adwitiya/ros2_humble/install/topic_statistics_demo:/home/adwitiya/ros2_humble/install/pendulum_control:/home/adwitiya/ros2_humble/install/tlsf_cpp:/home/adwitiya/ros2_humble/install/test_tracetools:/home/adwitiya/ros2_humble/install/rqt_gui_cpp:/home/adwitiya/ros2_humble/install/rosbag2_test_common:/home/adwitiya/ros2_humble/install/ros2lifecycle_test_fixtures:/home/adwitiya/ros2_humble/install/lifecycle:/home/adwitiya/ros2_humble/install/rclcpp_lifecycle:/home/adwitiya/ros2_humble/install/logging_demo:/home/adwitiya/ros2_humble/install/image_tools:/home/adwitiya/ros2_humble/install/examples_rclcpp_minimal_subscriber:/home/adwitiya/ros2_humble/install/examples_rclcpp_minimal_composition:/home/adwitiya/ros2_humble/install/demo_nodes_cpp_native:/home/adwitiya/ros2_humble/install/rclcpp_components:/home/adwitiya/ros2_humble/install/intra_process_demo:/home/adwitiya/ros2_humble/install/examples_rclcpp_multithreaded_executor:/home/adwitiya/ros2_humble/install/examples_rclcpp_minimal_timer:/home/adwitiya/ros2_humble/install/examples_rclcpp_minimal_publisher:/home/adwitiya/ros2_humble/install/examples_rclcpp_cbg_executor:/home/adwitiya/ros2_humble/install/dummy_sensors:/home/adwitiya/ros2_humble/install/dummy_map_server:/home/adwitiya/ros2_humble/install/rclcpp:/home/adwitiya/ros2_humble/install/rcl_lifecycle:/home/adwitiya/ros2_humble/install/libstatistics_collector:/home/adwitiya/ros2_humble/install/rcl:/home/adwitiya/ros2_humble/install/rmw_implementation:/home/adwitiya/ros2_humble/install/rmw_fastrtps_dynamic_cpp:/home/adwitiya/ros2_humble/install/rmw_fastrtps_cpp:/home/adwitiya/ros2_humble/install/rmw_fastrtps_shared_cpp:/home/adwitiya/ros2_humble/install/rmw_cyclonedds_cpp:/home/adwitiya/ros2_humble/install/tracetools:/home/adwitiya/ros2_humble/install/tlsf:/home/adwitiya/ros2_humble/install/tinyxml_vendor:/home/adwitiya/ros2_humble/install/qt_gui_core:/home/adwitiya/ros2_humble/install/qt_gui_cpp:/home/adwitiya/ros2_humble/install/pluginlib:/home/adwitiya/ros2_humble/install/tinyxml2_vendor:/home/adwitiya/ros2_humble/install/tf2_eigen_kdl:/home/adwitiya/ros2_humble/install/tf2:/home/adwitiya/ros2_humble/install/test_security:/home/adwitiya/ros2_humble/install/test_rmw_implementation:/home/adwitiya/ros2_humble/install/test_rclcpp:/home/adwitiya/ros2_humble/install/test_quality_of_service:/home/adwitiya/ros2_humble/install/test_launch_testing:/home/adwitiya/ros2_humble/install/test_interface_files:/home/adwitiya/ros2_humble/install/test_communication:/home/adwitiya/ros2_humble/install/test_cli_remapping:/home/adwitiya/ros2_humble/install/test_cli:/home/adwitiya/ros2_humble/install/qt_gui_app:/home/adwitiya/ros2_humble/install/qt_gui:/home/adwitiya/ros2_humble/install/tango_icons_vendor:/home/adwitiya/ros2_humble/install/stereo_msgs:/home/adwitiya/ros2_humble/install/std_srvs:/home/adwitiya/ros2_humble/install/shape_msgs:/home/adwitiya/ros2_humble/install/map_msgs:/home/adwitiya/ros2_humble/install/sensor_msgs:/home/adwitiya/ros2_humble/install/nav_msgs:/home/adwitiya/ros2_humble/install/diagnostic_msgs:/home/adwitiya/ros2_humble/install/geometry_msgs:/home/adwitiya/ros2_humble/install/actionlib_msgs:/home/adwitiya/ros2_humble/install/std_msgs:/home/adwitiya/ros2_humble/install/statistics_msgs:/home/adwitiya/ros2_humble/install/sqlite3_vendor:/home/adwitiya/ros2_humble/install/rcl_logging_spdlog:/home/adwitiya/ros2_humble/install/spdlog_vendor:/home/adwitiya/ros2_humble/install/shared_queues_vendor:/home/adwitiya/ros2_humble/install/rviz_rendering_tests:/home/adwitiya/ros2_humble/install/rviz_rendering:/home/adwitiya/ros2_humble/install/rviz_ogre_vendor:/home/adwitiya/ros2_humble/install/rviz_assimp_vendor:/home/adwitiya/ros2_humble/install/rttest:/home/adwitiya/ros2_humble/install/rmw_connextddsmicro:/home/adwitiya/ros2_humble/install/rmw_connextdds:/home/adwitiya/ros2_humble/install/rmw_connextdds_common:/home/adwitiya/ros2_humble/install/rti_connext_dds_cmake_module:/home/adwitiya/ros2_humble/install/rosgraph_msgs:/home/adwitiya/ros2_humble/install/rosbag2_interfaces:/home/adwitiya/ros2_humble/install/rmw_dds_common:/home/adwitiya/ros2_humble/install/composition_interfaces:/home/adwitiya/ros2_humble/install/rcl_interfaces:/home/adwitiya/ros2_humble/install/pendulum_msgs:/home/adwitiya/ros2_humble/install/lifecycle_msgs:/home/adwitiya/ros2_humble/install/builtin_interfaces:/home/adwitiya/ros2_humble/install/rosidl_default_runtime:/home/adwitiya/ros2_humble/install/rosidl_default_generators:/home/adwitiya/ros2_humble/install/rosidl_generator_py:/home/adwitiya/ros2_humble/install/rosidl_typesupport_introspection_tests:/home/adwitiya/ros2_humble/install/rosidl_typesupport_cpp:/home/adwitiya/ros2_humble/install/rosidl_typesupport_introspection_cpp:/home/adwitiya/ros2_humble/install/rosidl_typesupport_c:/home/adwitiya/ros2_humble/install/rosidl_typesupport_introspection_c:/home/adwitiya/ros2_humble/install/rosidl_typesupport_fastrtps_c:/home/adwitiya/ros2_humble/install/rosidl_typesupport_fastrtps_cpp:/home/adwitiya/ros2_humble/install/rosidl_generator_cpp:/home/adwitiya/ros2_humble/install/rosidl_runtime_cpp:/home/adwitiya/ros2_humble/install/rcl_yaml_param_parser:/home/adwitiya/ros2_humble/install/rmw:/home/adwitiya/ros2_humble/install/rosidl_runtime_c:/home/adwitiya/ros2_humble/install/rosidl_generator_c:/home/adwitiya/ros2_humble/install/rosidl_typesupport_interface:/home/adwitiya/ros2_humble/install/rosidl_generator_dds_idl:/home/adwitiya/ros2_humble/install/rosidl_cmake:/home/adwitiya/ros2_humble/install/rosidl_parser:/home/adwitiya/ros2_humble/install/rosidl_adapter:/home/adwitiya/ros2_humble/install/rosbag2_tests:/home/adwitiya/ros2_humble/install/rosbag2_storage_mcap_testdata:/home/adwitiya/ros2_humble/install/ros_environment:/home/adwitiya/ros2_humble/install/rmw_implementation_cmake:/home/adwitiya/ros2_humble/install/resource_retriever:/home/adwitiya/ros2_humble/install/class_loader:/home/adwitiya/ros2_humble/install/rcpputils:/home/adwitiya/ros2_humble/install/rcl_logging_noop:/home/adwitiya/ros2_humble/install/rcl_logging_interface:/home/adwitiya/ros2_humble/install/rcutils:/home/adwitiya/ros2_humble/install/qt_gui_py_common:/home/adwitiya/ros2_humble/install/qt_dotgraph:/home/adwitiya/ros2_humble/install/python_qt_binding:/home/adwitiya/ros2_humble/install/python_orocos_kdl_vendor:/home/adwitiya/ros2_humble/install/launch_testing_ament_cmake:/home/adwitiya/ros2_humble/install/python_cmake_module:/home/adwitiya/ros2_humble/install/pybind11_vendor:/home/adwitiya/ros2_humble/install/performance_test_fixture:/home/adwitiya/ros2_humble/install/osrf_testing_tools_cpp:/home/adwitiya/ros2_humble/install/orocos_kdl_vendor:/home/adwitiya/ros2_humble/install/mimick_vendor:/home/adwitiya/ros2_humble/install/libyaml_vendor:/home/adwitiya/ros2_humble/install/libcurl_vendor:/home/adwitiya/ros2_humble/install/keyboard_handler:/home/adwitiya/ros2_humble/install/cyclonedds:/home/adwitiya/ros2_humble/install/iceoryx_posh:/home/adwitiya/ros2_humble/install/iceoryx_hoofs:/home/adwitiya/ros2_humble/install/iceoryx_binding_c:/home/adwitiya/ros2_humble/install/ament_cmake_ros:/home/adwitiya/ros2_humble/install/ament_cmake_gmock:/home/adwitiya/ros2_humble/install/gmock_vendor:/home/adwitiya/ros2_humble/install/ament_cmake_auto:/home/adwitiya/ros2_humble/install/ament_cmake_gtest:/home/adwitiya/ros2_humble/install/gtest_vendor:/home/adwitiya/ros2_humble/install/ament_cmake_google_benchmark:/home/adwitiya/ros2_humble/install/google_benchmark_vendor:/home/adwitiya/ros2_humble/install/fastrtps:/home/adwitiya/ros2_humble/install/foonathan_memory_vendor:/home/adwitiya/ros2_humble/install/fastrtps_cmake_module:/home/adwitiya/ros2_humble/install/fastcdr:/home/adwitiya/ros2_humble/install/eigen3_cmake_module:/home/adwitiya/ros2_humble/install/console_bridge_vendor:/home/adwitiya/ros2_humble/install/ament_cmake_xmllint:/home/adwitiya/ros2_humble/install/ament_cmake_pyflakes:/home/adwitiya/ros2_humble/install/ament_cmake_pycodestyle:/home/adwitiya/ros2_humble/install/ament_cmake_pep257:/home/adwitiya/ros2_humble/install/ament_cmake_pclint:/home/adwitiya/ros2_humble/install/ament_lint_auto:/home/adwitiya/ros2_humble/install/ament_cmake:/home/adwitiya/ros2_humble/install/ament_cmake_version:/home/adwitiya/ros2_humble/install/ament_cmake_pytest:/home/adwitiya/ros2_humble/install/ament_cmake_nose:/home/adwitiya/ros2_humble/install/ament_cmake_mypy:/home/adwitiya/ros2_humble/install/ament_cmake_lint_cmake:/home/adwitiya/ros2_humble/install/ament_cmake_flake8:/home/adwitiya/ros2_humble/install/ament_cmake_cpplint:/home/adwitiya/ros2_humble/install/ament_cmake_cppcheck:/home/adwitiya/ros2_humble/install/ament_cmake_copyright:/home/adwitiya/ros2_humble/install/ament_cmake_clang_tidy:/home/adwitiya/ros2_humble/install/ament_cmake_clang_format:/home/adwitiya/ros2_humble/install/ament_cmake_test:/home/adwitiya/ros2_humble/install/ament_cmake_target_dependencies:/home/adwitiya/ros2_humble/install/ament_cmake_python:/home/adwitiya/ros2_humble/install/ament_cmake_export_dependencies:/home/adwitiya/ros2_humble/install/ament_cmake_libraries:/home/adwitiya/ros2_humble/install/ament_cmake_include_directories:/home/adwitiya/ros2_humble/install/ament_cmake_gen_version_h:/home/adwitiya/ros2_humble/install/ament_cmake_export_targets:/home/adwitiya/ros2_humble/install/ament_cmake_export_link_flags:/home/adwitiya/ros2_humble/install/ament_cmake_export_interfaces:/home/adwitiya/ros2_humble/install/ament_cmake_export_libraries:/home/adwitiya/ros2_humble/install/ament_cmake_export_include_directories:/home/adwitiya/ros2_humble/install/ament_cmake_export_definitions:/home/adwitiya/ros2_humble/install/ament_cmake_core:/home/adwitiya/ros2_humble/install/ament_index_cpp:/home/adwitiya/ros2_ws/install/my_robot_controller:/home/adwitiya/ros2_humble/install/rqt_bag_plugins:/home/adwitiya/ros2_humble/install/rqt_bag:/home/adwitiya/ros2_humble/install/ros2bag:/home/adwitiya/ros2_humble/install/tracetools_test:/home/adwitiya/ros2_humble/install/tracetools_launch:/home/adwitiya/ros2_humble/install/topic_monitor:/home/adwitiya/ros2_humble/install/tf2_tools:/home/adwitiya/ros2_humble/install/examples_tf2_py:/home/adwitiya/ros2_humble/install/tf2_ros_py:/home/adwitiya/ros2_humble/install/sros2:/home/adwitiya/ros2_humble/install/rqt_topic:/home/adwitiya/ros2_humble/install/rqt_srv:/home/adwitiya/ros2_humble/install/rqt_shell:/home/adwitiya/ros2_humble/install/rqt_service_caller:/home/adwitiya/ros2_humble/install/rqt_reconfigure:/home/adwitiya/ros2_humble/install/rqt_py_console:/home/adwitiya/ros2_humble/install/rqt_publisher:/home/adwitiya/ros2_humble/install/rqt_plot:/home/adwitiya/ros2_humble/install/rqt_action:/home/adwitiya/ros2_humble/install/rqt_msg:/home/adwitiya/ros2_humble/install/rqt_console:/home/adwitiya/ros2_humble/install/rqt:/home/adwitiya/ros2_humble/install/rqt_graph:/home/adwitiya/ros2_humble/install/rqt_gui_py:/home/adwitiya/ros2_humble/install/rqt_gui:/home/adwitiya/ros2_humble/install/ros2trace:/home/adwitiya/ros2_humble/install/ros2topic:/home/adwitiya/ros2_humble/install/ros2test:/home/adwitiya/ros2_humble/install/ros2component:/home/adwitiya/ros2_humble/install/ros2param:/home/adwitiya/ros2_humble/install/ros2lifecycle:/home/adwitiya/ros2_humble/install/ros2service:/home/adwitiya/ros2_humble/install/ros2run:/home/adwitiya/ros2_humble/install/ros2launch:/home/adwitiya/ros2_humble/install/ros2pkg:/home/adwitiya/ros2_humble/install/ros2node:/home/adwitiya/ros2_humble/install/ros2multicast:/home/adwitiya/ros2_humble/install/ros2interface:/home/adwitiya/ros2_humble/install/ros2doctor:/home/adwitiya/ros2_humble/install/ros2action:/home/adwitiya/ros2_humble/install/ros2cli:/home/adwitiya/ros2_humble/install/quality_of_service_demo_py:/home/adwitiya/ros2_humble/install/lifecycle_py:/home/adwitiya/ros2_humble/install/launch_testing_ros:/home/adwitiya/ros2_humble/install/launch_ros:/home/adwitiya/ros2_humble/install/examples_rclpy_pointcloud_publisher:/home/adwitiya/ros2_humble/install/examples_rclpy_minimal_subscriber:/home/adwitiya/ros2_humble/install/examples_rclpy_minimal_service:/home/adwitiya/ros2_humble/install/examples_rclpy_minimal_publisher:/home/adwitiya/ros2_humble/install/examples_rclpy_minimal_client:/home/adwitiya/ros2_humble/install/examples_rclpy_minimal_action_server:/home/adwitiya/ros2_humble/install/examples_rclpy_minimal_action_client:/home/adwitiya/ros2_humble/install/examples_rclpy_guard_conditions:/home/adwitiya/ros2_humble/install/examples_rclpy_executors:/home/adwitiya/ros2_humble/install/demo_nodes_py:/home/adwitiya/ros2_humble/install/action_tutorials_py:/home/adwitiya/ros2_humble/install/ament_uncrustify:/home/adwitiya/ros2_humble/install/tracetools_trace:/home/adwitiya/ros2_humble/install/tracetools_read:/home/adwitiya/ros2_humble/install/test_tracetools_launch:/home/adwitiya/ros2_humble/install/test_launch_ros:/home/adwitiya/ros2_humble/install/sensor_msgs_py:/home/adwitiya/ros2_humble/install/rpyutils:/home/adwitiya/ros2_humble/install/rosidl_runtime_py:/home/adwitiya/ros2_humble/install/rosidl_cli:/home/adwitiya/ros2_humble/install/launch_pytest:/home/adwitiya/ros2_humble/install/launch_testing:/home/adwitiya/ros2_humble/install/launch_yaml:/home/adwitiya/ros2_humble/install/launch_xml:/home/adwitiya/ros2_humble/install/launch:/home/adwitiya/ros2_humble/install/osrf_pycommon:/home/adwitiya/ros2_humble/install/launch_testing_examples:/home/adwitiya/ros2_humble/install/domain_coordinator:/home/adwitiya/ros2_humble/install/ament_xmllint:/home/adwitiya/ros2_humble/install/ament_pyflakes:/home/adwitiya/ros2_humble/install/ament_pycodestyle:/home/adwitiya/ros2_humble/install/ament_pep257:/home/adwitiya/ros2_humble/install/ament_pclint:/home/adwitiya/ros2_humble/install/ament_package:/home/adwitiya/ros2_humble/install/ament_mypy:/home/adwitiya/ros2_humble/install/ament_lint_cmake:/home/adwitiya/ros2_humble/install/ament_flake8:/home/adwitiya/ros2_humble/install/ament_copyright:/home/adwitiya/ros2_humble/install/ament_lint:/home/adwitiya/ros2_humble/install/ament_index_python:/home/adwitiya/ros2_humble/install/ament_cpplint:/home/adwitiya/ros2_humble/install/ament_cppcheck:/home/adwitiya/ros2_humble/install/ament_clang_tidy:/home/adwitiya/ros2_humble/install/ament_clang_format LD_LIBRARY_PATH=/home/adwitiya/micro-ros/agent_ws/install/micro_ros_msgs/lib:${LD_LIBRARY_PATH} PYTHONPATH=/home/adwitiya/micro-ros/agent_ws/install/micro_ros_msgs/lib/python3.8/site-packages:${PYTHONPATH} /usr/bin/cmake --build /home/adwitiya/micro-ros/agent_ws/build/micro_ros_agent -- -j8 -l8
[16.633s] Level 1:colcon.colcon_core.environment:create_environment_scripts_only(micro_ros_agent)
[16.643s] Level 1:colcon.colcon_core.environment:checking '/home/adwitiya/micro-ros/agent_ws/install/micro_ros_agent' for CMake module files
[16.644s] Level 1:colcon.colcon_core.environment:checking '/home/adwitiya/micro-ros/agent_ws/install/micro_ros_agent' for CMake config files
[16.644s] Level 1:colcon.colcon_core.shell:create_environment_hook('micro_ros_agent', 'cmake_prefix_path')
[16.648s] INFO:colcon.colcon_core.shell:Creating environment hook '/home/adwitiya/micro-ros/agent_ws/install/micro_ros_agent/share/micro_ros_agent/hook/cmake_prefix_path.ps1'
[16.649s] INFO:colcon.colcon_core.shell:Creating environment descriptor '/home/adwitiya/micro-ros/agent_ws/install/micro_ros_agent/share/micro_ros_agent/hook/cmake_prefix_path.dsv'
[16.649s] INFO:colcon.colcon_core.shell:Creating environment hook '/home/adwitiya/micro-ros/agent_ws/install/micro_ros_agent/share/micro_ros_agent/hook/cmake_prefix_path.sh'
[16.650s] Level 1:colcon.colcon_core.environment:checking '/home/adwitiya/micro-ros/agent_ws/install/micro_ros_agent/lib'
[16.650s] Level 1:colcon.colcon_core.shell:create_environment_hook('micro_ros_agent', 'ld_library_path_lib')
[16.655s] INFO:colcon.colcon_core.shell:Creating environment hook '/home/adwitiya/micro-ros/agent_ws/install/micro_ros_agent/share/micro_ros_agent/hook/ld_library_path_lib.ps1'
[16.655s] INFO:colcon.colcon_core.shell:Creating environment descriptor '/home/adwitiya/micro-ros/agent_ws/install/micro_ros_agent/share/micro_ros_agent/hook/ld_library_path_lib.dsv'
[16.655s] INFO:colcon.colcon_core.shell:Creating environment hook '/home/adwitiya/micro-ros/agent_ws/install/micro_ros_agent/share/micro_ros_agent/hook/ld_library_path_lib.sh'
[16.656s] Level 1:colcon.colcon_core.environment:checking '/home/adwitiya/micro-ros/agent_ws/install/micro_ros_agent/bin'
[16.656s] Level 1:colcon.colcon_core.environment:checking '/home/adwitiya/micro-ros/agent_ws/install/micro_ros_agent/lib/pkgconfig/micro_ros_agent.pc'
[16.656s] Level 1:colcon.colcon_core.environment:checking '/home/adwitiya/micro-ros/agent_ws/install/micro_ros_agent/lib/python3.8/site-packages'
[16.656s] Level 1:colcon.colcon_core.environment:checking '/home/adwitiya/micro-ros/agent_ws/install/micro_ros_agent/bin'
[16.661s] INFO:colcon.colcon_core.shell:Creating package script '/home/adwitiya/micro-ros/agent_ws/install/micro_ros_agent/share/micro_ros_agent/package.ps1'
[16.661s] INFO:colcon.colcon_core.shell:Creating package descriptor '/home/adwitiya/micro-ros/agent_ws/install/micro_ros_agent/share/micro_ros_agent/package.dsv'
[16.662s] INFO:colcon.colcon_core.shell:Creating package script '/home/adwitiya/micro-ros/agent_ws/install/micro_ros_agent/share/micro_ros_agent/package.sh'
[16.662s] INFO:colcon.colcon_core.shell:Creating package script '/home/adwitiya/micro-ros/agent_ws/install/micro_ros_agent/share/micro_ros_agent/package.bash'
[16.663s] INFO:colcon.colcon_core.shell:Creating package script '/home/adwitiya/micro-ros/agent_ws/install/micro_ros_agent/share/micro_ros_agent/package.zsh'
[16.663s] Level 1:colcon.colcon_core.environment:create_file_with_runtime_dependencies(/home/adwitiya/micro-ros/agent_ws/install/micro_ros_agent/share/colcon-core/packages/micro_ros_agent)
[16.674s] DEBUG:colcon.colcon_parallel_executor.executor.parallel:closing loop
[16.674s] DEBUG:colcon.colcon_parallel_executor.executor.parallel:loop closed
[16.674s] DEBUG:colcon.colcon_parallel_executor.executor.parallel:run_until_complete finished with '2'
[16.675s] DEBUG:colcon.colcon_core.event_reactor:joining thread
[16.693s] INFO:colcon.colcon_core.plugin_system:Skipping extension 'colcon_notification.desktop_notification.terminal_notifier': Not used on non-Darwin systems
[16.693s] INFO:colcon.colcon_core.plugin_system:Skipping extension 'colcon_notification.desktop_notification.win32': Not used on non-Windows systems
[16.693s] INFO:colcon.colcon_notification.desktop_notification:Sending desktop notification using 'notify2'
[16.741s] DEBUG:colcon.colcon_core.event_reactor:joined thread
[16.753s] INFO:colcon.colcon_core.shell:Creating prefix script '/home/adwitiya/micro-ros/agent_ws/install/local_setup.ps1'
[16.754s] INFO:colcon.colcon_core.shell:Creating prefix util module '/home/adwitiya/micro-ros/agent_ws/install/_local_setup_util_ps1.py'
[16.755s] INFO:colcon.colcon_core.shell:Creating prefix chain script '/home/adwitiya/micro-ros/agent_ws/install/setup.ps1'
[16.772s] INFO:colcon.colcon_core.shell:Creating prefix script '/home/adwitiya/micro-ros/agent_ws/install/local_setup.sh'
[16.772s] INFO:colcon.colcon_core.shell:Creating prefix util module '/home/adwitiya/micro-ros/agent_ws/install/_local_setup_util_sh.py'
[16.773s] INFO:colcon.colcon_core.shell:Creating prefix chain script '/home/adwitiya/micro-ros/agent_ws/install/setup.sh'
[16.791s] INFO:colcon.colcon_core.shell:Creating prefix script '/home/adwitiya/micro-ros/agent_ws/install/local_setup.bash'
[16.791s] INFO:colcon.colcon_core.shell:Creating prefix chain script '/home/adwitiya/micro-ros/agent_ws/install/setup.bash'
[16.808s] INFO:colcon.colcon_core.shell:Creating prefix script '/home/adwitiya/micro-ros/agent_ws/install/local_setup.zsh'
[16.808s] INFO:colcon.colcon_core.shell:Creating prefix chain script '/home/adwitiya/micro-ros/agent_ws/install/setup.zsh'
