[0.626s] Invoking command in '/home/adwitiya/micro-ros/agent_ws/build/micro_ros_msgs': CMAKE_PREFIX_PATH=${CMAKE_PREFIX_PATH}:/home/adwitiya/ros2_ws/install/my_robot_controller:/home/adwitiya/ros2_humble/install/rqt_bag_plugins:/home/adwitiya/ros2_humble/install/rqt_bag:/home/adwitiya/ros2_humble/install/ros2bag:/home/adwitiya/ros2_humble/install/tracetools_test:/home/adwitiya/ros2_humble/install/tracetools_launch:/home/adwitiya/ros2_humble/install/topic_monitor:/home/adwitiya/ros2_humble/install/tf2_tools:/home/adwitiya/ros2_humble/install/examples_tf2_py:/home/adwitiya/ros2_humble/install/tf2_ros_py:/home/adwitiya/ros2_humble/install/sros2:/home/adwitiya/ros2_humble/install/rqt_topic:/home/adwitiya/ros2_humble/install/rqt_srv:/home/adwitiya/ros2_humble/install/rqt_shell:/home/adwitiya/ros2_humble/install/rqt_service_caller:/home/adwitiya/ros2_humble/install/rqt_reconfigure:/home/adwitiya/ros2_humble/install/rqt_py_console:/home/adwitiya/ros2_humble/install/rqt_publisher:/home/adwitiya/ros2_humble/install/rqt_plot:/home/adwitiya/ros2_humble/install/rqt_action:/home/adwitiya/ros2_humble/install/rqt_msg:/home/adwitiya/ros2_humble/install/rqt_console:/home/adwitiya/ros2_humble/install/rqt:/home/adwitiya/ros2_humble/install/rqt_graph:/home/adwitiya/ros2_humble/install/rqt_gui_py:/home/adwitiya/ros2_humble/install/rqt_gui:/home/adwitiya/ros2_humble/install/ros2trace:/home/adwitiya/ros2_humble/install/ros2topic:/home/adwitiya/ros2_humble/install/ros2test:/home/adwitiya/ros2_humble/install/ros2component:/home/adwitiya/ros2_humble/install/ros2param:/home/adwitiya/ros2_humble/install/ros2lifecycle:/home/adwitiya/ros2_humble/install/ros2service:/home/adwitiya/ros2_humble/install/ros2run:/home/adwitiya/ros2_humble/install/ros2launch:/home/adwitiya/ros2_humble/install/ros2pkg:/home/adwitiya/ros2_humble/install/ros2node:/home/adwitiya/ros2_humble/install/ros2multicast:/home/adwitiya/ros2_humble/install/ros2interface:/home/adwitiya/ros2_humble/install/ros2doctor:/home/adwitiya/ros2_humble/install/ros2action:/home/adwitiya/ros2_humble/install/ros2cli:/home/adwitiya/ros2_humble/install/quality_of_service_demo_py:/home/adwitiya/ros2_humble/install/lifecycle_py:/home/adwitiya/ros2_humble/install/launch_testing_ros:/home/adwitiya/ros2_humble/install/launch_ros:/home/adwitiya/ros2_humble/install/examples_rclpy_pointcloud_publisher:/home/adwitiya/ros2_humble/install/examples_rclpy_minimal_subscriber:/home/adwitiya/ros2_humble/install/examples_rclpy_minimal_service:/home/adwitiya/ros2_humble/install/examples_rclpy_minimal_publisher:/home/adwitiya/ros2_humble/install/examples_rclpy_minimal_client:/home/adwitiya/ros2_humble/install/examples_rclpy_minimal_action_server:/home/adwitiya/ros2_humble/install/examples_rclpy_minimal_action_client:/home/adwitiya/ros2_humble/install/examples_rclpy_guard_conditions:/home/adwitiya/ros2_humble/install/examples_rclpy_executors:/home/adwitiya/ros2_humble/install/demo_nodes_py:/home/adwitiya/ros2_humble/install/action_tutorials_py:/home/adwitiya/ros2_humble/install/ament_uncrustify:/home/adwitiya/ros2_humble/install/tracetools_trace:/home/adwitiya/ros2_humble/install/tracetools_read:/home/adwitiya/ros2_humble/install/test_tracetools_launch:/home/adwitiya/ros2_humble/install/test_launch_ros:/home/adwitiya/ros2_humble/install/sensor_msgs_py:/home/adwitiya/ros2_humble/install/rpyutils:/home/adwitiya/ros2_humble/install/rosidl_runtime_py:/home/adwitiya/ros2_humble/install/rosidl_cli:/home/adwitiya/ros2_humble/install/launch_pytest:/home/adwitiya/ros2_humble/install/launch_testing:/home/adwitiya/ros2_humble/install/launch_yaml:/home/adwitiya/ros2_humble/install/launch_xml:/home/adwitiya/ros2_humble/install/launch:/home/adwitiya/ros2_humble/install/osrf_pycommon:/home/adwitiya/ros2_humble/install/launch_testing_examples:/home/adwitiya/ros2_humble/install/domain_coordinator:/home/adwitiya/ros2_humble/install/ament_xmllint:/home/adwitiya/ros2_humble/install/ament_pyflakes:/home/adwitiya/ros2_humble/install/ament_pycodestyle:/home/adwitiya/ros2_humble/install/ament_pep257:/home/adwitiya/ros2_humble/install/ament_pclint:/home/adwitiya/ros2_humble/install/ament_package:/home/adwitiya/ros2_humble/install/ament_mypy:/home/adwitiya/ros2_humble/install/ament_lint_cmake:/home/adwitiya/ros2_humble/install/ament_flake8:/home/adwitiya/ros2_humble/install/ament_copyright:/home/adwitiya/ros2_humble/install/ament_lint:/home/adwitiya/ros2_humble/install/ament_index_python:/home/adwitiya/ros2_humble/install/ament_cpplint:/home/adwitiya/ros2_humble/install/ament_cppcheck:/home/adwitiya/ros2_humble/install/ament_clang_tidy:/home/adwitiya/ros2_humble/install/ament_clang_format /usr/bin/cmake --build /home/adwitiya/micro-ros/agent_ws/build/micro_ros_msgs -- -j8 -l8
[0.627s] [  2%] Built target micro_ros_msgs__cpp
[0.627s] [ 12%] Built target micro_ros_msgs__rosidl_generator_c
[0.628s] [ 12%] Built target ament_cmake_python_copy_micro_ros_msgs
[0.628s] [ 34%] Built target micro_ros_msgs__rosidl_typesupport_fastrtps_cpp
[0.628s] [ 34%] Built target micro_ros_msgs__rosidl_typesupport_cpp
[0.628s] [ 55%] Built target micro_ros_msgs__rosidl_typesupport_c
[0.628s] [ 55%] Built target micro_ros_msgs__rosidl_typesupport_introspection_cpp
[0.629s] [ 65%] Built target micro_ros_msgs__rosidl_typesupport_introspection_c
[0.629s] [ 76%] Built target micro_ros_msgs__rosidl_typesupport_fastrtps_c
[0.629s] [ 76%] Built target micro_ros_msgs
[0.629s] [ 78%] Built target micro_ros_msgs__py
[0.630s] [ 87%] Built target micro_ros_msgs__rosidl_generator_py
[0.701s] [ 91%] Built target micro_ros_msgs__rosidl_typesupport_c__pyext
[0.710s] [100%] Built target micro_ros_msgs__rosidl_typesupport_introspection_c__pyext
[0.710s] [100%] Built target micro_ros_msgs__rosidl_typesupport_fastrtps_c__pyext
[1.273s] running egg_info
[1.274s] writing micro_ros_msgs.egg-info/PKG-INFO
[1.274s] writing dependency_links to micro_ros_msgs.egg-info/dependency_links.txt
[1.274s] writing top-level names to micro_ros_msgs.egg-info/top_level.txt
[1.320s] reading manifest file 'micro_ros_msgs.egg-info/SOURCES.txt'
[1.320s] writing manifest file 'micro_ros_msgs.egg-info/SOURCES.txt'
[1.376s] [100%] Built target ament_cmake_python_build_micro_ros_msgs_egg
[1.410s] Invoked command in '/home/adwitiya/micro-ros/agent_ws/build/micro_ros_msgs' returned '0': CMAKE_PREFIX_PATH=${CMAKE_PREFIX_PATH}:/home/adwitiya/ros2_ws/install/my_robot_controller:/home/adwitiya/ros2_humble/install/rqt_bag_plugins:/home/adwitiya/ros2_humble/install/rqt_bag:/home/adwitiya/ros2_humble/install/ros2bag:/home/adwitiya/ros2_humble/install/tracetools_test:/home/adwitiya/ros2_humble/install/tracetools_launch:/home/adwitiya/ros2_humble/install/topic_monitor:/home/adwitiya/ros2_humble/install/tf2_tools:/home/adwitiya/ros2_humble/install/examples_tf2_py:/home/adwitiya/ros2_humble/install/tf2_ros_py:/home/adwitiya/ros2_humble/install/sros2:/home/adwitiya/ros2_humble/install/rqt_topic:/home/adwitiya/ros2_humble/install/rqt_srv:/home/adwitiya/ros2_humble/install/rqt_shell:/home/adwitiya/ros2_humble/install/rqt_service_caller:/home/adwitiya/ros2_humble/install/rqt_reconfigure:/home/adwitiya/ros2_humble/install/rqt_py_console:/home/adwitiya/ros2_humble/install/rqt_publisher:/home/adwitiya/ros2_humble/install/rqt_plot:/home/adwitiya/ros2_humble/install/rqt_action:/home/adwitiya/ros2_humble/install/rqt_msg:/home/adwitiya/ros2_humble/install/rqt_console:/home/adwitiya/ros2_humble/install/rqt:/home/adwitiya/ros2_humble/install/rqt_graph:/home/adwitiya/ros2_humble/install/rqt_gui_py:/home/adwitiya/ros2_humble/install/rqt_gui:/home/adwitiya/ros2_humble/install/ros2trace:/home/adwitiya/ros2_humble/install/ros2topic:/home/adwitiya/ros2_humble/install/ros2test:/home/adwitiya/ros2_humble/install/ros2component:/home/adwitiya/ros2_humble/install/ros2param:/home/adwitiya/ros2_humble/install/ros2lifecycle:/home/adwitiya/ros2_humble/install/ros2service:/home/adwitiya/ros2_humble/install/ros2run:/home/adwitiya/ros2_humble/install/ros2launch:/home/adwitiya/ros2_humble/install/ros2pkg:/home/adwitiya/ros2_humble/install/ros2node:/home/adwitiya/ros2_humble/install/ros2multicast:/home/adwitiya/ros2_humble/install/ros2interface:/home/adwitiya/ros2_humble/install/ros2doctor:/home/adwitiya/ros2_humble/install/ros2action:/home/adwitiya/ros2_humble/install/ros2cli:/home/adwitiya/ros2_humble/install/quality_of_service_demo_py:/home/adwitiya/ros2_humble/install/lifecycle_py:/home/adwitiya/ros2_humble/install/launch_testing_ros:/home/adwitiya/ros2_humble/install/launch_ros:/home/adwitiya/ros2_humble/install/examples_rclpy_pointcloud_publisher:/home/adwitiya/ros2_humble/install/examples_rclpy_minimal_subscriber:/home/adwitiya/ros2_humble/install/examples_rclpy_minimal_service:/home/adwitiya/ros2_humble/install/examples_rclpy_minimal_publisher:/home/adwitiya/ros2_humble/install/examples_rclpy_minimal_client:/home/adwitiya/ros2_humble/install/examples_rclpy_minimal_action_server:/home/adwitiya/ros2_humble/install/examples_rclpy_minimal_action_client:/home/adwitiya/ros2_humble/install/examples_rclpy_guard_conditions:/home/adwitiya/ros2_humble/install/examples_rclpy_executors:/home/adwitiya/ros2_humble/install/demo_nodes_py:/home/adwitiya/ros2_humble/install/action_tutorials_py:/home/adwitiya/ros2_humble/install/ament_uncrustify:/home/adwitiya/ros2_humble/install/tracetools_trace:/home/adwitiya/ros2_humble/install/tracetools_read:/home/adwitiya/ros2_humble/install/test_tracetools_launch:/home/adwitiya/ros2_humble/install/test_launch_ros:/home/adwitiya/ros2_humble/install/sensor_msgs_py:/home/adwitiya/ros2_humble/install/rpyutils:/home/adwitiya/ros2_humble/install/rosidl_runtime_py:/home/adwitiya/ros2_humble/install/rosidl_cli:/home/adwitiya/ros2_humble/install/launch_pytest:/home/adwitiya/ros2_humble/install/launch_testing:/home/adwitiya/ros2_humble/install/launch_yaml:/home/adwitiya/ros2_humble/install/launch_xml:/home/adwitiya/ros2_humble/install/launch:/home/adwitiya/ros2_humble/install/osrf_pycommon:/home/adwitiya/ros2_humble/install/launch_testing_examples:/home/adwitiya/ros2_humble/install/domain_coordinator:/home/adwitiya/ros2_humble/install/ament_xmllint:/home/adwitiya/ros2_humble/install/ament_pyflakes:/home/adwitiya/ros2_humble/install/ament_pycodestyle:/home/adwitiya/ros2_humble/install/ament_pep257:/home/adwitiya/ros2_humble/install/ament_pclint:/home/adwitiya/ros2_humble/install/ament_package:/home/adwitiya/ros2_humble/install/ament_mypy:/home/adwitiya/ros2_humble/install/ament_lint_cmake:/home/adwitiya/ros2_humble/install/ament_flake8:/home/adwitiya/ros2_humble/install/ament_copyright:/home/adwitiya/ros2_humble/install/ament_lint:/home/adwitiya/ros2_humble/install/ament_index_python:/home/adwitiya/ros2_humble/install/ament_cpplint:/home/adwitiya/ros2_humble/install/ament_cppcheck:/home/adwitiya/ros2_humble/install/ament_clang_tidy:/home/adwitiya/ros2_humble/install/ament_clang_format /usr/bin/cmake --build /home/adwitiya/micro-ros/agent_ws/build/micro_ros_msgs -- -j8 -l8
[2.037s] Invoking command in '/home/adwitiya/micro-ros/agent_ws/build/micro_ros_msgs': CMAKE_PREFIX_PATH=${CMAKE_PREFIX_PATH}:/home/adwitiya/ros2_ws/install/my_robot_controller:/home/adwitiya/ros2_humble/install/rqt_bag_plugins:/home/adwitiya/ros2_humble/install/rqt_bag:/home/adwitiya/ros2_humble/install/ros2bag:/home/adwitiya/ros2_humble/install/tracetools_test:/home/adwitiya/ros2_humble/install/tracetools_launch:/home/adwitiya/ros2_humble/install/topic_monitor:/home/adwitiya/ros2_humble/install/tf2_tools:/home/adwitiya/ros2_humble/install/examples_tf2_py:/home/adwitiya/ros2_humble/install/tf2_ros_py:/home/adwitiya/ros2_humble/install/sros2:/home/adwitiya/ros2_humble/install/rqt_topic:/home/adwitiya/ros2_humble/install/rqt_srv:/home/adwitiya/ros2_humble/install/rqt_shell:/home/adwitiya/ros2_humble/install/rqt_service_caller:/home/adwitiya/ros2_humble/install/rqt_reconfigure:/home/adwitiya/ros2_humble/install/rqt_py_console:/home/adwitiya/ros2_humble/install/rqt_publisher:/home/adwitiya/ros2_humble/install/rqt_plot:/home/adwitiya/ros2_humble/install/rqt_action:/home/adwitiya/ros2_humble/install/rqt_msg:/home/adwitiya/ros2_humble/install/rqt_console:/home/adwitiya/ros2_humble/install/rqt:/home/adwitiya/ros2_humble/install/rqt_graph:/home/adwitiya/ros2_humble/install/rqt_gui_py:/home/adwitiya/ros2_humble/install/rqt_gui:/home/adwitiya/ros2_humble/install/ros2trace:/home/adwitiya/ros2_humble/install/ros2topic:/home/adwitiya/ros2_humble/install/ros2test:/home/adwitiya/ros2_humble/install/ros2component:/home/adwitiya/ros2_humble/install/ros2param:/home/adwitiya/ros2_humble/install/ros2lifecycle:/home/adwitiya/ros2_humble/install/ros2service:/home/adwitiya/ros2_humble/install/ros2run:/home/adwitiya/ros2_humble/install/ros2launch:/home/adwitiya/ros2_humble/install/ros2pkg:/home/adwitiya/ros2_humble/install/ros2node:/home/adwitiya/ros2_humble/install/ros2multicast:/home/adwitiya/ros2_humble/install/ros2interface:/home/adwitiya/ros2_humble/install/ros2doctor:/home/adwitiya/ros2_humble/install/ros2action:/home/adwitiya/ros2_humble/install/ros2cli:/home/adwitiya/ros2_humble/install/quality_of_service_demo_py:/home/adwitiya/ros2_humble/install/lifecycle_py:/home/adwitiya/ros2_humble/install/launch_testing_ros:/home/adwitiya/ros2_humble/install/launch_ros:/home/adwitiya/ros2_humble/install/examples_rclpy_pointcloud_publisher:/home/adwitiya/ros2_humble/install/examples_rclpy_minimal_subscriber:/home/adwitiya/ros2_humble/install/examples_rclpy_minimal_service:/home/adwitiya/ros2_humble/install/examples_rclpy_minimal_publisher:/home/adwitiya/ros2_humble/install/examples_rclpy_minimal_client:/home/adwitiya/ros2_humble/install/examples_rclpy_minimal_action_server:/home/adwitiya/ros2_humble/install/examples_rclpy_minimal_action_client:/home/adwitiya/ros2_humble/install/examples_rclpy_guard_conditions:/home/adwitiya/ros2_humble/install/examples_rclpy_executors:/home/adwitiya/ros2_humble/install/demo_nodes_py:/home/adwitiya/ros2_humble/install/action_tutorials_py:/home/adwitiya/ros2_humble/install/ament_uncrustify:/home/adwitiya/ros2_humble/install/tracetools_trace:/home/adwitiya/ros2_humble/install/tracetools_read:/home/adwitiya/ros2_humble/install/test_tracetools_launch:/home/adwitiya/ros2_humble/install/test_launch_ros:/home/adwitiya/ros2_humble/install/sensor_msgs_py:/home/adwitiya/ros2_humble/install/rpyutils:/home/adwitiya/ros2_humble/install/rosidl_runtime_py:/home/adwitiya/ros2_humble/install/rosidl_cli:/home/adwitiya/ros2_humble/install/launch_pytest:/home/adwitiya/ros2_humble/install/launch_testing:/home/adwitiya/ros2_humble/install/launch_yaml:/home/adwitiya/ros2_humble/install/launch_xml:/home/adwitiya/ros2_humble/install/launch:/home/adwitiya/ros2_humble/install/osrf_pycommon:/home/adwitiya/ros2_humble/install/launch_testing_examples:/home/adwitiya/ros2_humble/install/domain_coordinator:/home/adwitiya/ros2_humble/install/ament_xmllint:/home/adwitiya/ros2_humble/install/ament_pyflakes:/home/adwitiya/ros2_humble/install/ament_pycodestyle:/home/adwitiya/ros2_humble/install/ament_pep257:/home/adwitiya/ros2_humble/install/ament_pclint:/home/adwitiya/ros2_humble/install/ament_package:/home/adwitiya/ros2_humble/install/ament_mypy:/home/adwitiya/ros2_humble/install/ament_lint_cmake:/home/adwitiya/ros2_humble/install/ament_flake8:/home/adwitiya/ros2_humble/install/ament_copyright:/home/adwitiya/ros2_humble/install/ament_lint:/home/adwitiya/ros2_humble/install/ament_index_python:/home/adwitiya/ros2_humble/install/ament_cpplint:/home/adwitiya/ros2_humble/install/ament_cppcheck:/home/adwitiya/ros2_humble/install/ament_clang_tidy:/home/adwitiya/ros2_humble/install/ament_clang_format /usr/bin/cmake --install /home/adwitiya/micro-ros/agent_ws/build/micro_ros_msgs
[2.055s] -- Install configuration: ""
[2.055s] -- Up-to-date: /home/adwitiya/micro-ros/agent_ws/install/micro_ros_msgs/share/ament_index/resource_index/rosidl_interfaces/micro_ros_msgs
[2.056s] -- Up-to-date: /home/adwitiya/micro-ros/agent_ws/install/micro_ros_msgs/include/micro_ros_msgs/micro_ros_msgs
[2.056s] -- Up-to-date: /home/adwitiya/micro-ros/agent_ws/install/micro_ros_msgs/include/micro_ros_msgs/micro_ros_msgs/msg
[2.056s] -- Up-to-date: /home/adwitiya/micro-ros/agent_ws/install/micro_ros_msgs/include/micro_ros_msgs/micro_ros_msgs/msg/entity.h
[2.056s] -- Up-to-date: /home/adwitiya/micro-ros/agent_ws/install/micro_ros_msgs/include/micro_ros_msgs/micro_ros_msgs/msg/rosidl_generator_c__visibility_control.h
[2.056s] -- Up-to-date: /home/adwitiya/micro-ros/agent_ws/install/micro_ros_msgs/include/micro_ros_msgs/micro_ros_msgs/msg/node.h
[2.056s] -- Up-to-date: /home/adwitiya/micro-ros/agent_ws/install/micro_ros_msgs/include/micro_ros_msgs/micro_ros_msgs/msg/detail
[2.056s] -- Up-to-date: /home/adwitiya/micro-ros/agent_ws/install/micro_ros_msgs/include/micro_ros_msgs/micro_ros_msgs/msg/detail/graph__functions.h
[2.057s] -- Up-to-date: /home/adwitiya/micro-ros/agent_ws/install/micro_ros_msgs/include/micro_ros_msgs/micro_ros_msgs/msg/detail/graph__functions.c
[2.057s] -- Up-to-date: /home/adwitiya/micro-ros/agent_ws/install/micro_ros_msgs/include/micro_ros_msgs/micro_ros_msgs/msg/detail/node__functions.h
[2.057s] -- Up-to-date: /home/adwitiya/micro-ros/agent_ws/install/micro_ros_msgs/include/micro_ros_msgs/micro_ros_msgs/msg/detail/graph__type_support.h
[2.057s] -- Up-to-date: /home/adwitiya/micro-ros/agent_ws/install/micro_ros_msgs/include/micro_ros_msgs/micro_ros_msgs/msg/detail/node__struct.h
[2.057s] -- Up-to-date: /home/adwitiya/micro-ros/agent_ws/install/micro_ros_msgs/include/micro_ros_msgs/micro_ros_msgs/msg/detail/node__functions.c
[2.057s] -- Up-to-date: /home/adwitiya/micro-ros/agent_ws/install/micro_ros_msgs/include/micro_ros_msgs/micro_ros_msgs/msg/detail/entity__type_support.h
[2.057s] -- Up-to-date: /home/adwitiya/micro-ros/agent_ws/install/micro_ros_msgs/include/micro_ros_msgs/micro_ros_msgs/msg/detail/entity__struct.h
[2.057s] -- Up-to-date: /home/adwitiya/micro-ros/agent_ws/install/micro_ros_msgs/include/micro_ros_msgs/micro_ros_msgs/msg/detail/entity__functions.c
[2.058s] -- Up-to-date: /home/adwitiya/micro-ros/agent_ws/install/micro_ros_msgs/include/micro_ros_msgs/micro_ros_msgs/msg/detail/entity__functions.h
[2.058s] -- Up-to-date: /home/adwitiya/micro-ros/agent_ws/install/micro_ros_msgs/include/micro_ros_msgs/micro_ros_msgs/msg/detail/graph__struct.h
[2.058s] -- Up-to-date: /home/adwitiya/micro-ros/agent_ws/install/micro_ros_msgs/include/micro_ros_msgs/micro_ros_msgs/msg/detail/node__type_support.h
[2.058s] -- Up-to-date: /home/adwitiya/micro-ros/agent_ws/install/micro_ros_msgs/include/micro_ros_msgs/micro_ros_msgs/msg/graph.h
[2.058s] -- Up-to-date: /home/adwitiya/micro-ros/agent_ws/install/micro_ros_msgs/share/micro_ros_msgs/environment/library_path.sh
[2.058s] -- Up-to-date: /home/adwitiya/micro-ros/agent_ws/install/micro_ros_msgs/share/micro_ros_msgs/environment/library_path.dsv
[2.058s] -- Up-to-date: /home/adwitiya/micro-ros/agent_ws/install/micro_ros_msgs/lib/libmicro_ros_msgs__rosidl_generator_c.so
[2.059s] -- Up-to-date: /home/adwitiya/micro-ros/agent_ws/install/micro_ros_msgs/include/micro_ros_msgs/micro_ros_msgs
[2.059s] -- Up-to-date: /home/adwitiya/micro-ros/agent_ws/install/micro_ros_msgs/include/micro_ros_msgs/micro_ros_msgs/msg
[2.059s] -- Up-to-date: /home/adwitiya/micro-ros/agent_ws/install/micro_ros_msgs/include/micro_ros_msgs/micro_ros_msgs/msg/rosidl_typesupport_introspection_c__visibility_control.h
[2.059s] -- Up-to-date: /home/adwitiya/micro-ros/agent_ws/install/micro_ros_msgs/include/micro_ros_msgs/micro_ros_msgs/msg/detail
[2.059s] -- Up-to-date: /home/adwitiya/micro-ros/agent_ws/install/micro_ros_msgs/include/micro_ros_msgs/micro_ros_msgs/msg/detail/entity__type_support.c
[2.059s] -- Up-to-date: /home/adwitiya/micro-ros/agent_ws/install/micro_ros_msgs/include/micro_ros_msgs/micro_ros_msgs/msg/detail/graph__rosidl_typesupport_introspection_c.h
[2.059s] -- Up-to-date: /home/adwitiya/micro-ros/agent_ws/install/micro_ros_msgs/include/micro_ros_msgs/micro_ros_msgs/msg/detail/graph__type_support.c
[2.060s] -- Up-to-date: /home/adwitiya/micro-ros/agent_ws/install/micro_ros_msgs/include/micro_ros_msgs/micro_ros_msgs/msg/detail/entity__rosidl_typesupport_introspection_c.h
[2.060s] -- Up-to-date: /home/adwitiya/micro-ros/agent_ws/install/micro_ros_msgs/include/micro_ros_msgs/micro_ros_msgs/msg/detail/node__rosidl_typesupport_introspection_c.h
[2.060s] -- Up-to-date: /home/adwitiya/micro-ros/agent_ws/install/micro_ros_msgs/include/micro_ros_msgs/micro_ros_msgs/msg/detail/node__type_support.c
[2.060s] -- Up-to-date: /home/adwitiya/micro-ros/agent_ws/install/micro_ros_msgs/lib/libmicro_ros_msgs__rosidl_typesupport_introspection_c.so
[2.060s] -- Up-to-date: /home/adwitiya/micro-ros/agent_ws/install/micro_ros_msgs/include/micro_ros_msgs/micro_ros_msgs
[2.060s] -- Up-to-date: /home/adwitiya/micro-ros/agent_ws/install/micro_ros_msgs/include/micro_ros_msgs/micro_ros_msgs/msg
[2.061s] -- Up-to-date: /home/adwitiya/micro-ros/agent_ws/install/micro_ros_msgs/include/micro_ros_msgs/micro_ros_msgs/msg/rosidl_typesupport_fastrtps_c__visibility_control.h
[2.061s] -- Up-to-date: /home/adwitiya/micro-ros/agent_ws/install/micro_ros_msgs/include/micro_ros_msgs/micro_ros_msgs/msg/detail
[2.061s] -- Up-to-date: /home/adwitiya/micro-ros/agent_ws/install/micro_ros_msgs/include/micro_ros_msgs/micro_ros_msgs/msg/detail/node__rosidl_typesupport_fastrtps_c.h
[2.061s] -- Up-to-date: /home/adwitiya/micro-ros/agent_ws/install/micro_ros_msgs/include/micro_ros_msgs/micro_ros_msgs/msg/detail/entity__rosidl_typesupport_fastrtps_c.h
[2.061s] -- Up-to-date: /home/adwitiya/micro-ros/agent_ws/install/micro_ros_msgs/include/micro_ros_msgs/micro_ros_msgs/msg/detail/graph__rosidl_typesupport_fastrtps_c.h
[2.061s] -- Up-to-date: /home/adwitiya/micro-ros/agent_ws/install/micro_ros_msgs/lib/libmicro_ros_msgs__rosidl_typesupport_fastrtps_c.so
[2.061s] -- Up-to-date: /home/adwitiya/micro-ros/agent_ws/install/micro_ros_msgs/lib/libmicro_ros_msgs__rosidl_typesupport_c.so
[2.061s] -- Up-to-date: /home/adwitiya/micro-ros/agent_ws/install/micro_ros_msgs/include/micro_ros_msgs/micro_ros_msgs
[2.062s] -- Up-to-date: /home/adwitiya/micro-ros/agent_ws/install/micro_ros_msgs/include/micro_ros_msgs/micro_ros_msgs/msg
[2.062s] -- Up-to-date: /home/adwitiya/micro-ros/agent_ws/install/micro_ros_msgs/include/micro_ros_msgs/micro_ros_msgs/msg/detail
[2.062s] -- Up-to-date: /home/adwitiya/micro-ros/agent_ws/install/micro_ros_msgs/include/micro_ros_msgs/micro_ros_msgs/msg/detail/graph__struct.hpp
[2.062s] -- Up-to-date: /home/adwitiya/micro-ros/agent_ws/install/micro_ros_msgs/include/micro_ros_msgs/micro_ros_msgs/msg/detail/node__traits.hpp
[2.062s] -- Up-to-date: /home/adwitiya/micro-ros/agent_ws/install/micro_ros_msgs/include/micro_ros_msgs/micro_ros_msgs/msg/detail/entity__struct.hpp
[2.062s] -- Up-to-date: /home/adwitiya/micro-ros/agent_ws/install/micro_ros_msgs/include/micro_ros_msgs/micro_ros_msgs/msg/detail/graph__builder.hpp
[2.062s] -- Up-to-date: /home/adwitiya/micro-ros/agent_ws/install/micro_ros_msgs/include/micro_ros_msgs/micro_ros_msgs/msg/detail/graph__traits.hpp
[2.063s] -- Up-to-date: /home/adwitiya/micro-ros/agent_ws/install/micro_ros_msgs/include/micro_ros_msgs/micro_ros_msgs/msg/detail/node__struct.hpp
[2.063s] -- Up-to-date: /home/adwitiya/micro-ros/agent_ws/install/micro_ros_msgs/include/micro_ros_msgs/micro_ros_msgs/msg/detail/entity__traits.hpp
[2.063s] -- Up-to-date: /home/adwitiya/micro-ros/agent_ws/install/micro_ros_msgs/include/micro_ros_msgs/micro_ros_msgs/msg/detail/entity__builder.hpp
[2.063s] -- Up-to-date: /home/adwitiya/micro-ros/agent_ws/install/micro_ros_msgs/include/micro_ros_msgs/micro_ros_msgs/msg/detail/node__builder.hpp
[2.063s] -- Up-to-date: /home/adwitiya/micro-ros/agent_ws/install/micro_ros_msgs/include/micro_ros_msgs/micro_ros_msgs/msg/node.hpp
[2.063s] -- Up-to-date: /home/adwitiya/micro-ros/agent_ws/install/micro_ros_msgs/include/micro_ros_msgs/micro_ros_msgs/msg/entity.hpp
[2.063s] -- Up-to-date: /home/adwitiya/micro-ros/agent_ws/install/micro_ros_msgs/include/micro_ros_msgs/micro_ros_msgs/msg/graph.hpp
[2.064s] -- Up-to-date: /home/adwitiya/micro-ros/agent_ws/install/micro_ros_msgs/include/micro_ros_msgs/micro_ros_msgs
[2.064s] -- Up-to-date: /home/adwitiya/micro-ros/agent_ws/install/micro_ros_msgs/include/micro_ros_msgs/micro_ros_msgs/msg
[2.064s] -- Up-to-date: /home/adwitiya/micro-ros/agent_ws/install/micro_ros_msgs/include/micro_ros_msgs/micro_ros_msgs/msg/detail
[2.064s] -- Up-to-date: /home/adwitiya/micro-ros/agent_ws/install/micro_ros_msgs/include/micro_ros_msgs/micro_ros_msgs/msg/detail/node__rosidl_typesupport_introspection_cpp.hpp
[2.065s] -- Up-to-date: /home/adwitiya/micro-ros/agent_ws/install/micro_ros_msgs/include/micro_ros_msgs/micro_ros_msgs/msg/detail/entity__rosidl_typesupport_introspection_cpp.hpp
[2.065s] -- Up-to-date: /home/adwitiya/micro-ros/agent_ws/install/micro_ros_msgs/include/micro_ros_msgs/micro_ros_msgs/msg/detail/graph__rosidl_typesupport_introspection_cpp.hpp
[2.065s] -- Up-to-date: /home/adwitiya/micro-ros/agent_ws/install/micro_ros_msgs/include/micro_ros_msgs/micro_ros_msgs/msg/detail/graph__type_support.cpp
[2.065s] -- Up-to-date: /home/adwitiya/micro-ros/agent_ws/install/micro_ros_msgs/include/micro_ros_msgs/micro_ros_msgs/msg/detail/node__type_support.cpp
[2.065s] -- Up-to-date: /home/adwitiya/micro-ros/agent_ws/install/micro_ros_msgs/include/micro_ros_msgs/micro_ros_msgs/msg/detail/entity__type_support.cpp
[2.066s] -- Up-to-date: /home/adwitiya/micro-ros/agent_ws/install/micro_ros_msgs/lib/libmicro_ros_msgs__rosidl_typesupport_introspection_cpp.so
[2.066s] -- Up-to-date: /home/adwitiya/micro-ros/agent_ws/install/micro_ros_msgs/include/micro_ros_msgs/micro_ros_msgs
[2.066s] -- Up-to-date: /home/adwitiya/micro-ros/agent_ws/install/micro_ros_msgs/include/micro_ros_msgs/micro_ros_msgs/msg
[2.066s] -- Up-to-date: /home/adwitiya/micro-ros/agent_ws/install/micro_ros_msgs/include/micro_ros_msgs/micro_ros_msgs/msg/rosidl_typesupport_fastrtps_cpp__visibility_control.h
[2.066s] -- Up-to-date: /home/adwitiya/micro-ros/agent_ws/install/micro_ros_msgs/include/micro_ros_msgs/micro_ros_msgs/msg/detail
[2.066s] -- Up-to-date: /home/adwitiya/micro-ros/agent_ws/install/micro_ros_msgs/include/micro_ros_msgs/micro_ros_msgs/msg/detail/entity__rosidl_typesupport_fastrtps_cpp.hpp
[2.067s] -- Up-to-date: /home/adwitiya/micro-ros/agent_ws/install/micro_ros_msgs/include/micro_ros_msgs/micro_ros_msgs/msg/detail/graph__rosidl_typesupport_fastrtps_cpp.hpp
[2.067s] -- Up-to-date: /home/adwitiya/micro-ros/agent_ws/install/micro_ros_msgs/include/micro_ros_msgs/micro_ros_msgs/msg/detail/node__rosidl_typesupport_fastrtps_cpp.hpp
[2.067s] -- Up-to-date: /home/adwitiya/micro-ros/agent_ws/install/micro_ros_msgs/include/micro_ros_msgs/micro_ros_msgs/msg/detail/dds_fastrtps
[2.067s] -- Up-to-date: /home/adwitiya/micro-ros/agent_ws/install/micro_ros_msgs/lib/libmicro_ros_msgs__rosidl_typesupport_fastrtps_cpp.so
[2.067s] -- Up-to-date: /home/adwitiya/micro-ros/agent_ws/install/micro_ros_msgs/lib/libmicro_ros_msgs__rosidl_typesupport_cpp.so
[2.067s] -- Up-to-date: /home/adwitiya/micro-ros/agent_ws/install/micro_ros_msgs/share/micro_ros_msgs/environment/pythonpath.sh
[2.068s] -- Up-to-date: /home/adwitiya/micro-ros/agent_ws/install/micro_ros_msgs/share/micro_ros_msgs/environment/pythonpath.dsv
[2.068s] -- Up-to-date: /home/adwitiya/micro-ros/agent_ws/install/micro_ros_msgs/lib/python3.8/site-packages/micro_ros_msgs-4.0.0-py3.8.egg-info
[2.068s] -- Installing: /home/adwitiya/micro-ros/agent_ws/install/micro_ros_msgs/lib/python3.8/site-packages/micro_ros_msgs-4.0.0-py3.8.egg-info/dependency_links.txt
[2.068s] -- Installing: /home/adwitiya/micro-ros/agent_ws/install/micro_ros_msgs/lib/python3.8/site-packages/micro_ros_msgs-4.0.0-py3.8.egg-info/PKG-INFO
[2.068s] -- Installing: /home/adwitiya/micro-ros/agent_ws/install/micro_ros_msgs/lib/python3.8/site-packages/micro_ros_msgs-4.0.0-py3.8.egg-info/SOURCES.txt
[2.069s] -- Installing: /home/adwitiya/micro-ros/agent_ws/install/micro_ros_msgs/lib/python3.8/site-packages/micro_ros_msgs-4.0.0-py3.8.egg-info/top_level.txt
[2.069s] -- Up-to-date: /home/adwitiya/micro-ros/agent_ws/install/micro_ros_msgs/lib/python3.8/site-packages/micro_ros_msgs
[2.069s] -- Up-to-date: /home/adwitiya/micro-ros/agent_ws/install/micro_ros_msgs/lib/python3.8/site-packages/micro_ros_msgs/micro_ros_msgs_s__rosidl_typesupport_fastrtps_c.cpython-38-x86_64-linux-gnu.so
[2.069s] -- Up-to-date: /home/adwitiya/micro-ros/agent_ws/install/micro_ros_msgs/lib/python3.8/site-packages/micro_ros_msgs/micro_ros_msgs_s__rosidl_typesupport_introspection_c.cpython-38-x86_64-linux-gnu.so
[2.070s] -- Up-to-date: /home/adwitiya/micro-ros/agent_ws/install/micro_ros_msgs/lib/python3.8/site-packages/micro_ros_msgs/libmicro_ros_msgs__rosidl_generator_py.so
[2.070s] -- Up-to-date: /home/adwitiya/micro-ros/agent_ws/install/micro_ros_msgs/lib/python3.8/site-packages/micro_ros_msgs/msg
[2.070s] -- Up-to-date: /home/adwitiya/micro-ros/agent_ws/install/micro_ros_msgs/lib/python3.8/site-packages/micro_ros_msgs/msg/_graph.py
[2.070s] -- Up-to-date: /home/adwitiya/micro-ros/agent_ws/install/micro_ros_msgs/lib/python3.8/site-packages/micro_ros_msgs/msg/_entity.py
[2.070s] -- Up-to-date: /home/adwitiya/micro-ros/agent_ws/install/micro_ros_msgs/lib/python3.8/site-packages/micro_ros_msgs/msg/__init__.py
[2.070s] -- Up-to-date: /home/adwitiya/micro-ros/agent_ws/install/micro_ros_msgs/lib/python3.8/site-packages/micro_ros_msgs/msg/_entity_s.c
[2.071s] -- Up-to-date: /home/adwitiya/micro-ros/agent_ws/install/micro_ros_msgs/lib/python3.8/site-packages/micro_ros_msgs/msg/_node.py
[2.071s] -- Up-to-date: /home/adwitiya/micro-ros/agent_ws/install/micro_ros_msgs/lib/python3.8/site-packages/micro_ros_msgs/msg/_node_s.c
[2.071s] -- Up-to-date: /home/adwitiya/micro-ros/agent_ws/install/micro_ros_msgs/lib/python3.8/site-packages/micro_ros_msgs/msg/_graph_s.c
[2.071s] -- Up-to-date: /home/adwitiya/micro-ros/agent_ws/install/micro_ros_msgs/lib/python3.8/site-packages/micro_ros_msgs/_micro_ros_msgs_s.ep.rosidl_typesupport_introspection_c.c
[2.071s] -- Up-to-date: /home/adwitiya/micro-ros/agent_ws/install/micro_ros_msgs/lib/python3.8/site-packages/micro_ros_msgs/micro_ros_msgs_s__rosidl_typesupport_c.cpython-38-x86_64-linux-gnu.so
[2.072s] -- Up-to-date: /home/adwitiya/micro-ros/agent_ws/install/micro_ros_msgs/lib/python3.8/site-packages/micro_ros_msgs/__init__.py
[2.072s] -- Up-to-date: /home/adwitiya/micro-ros/agent_ws/install/micro_ros_msgs/lib/python3.8/site-packages/micro_ros_msgs/_micro_ros_msgs_s.ep.rosidl_typesupport_fastrtps_c.c
[2.072s] -- Up-to-date: /home/adwitiya/micro-ros/agent_ws/install/micro_ros_msgs/lib/python3.8/site-packages/micro_ros_msgs/_micro_ros_msgs_s.ep.rosidl_typesupport_c.c
[2.594s] Listing '/home/adwitiya/micro-ros/agent_ws/install/micro_ros_msgs/lib/python3.8/site-packages/micro_ros_msgs'...
[2.594s] Listing '/home/adwitiya/micro-ros/agent_ws/install/micro_ros_msgs/lib/python3.8/site-packages/micro_ros_msgs/msg'...
[2.599s] -- Up-to-date: /home/adwitiya/micro-ros/agent_ws/install/micro_ros_msgs/lib/python3.8/site-packages/micro_ros_msgs/micro_ros_msgs_s__rosidl_typesupport_introspection_c.cpython-38-x86_64-linux-gnu.so
[2.600s] -- Up-to-date: /home/adwitiya/micro-ros/agent_ws/install/micro_ros_msgs/lib/python3.8/site-packages/micro_ros_msgs/micro_ros_msgs_s__rosidl_typesupport_fastrtps_c.cpython-38-x86_64-linux-gnu.so
[2.602s] -- Up-to-date: /home/adwitiya/micro-ros/agent_ws/install/micro_ros_msgs/lib/python3.8/site-packages/micro_ros_msgs/micro_ros_msgs_s__rosidl_typesupport_c.cpython-38-x86_64-linux-gnu.so
[2.603s] -- Up-to-date: /home/adwitiya/micro-ros/agent_ws/install/micro_ros_msgs/lib/libmicro_ros_msgs__rosidl_generator_py.so
[2.603s] -- Up-to-date: /home/adwitiya/micro-ros/agent_ws/install/micro_ros_msgs/share/micro_ros_msgs/msg/Graph.idl
[2.604s] -- Up-to-date: /home/adwitiya/micro-ros/agent_ws/install/micro_ros_msgs/share/micro_ros_msgs/msg/Node.idl
[2.604s] -- Up-to-date: /home/adwitiya/micro-ros/agent_ws/install/micro_ros_msgs/share/micro_ros_msgs/msg/Entity.idl
[2.604s] -- Up-to-date: /home/adwitiya/micro-ros/agent_ws/install/micro_ros_msgs/share/micro_ros_msgs/msg/Graph.msg
[2.605s] -- Up-to-date: /home/adwitiya/micro-ros/agent_ws/install/micro_ros_msgs/share/micro_ros_msgs/msg/Node.msg
[2.605s] -- Up-to-date: /home/adwitiya/micro-ros/agent_ws/install/micro_ros_msgs/share/micro_ros_msgs/msg/Entity.msg
[2.605s] -- Up-to-date: /home/adwitiya/micro-ros/agent_ws/install/micro_ros_msgs/share/ament_index/resource_index/package_run_dependencies/micro_ros_msgs
[2.605s] -- Up-to-date: /home/adwitiya/micro-ros/agent_ws/install/micro_ros_msgs/share/ament_index/resource_index/parent_prefix_path/micro_ros_msgs
[2.606s] -- Up-to-date: /home/adwitiya/micro-ros/agent_ws/install/micro_ros_msgs/share/micro_ros_msgs/environment/ament_prefix_path.dsv
[2.606s] -- Up-to-date: /home/adwitiya/micro-ros/agent_ws/install/micro_ros_msgs/share/micro_ros_msgs/environment/path.dsv
[2.606s] -- Up-to-date: /home/adwitiya/micro-ros/agent_ws/install/micro_ros_msgs/share/micro_ros_msgs/local_setup.bash
[2.606s] -- Up-to-date: /home/adwitiya/micro-ros/agent_ws/install/micro_ros_msgs/share/micro_ros_msgs/local_setup.sh
[2.606s] -- Up-to-date: /home/adwitiya/micro-ros/agent_ws/install/micro_ros_msgs/share/micro_ros_msgs/local_setup.zsh
[2.607s] -- Up-to-date: /home/adwitiya/micro-ros/agent_ws/install/micro_ros_msgs/share/micro_ros_msgs/local_setup.dsv
[2.607s] -- Installing: /home/adwitiya/micro-ros/agent_ws/install/micro_ros_msgs/share/micro_ros_msgs/package.dsv
[2.607s] -- Up-to-date: /home/adwitiya/micro-ros/agent_ws/install/micro_ros_msgs/share/ament_index/resource_index/packages/micro_ros_msgs
[2.607s] -- Up-to-date: /home/adwitiya/micro-ros/agent_ws/install/micro_ros_msgs/share/micro_ros_msgs/cmake/export_micro_ros_msgs__rosidl_generator_cExport.cmake
[2.607s] -- Up-to-date: /home/adwitiya/micro-ros/agent_ws/install/micro_ros_msgs/share/micro_ros_msgs/cmake/export_micro_ros_msgs__rosidl_generator_cExport-noconfig.cmake
[2.608s] -- Up-to-date: /home/adwitiya/micro-ros/agent_ws/install/micro_ros_msgs/share/micro_ros_msgs/cmake/micro_ros_msgs__rosidl_typesupport_introspection_cExport.cmake
[2.608s] -- Up-to-date: /home/adwitiya/micro-ros/agent_ws/install/micro_ros_msgs/share/micro_ros_msgs/cmake/micro_ros_msgs__rosidl_typesupport_introspection_cExport-noconfig.cmake
[2.608s] -- Up-to-date: /home/adwitiya/micro-ros/agent_ws/install/micro_ros_msgs/share/micro_ros_msgs/cmake/export_micro_ros_msgs__rosidl_typesupport_fastrtps_cExport.cmake
[2.608s] -- Up-to-date: /home/adwitiya/micro-ros/agent_ws/install/micro_ros_msgs/share/micro_ros_msgs/cmake/export_micro_ros_msgs__rosidl_typesupport_fastrtps_cExport-noconfig.cmake
[2.608s] -- Up-to-date: /home/adwitiya/micro-ros/agent_ws/install/micro_ros_msgs/share/micro_ros_msgs/cmake/micro_ros_msgs__rosidl_typesupport_cExport.cmake
[2.609s] -- Up-to-date: /home/adwitiya/micro-ros/agent_ws/install/micro_ros_msgs/share/micro_ros_msgs/cmake/micro_ros_msgs__rosidl_typesupport_cExport-noconfig.cmake
[2.609s] -- Up-to-date: /home/adwitiya/micro-ros/agent_ws/install/micro_ros_msgs/share/micro_ros_msgs/cmake/export_micro_ros_msgs__rosidl_generator_cppExport.cmake
[2.609s] -- Up-to-date: /home/adwitiya/micro-ros/agent_ws/install/micro_ros_msgs/share/micro_ros_msgs/cmake/micro_ros_msgs__rosidl_typesupport_introspection_cppExport.cmake
[2.609s] -- Up-to-date: /home/adwitiya/micro-ros/agent_ws/install/micro_ros_msgs/share/micro_ros_msgs/cmake/micro_ros_msgs__rosidl_typesupport_introspection_cppExport-noconfig.cmake
[2.610s] -- Up-to-date: /home/adwitiya/micro-ros/agent_ws/install/micro_ros_msgs/share/micro_ros_msgs/cmake/export_micro_ros_msgs__rosidl_typesupport_fastrtps_cppExport.cmake
[2.610s] -- Up-to-date: /home/adwitiya/micro-ros/agent_ws/install/micro_ros_msgs/share/micro_ros_msgs/cmake/export_micro_ros_msgs__rosidl_typesupport_fastrtps_cppExport-noconfig.cmake
[2.610s] -- Up-to-date: /home/adwitiya/micro-ros/agent_ws/install/micro_ros_msgs/share/micro_ros_msgs/cmake/micro_ros_msgs__rosidl_typesupport_cppExport.cmake
[2.611s] -- Up-to-date: /home/adwitiya/micro-ros/agent_ws/install/micro_ros_msgs/share/micro_ros_msgs/cmake/micro_ros_msgs__rosidl_typesupport_cppExport-noconfig.cmake
[2.611s] -- Up-to-date: /home/adwitiya/micro-ros/agent_ws/install/micro_ros_msgs/share/micro_ros_msgs/cmake/export_micro_ros_msgs__rosidl_generator_pyExport.cmake
[2.611s] -- Up-to-date: /home/adwitiya/micro-ros/agent_ws/install/micro_ros_msgs/share/micro_ros_msgs/cmake/export_micro_ros_msgs__rosidl_generator_pyExport-noconfig.cmake
[2.611s] -- Up-to-date: /home/adwitiya/micro-ros/agent_ws/install/micro_ros_msgs/share/micro_ros_msgs/cmake/rosidl_cmake-extras.cmake
[2.612s] -- Up-to-date: /home/adwitiya/micro-ros/agent_ws/install/micro_ros_msgs/share/micro_ros_msgs/cmake/ament_cmake_export_include_directories-extras.cmake
[2.612s] -- Up-to-date: /home/adwitiya/micro-ros/agent_ws/install/micro_ros_msgs/share/micro_ros_msgs/cmake/ament_cmake_export_libraries-extras.cmake
[2.612s] -- Up-to-date: /home/adwitiya/micro-ros/agent_ws/install/micro_ros_msgs/share/micro_ros_msgs/cmake/ament_cmake_export_targets-extras.cmake
[2.612s] -- Up-to-date: /home/adwitiya/micro-ros/agent_ws/install/micro_ros_msgs/share/micro_ros_msgs/cmake/rosidl_cmake_export_typesupport_targets-extras.cmake
[2.612s] -- Up-to-date: /home/adwitiya/micro-ros/agent_ws/install/micro_ros_msgs/share/micro_ros_msgs/cmake/ament_cmake_export_dependencies-extras.cmake
[2.613s] -- Up-to-date: /home/adwitiya/micro-ros/agent_ws/install/micro_ros_msgs/share/micro_ros_msgs/cmake/rosidl_cmake_export_typesupport_libraries-extras.cmake
[2.613s] -- Up-to-date: /home/adwitiya/micro-ros/agent_ws/install/micro_ros_msgs/share/micro_ros_msgs/cmake/micro_ros_msgsConfig.cmake
[2.613s] -- Up-to-date: /home/adwitiya/micro-ros/agent_ws/install/micro_ros_msgs/share/micro_ros_msgs/cmake/micro_ros_msgsConfig-version.cmake
[2.613s] -- Up-to-date: /home/adwitiya/micro-ros/agent_ws/install/micro_ros_msgs/share/micro_ros_msgs/package.xml
[2.617s] Invoked command in '/home/adwitiya/micro-ros/agent_ws/build/micro_ros_msgs' returned '0': CMAKE_PREFIX_PATH=${CMAKE_PREFIX_PATH}:/home/adwitiya/ros2_ws/install/my_robot_controller:/home/adwitiya/ros2_humble/install/rqt_bag_plugins:/home/adwitiya/ros2_humble/install/rqt_bag:/home/adwitiya/ros2_humble/install/ros2bag:/home/adwitiya/ros2_humble/install/tracetools_test:/home/adwitiya/ros2_humble/install/tracetools_launch:/home/adwitiya/ros2_humble/install/topic_monitor:/home/adwitiya/ros2_humble/install/tf2_tools:/home/adwitiya/ros2_humble/install/examples_tf2_py:/home/adwitiya/ros2_humble/install/tf2_ros_py:/home/adwitiya/ros2_humble/install/sros2:/home/adwitiya/ros2_humble/install/rqt_topic:/home/adwitiya/ros2_humble/install/rqt_srv:/home/adwitiya/ros2_humble/install/rqt_shell:/home/adwitiya/ros2_humble/install/rqt_service_caller:/home/adwitiya/ros2_humble/install/rqt_reconfigure:/home/adwitiya/ros2_humble/install/rqt_py_console:/home/adwitiya/ros2_humble/install/rqt_publisher:/home/adwitiya/ros2_humble/install/rqt_plot:/home/adwitiya/ros2_humble/install/rqt_action:/home/adwitiya/ros2_humble/install/rqt_msg:/home/adwitiya/ros2_humble/install/rqt_console:/home/adwitiya/ros2_humble/install/rqt:/home/adwitiya/ros2_humble/install/rqt_graph:/home/adwitiya/ros2_humble/install/rqt_gui_py:/home/adwitiya/ros2_humble/install/rqt_gui:/home/adwitiya/ros2_humble/install/ros2trace:/home/adwitiya/ros2_humble/install/ros2topic:/home/adwitiya/ros2_humble/install/ros2test:/home/adwitiya/ros2_humble/install/ros2component:/home/adwitiya/ros2_humble/install/ros2param:/home/adwitiya/ros2_humble/install/ros2lifecycle:/home/adwitiya/ros2_humble/install/ros2service:/home/adwitiya/ros2_humble/install/ros2run:/home/adwitiya/ros2_humble/install/ros2launch:/home/adwitiya/ros2_humble/install/ros2pkg:/home/adwitiya/ros2_humble/install/ros2node:/home/adwitiya/ros2_humble/install/ros2multicast:/home/adwitiya/ros2_humble/install/ros2interface:/home/adwitiya/ros2_humble/install/ros2doctor:/home/adwitiya/ros2_humble/install/ros2action:/home/adwitiya/ros2_humble/install/ros2cli:/home/adwitiya/ros2_humble/install/quality_of_service_demo_py:/home/adwitiya/ros2_humble/install/lifecycle_py:/home/adwitiya/ros2_humble/install/launch_testing_ros:/home/adwitiya/ros2_humble/install/launch_ros:/home/adwitiya/ros2_humble/install/examples_rclpy_pointcloud_publisher:/home/adwitiya/ros2_humble/install/examples_rclpy_minimal_subscriber:/home/adwitiya/ros2_humble/install/examples_rclpy_minimal_service:/home/adwitiya/ros2_humble/install/examples_rclpy_minimal_publisher:/home/adwitiya/ros2_humble/install/examples_rclpy_minimal_client:/home/adwitiya/ros2_humble/install/examples_rclpy_minimal_action_server:/home/adwitiya/ros2_humble/install/examples_rclpy_minimal_action_client:/home/adwitiya/ros2_humble/install/examples_rclpy_guard_conditions:/home/adwitiya/ros2_humble/install/examples_rclpy_executors:/home/adwitiya/ros2_humble/install/demo_nodes_py:/home/adwitiya/ros2_humble/install/action_tutorials_py:/home/adwitiya/ros2_humble/install/ament_uncrustify:/home/adwitiya/ros2_humble/install/tracetools_trace:/home/adwitiya/ros2_humble/install/tracetools_read:/home/adwitiya/ros2_humble/install/test_tracetools_launch:/home/adwitiya/ros2_humble/install/test_launch_ros:/home/adwitiya/ros2_humble/install/sensor_msgs_py:/home/adwitiya/ros2_humble/install/rpyutils:/home/adwitiya/ros2_humble/install/rosidl_runtime_py:/home/adwitiya/ros2_humble/install/rosidl_cli:/home/adwitiya/ros2_humble/install/launch_pytest:/home/adwitiya/ros2_humble/install/launch_testing:/home/adwitiya/ros2_humble/install/launch_yaml:/home/adwitiya/ros2_humble/install/launch_xml:/home/adwitiya/ros2_humble/install/launch:/home/adwitiya/ros2_humble/install/osrf_pycommon:/home/adwitiya/ros2_humble/install/launch_testing_examples:/home/adwitiya/ros2_humble/install/domain_coordinator:/home/adwitiya/ros2_humble/install/ament_xmllint:/home/adwitiya/ros2_humble/install/ament_pyflakes:/home/adwitiya/ros2_humble/install/ament_pycodestyle:/home/adwitiya/ros2_humble/install/ament_pep257:/home/adwitiya/ros2_humble/install/ament_pclint:/home/adwitiya/ros2_humble/install/ament_package:/home/adwitiya/ros2_humble/install/ament_mypy:/home/adwitiya/ros2_humble/install/ament_lint_cmake:/home/adwitiya/ros2_humble/install/ament_flake8:/home/adwitiya/ros2_humble/install/ament_copyright:/home/adwitiya/ros2_humble/install/ament_lint:/home/adwitiya/ros2_humble/install/ament_index_python:/home/adwitiya/ros2_humble/install/ament_cpplint:/home/adwitiya/ros2_humble/install/ament_cppcheck:/home/adwitiya/ros2_humble/install/ament_clang_tidy:/home/adwitiya/ros2_humble/install/ament_clang_format /usr/bin/cmake --install /home/adwitiya/micro-ros/agent_ws/build/micro_ros_msgs
