[0.102s] Invoking command in '/home/adwitiya/micro-ros/agent_ws/build/micro_ros_msgs': CMAKE_PREFIX_PATH=${CMAKE_PREFIX_PATH}:/home/adwitiya/ros2_ws/install/my_robot_controller:/home/adwitiya/ros2_humble/install/rqt_bag_plugins:/home/adwitiya/ros2_humble/install/rqt_bag:/home/adwitiya/ros2_humble/install/ros2bag:/home/adwitiya/ros2_humble/install/tracetools_test:/home/adwitiya/ros2_humble/install/tracetools_launch:/home/adwitiya/ros2_humble/install/topic_monitor:/home/adwitiya/ros2_humble/install/tf2_tools:/home/adwitiya/ros2_humble/install/examples_tf2_py:/home/adwitiya/ros2_humble/install/tf2_ros_py:/home/adwitiya/ros2_humble/install/sros2:/home/adwitiya/ros2_humble/install/rqt_topic:/home/adwitiya/ros2_humble/install/rqt_srv:/home/adwitiya/ros2_humble/install/rqt_shell:/home/adwitiya/ros2_humble/install/rqt_service_caller:/home/adwitiya/ros2_humble/install/rqt_reconfigure:/home/adwitiya/ros2_humble/install/rqt_py_console:/home/adwitiya/ros2_humble/install/rqt_publisher:/home/adwitiya/ros2_humble/install/rqt_plot:/home/adwitiya/ros2_humble/install/rqt_action:/home/adwitiya/ros2_humble/install/rqt_msg:/home/adwitiya/ros2_humble/install/rqt_console:/home/adwitiya/ros2_humble/install/rqt:/home/adwitiya/ros2_humble/install/rqt_graph:/home/adwitiya/ros2_humble/install/rqt_gui_py:/home/adwitiya/ros2_humble/install/rqt_gui:/home/adwitiya/ros2_humble/install/ros2trace:/home/adwitiya/ros2_humble/install/ros2topic:/home/adwitiya/ros2_humble/install/ros2test:/home/adwitiya/ros2_humble/install/ros2component:/home/adwitiya/ros2_humble/install/ros2param:/home/adwitiya/ros2_humble/install/ros2lifecycle:/home/adwitiya/ros2_humble/install/ros2service:/home/adwitiya/ros2_humble/install/ros2run:/home/adwitiya/ros2_humble/install/ros2launch:/home/adwitiya/ros2_humble/install/ros2pkg:/home/adwitiya/ros2_humble/install/ros2node:/home/adwitiya/ros2_humble/install/ros2multicast:/home/adwitiya/ros2_humble/install/ros2interface:/home/adwitiya/ros2_humble/install/ros2doctor:/home/adwitiya/ros2_humble/install/ros2action:/home/adwitiya/ros2_humble/install/ros2cli:/home/adwitiya/ros2_humble/install/quality_of_service_demo_py:/home/adwitiya/ros2_humble/install/lifecycle_py:/home/adwitiya/ros2_humble/install/launch_testing_ros:/home/adwitiya/ros2_humble/install/launch_ros:/home/adwitiya/ros2_humble/install/examples_rclpy_pointcloud_publisher:/home/adwitiya/ros2_humble/install/examples_rclpy_minimal_subscriber:/home/adwitiya/ros2_humble/install/examples_rclpy_minimal_service:/home/adwitiya/ros2_humble/install/examples_rclpy_minimal_publisher:/home/adwitiya/ros2_humble/install/examples_rclpy_minimal_client:/home/adwitiya/ros2_humble/install/examples_rclpy_minimal_action_server:/home/adwitiya/ros2_humble/install/examples_rclpy_minimal_action_client:/home/adwitiya/ros2_humble/install/examples_rclpy_guard_conditions:/home/adwitiya/ros2_humble/install/examples_rclpy_executors:/home/adwitiya/ros2_humble/install/demo_nodes_py:/home/adwitiya/ros2_humble/install/action_tutorials_py:/home/adwitiya/ros2_humble/install/ament_uncrustify:/home/adwitiya/ros2_humble/install/tracetools_trace:/home/adwitiya/ros2_humble/install/tracetools_read:/home/adwitiya/ros2_humble/install/test_tracetools_launch:/home/adwitiya/ros2_humble/install/test_launch_ros:/home/adwitiya/ros2_humble/install/sensor_msgs_py:/home/adwitiya/ros2_humble/install/rpyutils:/home/adwitiya/ros2_humble/install/rosidl_runtime_py:/home/adwitiya/ros2_humble/install/rosidl_cli:/home/adwitiya/ros2_humble/install/launch_pytest:/home/adwitiya/ros2_humble/install/launch_testing:/home/adwitiya/ros2_humble/install/launch_yaml:/home/adwitiya/ros2_humble/install/launch_xml:/home/adwitiya/ros2_humble/install/launch:/home/adwitiya/ros2_humble/install/osrf_pycommon:/home/adwitiya/ros2_humble/install/launch_testing_examples:/home/adwitiya/ros2_humble/install/domain_coordinator:/home/adwitiya/ros2_humble/install/ament_xmllint:/home/adwitiya/ros2_humble/install/ament_pyflakes:/home/adwitiya/ros2_humble/install/ament_pycodestyle:/home/adwitiya/ros2_humble/install/ament_pep257:/home/adwitiya/ros2_humble/install/ament_pclint:/home/adwitiya/ros2_humble/install/ament_package:/home/adwitiya/ros2_humble/install/ament_mypy:/home/adwitiya/ros2_humble/install/ament_lint_cmake:/home/adwitiya/ros2_humble/install/ament_flake8:/home/adwitiya/ros2_humble/install/ament_copyright:/home/adwitiya/ros2_humble/install/ament_lint:/home/adwitiya/ros2_humble/install/ament_index_python:/home/adwitiya/ros2_humble/install/ament_cpplint:/home/adwitiya/ros2_humble/install/ament_cppcheck:/home/adwitiya/ros2_humble/install/ament_clang_tidy:/home/adwitiya/ros2_humble/install/ament_clang_format /usr/bin/cmake /home/adwitiya/micro-ros/agent_ws/src/uros/micro_ros_msgs -DUAGENT_BUILD_EXECUTABLE=OFF -DUAGENT_P2P_PROFILE=OFF --no-warn-unused-cli -DCMAKE_INSTALL_PREFIX=/home/adwitiya/micro-ros/agent_ws/install/micro_ros_msgs
[0.152s] Not searching for unused variables given on the command line.
[0.311s] -- The C compiler identification is GNU 9.4.0
[0.520s] -- The CXX compiler identification is GNU 9.4.0
[0.558s] -- Check for working C compiler: /usr/bin/cc
[0.804s] -- Check for working C compiler: /usr/bin/cc -- works
[0.806s] -- Detecting C compiler ABI info
[1.056s] -- Detecting C compiler ABI info - done
[1.077s] -- Detecting C compile features
[1.078s] -- Detecting C compile features - done
[1.082s] -- Check for working CXX compiler: /usr/bin/c++
[1.351s] -- Check for working CXX compiler: /usr/bin/c++ -- works
[1.354s] -- Detecting CXX compiler ABI info
[1.627s] -- Detecting CXX compiler ABI info - done
[1.649s] -- Detecting CXX compile features
[1.649s] -- Detecting CXX compile features - done
[1.675s] -- Found ament_cmake: 1.3.4 (/home/adwitiya/ros2_humble/install/ament_cmake/share/ament_cmake/cmake)
[6.382s] -- Found Python3: /usr/bin/python3.8 (found version "3.8.10") found components: Interpreter 
[7.802s] -- Found rosidl_default_generators: 1.2.0 (/home/adwitiya/ros2_humble/install/rosidl_default_generators/share/rosidl_default_generators/cmake)
[8.132s] -- Using all available rosidl_typesupport_c: rosidl_typesupport_introspection_c;rosidl_typesupport_fastrtps_c
[8.198s] -- Found rosidl_adapter: 3.1.4 (/home/adwitiya/ros2_humble/install/rosidl_adapter/share/rosidl_adapter/cmake)
[8.520s] -- Using all available rosidl_typesupport_cpp: rosidl_typesupport_introspection_cpp;rosidl_typesupport_fastrtps_cpp
[8.831s] -- Found ament_lint_auto: 0.12.6 (/home/adwitiya/ros2_humble/install/ament_lint_auto/share/ament_lint_auto/cmake)
[20.048s] -- Found ament_cmake_ros: 0.10.0 (/home/adwitiya/ros2_humble/install/ament_cmake_ros/share/ament_cmake_ros/cmake)
[26.277s] -- Using all available rosidl_typesupport_c: rosidl_typesupport_introspection_c;rosidl_typesupport_fastrtps_c
[38.833s] -- Using all available rosidl_typesupport_cpp: rosidl_typesupport_introspection_cpp;rosidl_typesupport_fastrtps_cpp
[39.580s] -- Found PythonInterp: /usr/bin/python3 (found suitable version "3.8.10", minimum required is "3.6") 
[39.652s] -- Found python_cmake_module: 0.10.0 (/home/adwitiya/ros2_humble/install/python_cmake_module/share/python_cmake_module/cmake)
[40.547s] -- Found PythonLibs: /usr/lib/x86_64-linux-gnu/libpython3.8.so (found suitable version "3.8.10", minimum required is "3.5") 
[40.547s] -- Using PYTHON_EXECUTABLE: /usr/bin/python3
[40.548s] -- Using PYTHON_INCLUDE_DIRS: /usr/include/python3.8
[40.548s] -- Using PYTHON_LIBRARIES: /usr/lib/x86_64-linux-gnu/libpython3.8.so
[41.313s] -- Found PythonExtra: .so  
[42.712s] -- Added test 'copyright' to check source files copyright and LICENSE
[42.743s] -- Added test 'lint_cmake' to check CMake code style
[42.764s] -- Added test 'xmllint' to check XML markup files
[42.899s] -- Configuring done
[43.094s] -- Generating done
[43.099s] -- Build files have been written to: /home/adwitiya/micro-ros/agent_ws/build/micro_ros_msgs
[43.123s] Invoked command in '/home/adwitiya/micro-ros/agent_ws/build/micro_ros_msgs' returned '0': CMAKE_PREFIX_PATH=${CMAKE_PREFIX_PATH}:/home/adwitiya/ros2_ws/install/my_robot_controller:/home/adwitiya/ros2_humble/install/rqt_bag_plugins:/home/adwitiya/ros2_humble/install/rqt_bag:/home/adwitiya/ros2_humble/install/ros2bag:/home/adwitiya/ros2_humble/install/tracetools_test:/home/adwitiya/ros2_humble/install/tracetools_launch:/home/adwitiya/ros2_humble/install/topic_monitor:/home/adwitiya/ros2_humble/install/tf2_tools:/home/adwitiya/ros2_humble/install/examples_tf2_py:/home/adwitiya/ros2_humble/install/tf2_ros_py:/home/adwitiya/ros2_humble/install/sros2:/home/adwitiya/ros2_humble/install/rqt_topic:/home/adwitiya/ros2_humble/install/rqt_srv:/home/adwitiya/ros2_humble/install/rqt_shell:/home/adwitiya/ros2_humble/install/rqt_service_caller:/home/adwitiya/ros2_humble/install/rqt_reconfigure:/home/adwitiya/ros2_humble/install/rqt_py_console:/home/adwitiya/ros2_humble/install/rqt_publisher:/home/adwitiya/ros2_humble/install/rqt_plot:/home/adwitiya/ros2_humble/install/rqt_action:/home/adwitiya/ros2_humble/install/rqt_msg:/home/adwitiya/ros2_humble/install/rqt_console:/home/adwitiya/ros2_humble/install/rqt:/home/adwitiya/ros2_humble/install/rqt_graph:/home/adwitiya/ros2_humble/install/rqt_gui_py:/home/adwitiya/ros2_humble/install/rqt_gui:/home/adwitiya/ros2_humble/install/ros2trace:/home/adwitiya/ros2_humble/install/ros2topic:/home/adwitiya/ros2_humble/install/ros2test:/home/adwitiya/ros2_humble/install/ros2component:/home/adwitiya/ros2_humble/install/ros2param:/home/adwitiya/ros2_humble/install/ros2lifecycle:/home/adwitiya/ros2_humble/install/ros2service:/home/adwitiya/ros2_humble/install/ros2run:/home/adwitiya/ros2_humble/install/ros2launch:/home/adwitiya/ros2_humble/install/ros2pkg:/home/adwitiya/ros2_humble/install/ros2node:/home/adwitiya/ros2_humble/install/ros2multicast:/home/adwitiya/ros2_humble/install/ros2interface:/home/adwitiya/ros2_humble/install/ros2doctor:/home/adwitiya/ros2_humble/install/ros2action:/home/adwitiya/ros2_humble/install/ros2cli:/home/adwitiya/ros2_humble/install/quality_of_service_demo_py:/home/adwitiya/ros2_humble/install/lifecycle_py:/home/adwitiya/ros2_humble/install/launch_testing_ros:/home/adwitiya/ros2_humble/install/launch_ros:/home/adwitiya/ros2_humble/install/examples_rclpy_pointcloud_publisher:/home/adwitiya/ros2_humble/install/examples_rclpy_minimal_subscriber:/home/adwitiya/ros2_humble/install/examples_rclpy_minimal_service:/home/adwitiya/ros2_humble/install/examples_rclpy_minimal_publisher:/home/adwitiya/ros2_humble/install/examples_rclpy_minimal_client:/home/adwitiya/ros2_humble/install/examples_rclpy_minimal_action_server:/home/adwitiya/ros2_humble/install/examples_rclpy_minimal_action_client:/home/adwitiya/ros2_humble/install/examples_rclpy_guard_conditions:/home/adwitiya/ros2_humble/install/examples_rclpy_executors:/home/adwitiya/ros2_humble/install/demo_nodes_py:/home/adwitiya/ros2_humble/install/action_tutorials_py:/home/adwitiya/ros2_humble/install/ament_uncrustify:/home/adwitiya/ros2_humble/install/tracetools_trace:/home/adwitiya/ros2_humble/install/tracetools_read:/home/adwitiya/ros2_humble/install/test_tracetools_launch:/home/adwitiya/ros2_humble/install/test_launch_ros:/home/adwitiya/ros2_humble/install/sensor_msgs_py:/home/adwitiya/ros2_humble/install/rpyutils:/home/adwitiya/ros2_humble/install/rosidl_runtime_py:/home/adwitiya/ros2_humble/install/rosidl_cli:/home/adwitiya/ros2_humble/install/launch_pytest:/home/adwitiya/ros2_humble/install/launch_testing:/home/adwitiya/ros2_humble/install/launch_yaml:/home/adwitiya/ros2_humble/install/launch_xml:/home/adwitiya/ros2_humble/install/launch:/home/adwitiya/ros2_humble/install/osrf_pycommon:/home/adwitiya/ros2_humble/install/launch_testing_examples:/home/adwitiya/ros2_humble/install/domain_coordinator:/home/adwitiya/ros2_humble/install/ament_xmllint:/home/adwitiya/ros2_humble/install/ament_pyflakes:/home/adwitiya/ros2_humble/install/ament_pycodestyle:/home/adwitiya/ros2_humble/install/ament_pep257:/home/adwitiya/ros2_humble/install/ament_pclint:/home/adwitiya/ros2_humble/install/ament_package:/home/adwitiya/ros2_humble/install/ament_mypy:/home/adwitiya/ros2_humble/install/ament_lint_cmake:/home/adwitiya/ros2_humble/install/ament_flake8:/home/adwitiya/ros2_humble/install/ament_copyright:/home/adwitiya/ros2_humble/install/ament_lint:/home/adwitiya/ros2_humble/install/ament_index_python:/home/adwitiya/ros2_humble/install/ament_cpplint:/home/adwitiya/ros2_humble/install/ament_cppcheck:/home/adwitiya/ros2_humble/install/ament_clang_tidy:/home/adwitiya/ros2_humble/install/ament_clang_format /usr/bin/cmake /home/adwitiya/micro-ros/agent_ws/src/uros/micro_ros_msgs -DUAGENT_BUILD_EXECUTABLE=OFF -DUAGENT_P2P_PROFILE=OFF --no-warn-unused-cli -DCMAKE_INSTALL_PREFIX=/home/adwitiya/micro-ros/agent_ws/install/micro_ros_msgs
[43.126s] Invoking command in '/home/adwitiya/micro-ros/agent_ws/build/micro_ros_msgs': CMAKE_PREFIX_PATH=${CMAKE_PREFIX_PATH}:/home/adwitiya/ros2_ws/install/my_robot_controller:/home/adwitiya/ros2_humble/install/rqt_bag_plugins:/home/adwitiya/ros2_humble/install/rqt_bag:/home/adwitiya/ros2_humble/install/ros2bag:/home/adwitiya/ros2_humble/install/tracetools_test:/home/adwitiya/ros2_humble/install/tracetools_launch:/home/adwitiya/ros2_humble/install/topic_monitor:/home/adwitiya/ros2_humble/install/tf2_tools:/home/adwitiya/ros2_humble/install/examples_tf2_py:/home/adwitiya/ros2_humble/install/tf2_ros_py:/home/adwitiya/ros2_humble/install/sros2:/home/adwitiya/ros2_humble/install/rqt_topic:/home/adwitiya/ros2_humble/install/rqt_srv:/home/adwitiya/ros2_humble/install/rqt_shell:/home/adwitiya/ros2_humble/install/rqt_service_caller:/home/adwitiya/ros2_humble/install/rqt_reconfigure:/home/adwitiya/ros2_humble/install/rqt_py_console:/home/adwitiya/ros2_humble/install/rqt_publisher:/home/adwitiya/ros2_humble/install/rqt_plot:/home/adwitiya/ros2_humble/install/rqt_action:/home/adwitiya/ros2_humble/install/rqt_msg:/home/adwitiya/ros2_humble/install/rqt_console:/home/adwitiya/ros2_humble/install/rqt:/home/adwitiya/ros2_humble/install/rqt_graph:/home/adwitiya/ros2_humble/install/rqt_gui_py:/home/adwitiya/ros2_humble/install/rqt_gui:/home/adwitiya/ros2_humble/install/ros2trace:/home/adwitiya/ros2_humble/install/ros2topic:/home/adwitiya/ros2_humble/install/ros2test:/home/adwitiya/ros2_humble/install/ros2component:/home/adwitiya/ros2_humble/install/ros2param:/home/adwitiya/ros2_humble/install/ros2lifecycle:/home/adwitiya/ros2_humble/install/ros2service:/home/adwitiya/ros2_humble/install/ros2run:/home/adwitiya/ros2_humble/install/ros2launch:/home/adwitiya/ros2_humble/install/ros2pkg:/home/adwitiya/ros2_humble/install/ros2node:/home/adwitiya/ros2_humble/install/ros2multicast:/home/adwitiya/ros2_humble/install/ros2interface:/home/adwitiya/ros2_humble/install/ros2doctor:/home/adwitiya/ros2_humble/install/ros2action:/home/adwitiya/ros2_humble/install/ros2cli:/home/adwitiya/ros2_humble/install/quality_of_service_demo_py:/home/adwitiya/ros2_humble/install/lifecycle_py:/home/adwitiya/ros2_humble/install/launch_testing_ros:/home/adwitiya/ros2_humble/install/launch_ros:/home/adwitiya/ros2_humble/install/examples_rclpy_pointcloud_publisher:/home/adwitiya/ros2_humble/install/examples_rclpy_minimal_subscriber:/home/adwitiya/ros2_humble/install/examples_rclpy_minimal_service:/home/adwitiya/ros2_humble/install/examples_rclpy_minimal_publisher:/home/adwitiya/ros2_humble/install/examples_rclpy_minimal_client:/home/adwitiya/ros2_humble/install/examples_rclpy_minimal_action_server:/home/adwitiya/ros2_humble/install/examples_rclpy_minimal_action_client:/home/adwitiya/ros2_humble/install/examples_rclpy_guard_conditions:/home/adwitiya/ros2_humble/install/examples_rclpy_executors:/home/adwitiya/ros2_humble/install/demo_nodes_py:/home/adwitiya/ros2_humble/install/action_tutorials_py:/home/adwitiya/ros2_humble/install/ament_uncrustify:/home/adwitiya/ros2_humble/install/tracetools_trace:/home/adwitiya/ros2_humble/install/tracetools_read:/home/adwitiya/ros2_humble/install/test_tracetools_launch:/home/adwitiya/ros2_humble/install/test_launch_ros:/home/adwitiya/ros2_humble/install/sensor_msgs_py:/home/adwitiya/ros2_humble/install/rpyutils:/home/adwitiya/ros2_humble/install/rosidl_runtime_py:/home/adwitiya/ros2_humble/install/rosidl_cli:/home/adwitiya/ros2_humble/install/launch_pytest:/home/adwitiya/ros2_humble/install/launch_testing:/home/adwitiya/ros2_humble/install/launch_yaml:/home/adwitiya/ros2_humble/install/launch_xml:/home/adwitiya/ros2_humble/install/launch:/home/adwitiya/ros2_humble/install/osrf_pycommon:/home/adwitiya/ros2_humble/install/launch_testing_examples:/home/adwitiya/ros2_humble/install/domain_coordinator:/home/adwitiya/ros2_humble/install/ament_xmllint:/home/adwitiya/ros2_humble/install/ament_pyflakes:/home/adwitiya/ros2_humble/install/ament_pycodestyle:/home/adwitiya/ros2_humble/install/ament_pep257:/home/adwitiya/ros2_humble/install/ament_pclint:/home/adwitiya/ros2_humble/install/ament_package:/home/adwitiya/ros2_humble/install/ament_mypy:/home/adwitiya/ros2_humble/install/ament_lint_cmake:/home/adwitiya/ros2_humble/install/ament_flake8:/home/adwitiya/ros2_humble/install/ament_copyright:/home/adwitiya/ros2_humble/install/ament_lint:/home/adwitiya/ros2_humble/install/ament_index_python:/home/adwitiya/ros2_humble/install/ament_cpplint:/home/adwitiya/ros2_humble/install/ament_cppcheck:/home/adwitiya/ros2_humble/install/ament_clang_tidy:/home/adwitiya/ros2_humble/install/ament_clang_format /usr/bin/cmake --build /home/adwitiya/micro-ros/agent_ws/build/micro_ros_msgs -- -j8 -l8
[43.304s] [  2%] [34m[1mGenerating C code for ROS interfaces[0m
[43.305s] [35m[1mScanning dependencies of target ament_cmake_python_copy_micro_ros_msgs[0m
[43.305s] [35m[1mScanning dependencies of target micro_ros_msgs__cpp[0m
[43.349s] [  4%] [34m[1mGenerating C++ code for ROS interfaces[0m
[43.391s] [  4%] Built target ament_cmake_python_copy_micro_ros_msgs
[43.444s] [35m[1mScanning dependencies of target ament_cmake_python_build_micro_ros_msgs_egg[0m
[44.953s] running egg_info
[44.957s] creating micro_ros_msgs.egg-info
[44.959s] writing micro_ros_msgs.egg-info/PKG-INFO
[44.962s] writing dependency_links to micro_ros_msgs.egg-info/dependency_links.txt
[44.963s] writing top-level names to micro_ros_msgs.egg-info/top_level.txt
[44.964s] writing manifest file 'micro_ros_msgs.egg-info/SOURCES.txt'
[45.115s] [  4%] Built target micro_ros_msgs__cpp
[45.166s] [35m[1mScanning dependencies of target micro_ros_msgs__rosidl_generator_c[0m
[45.166s] [  6%] [34m[1mGenerating C++ type support for eProsima Fast-RTPS[0m
[45.172s] [  8%] [34m[1mGenerating C++ type support dispatch for ROS interfaces[0m
[45.172s] [ 10%] [34m[1mGenerating C++ introspection for ROS interfaces[0m
[45.254s] reading manifest file 'micro_ros_msgs.egg-info/SOURCES.txt'
[45.256s] writing manifest file 'micro_ros_msgs.egg-info/SOURCES.txt'
[45.272s] [ 14%] [32mBuilding C object CMakeFiles/micro_ros_msgs__rosidl_generator_c.dir/rosidl_generator_c/micro_ros_msgs/msg/detail/graph__functions.c.o[0m
[45.273s] [ 14%] [32mBuilding C object CMakeFiles/micro_ros_msgs__rosidl_generator_c.dir/rosidl_generator_c/micro_ros_msgs/msg/detail/node__functions.c.o[0m
[45.284s] [ 17%] [32mBuilding C object CMakeFiles/micro_ros_msgs__rosidl_generator_c.dir/rosidl_generator_c/micro_ros_msgs/msg/detail/entity__functions.c.o[0m
[45.403s] [ 17%] Built target ament_cmake_python_build_micro_ros_msgs_egg
[45.466s] [ 19%] [32m[1mLinking C shared library libmicro_ros_msgs__rosidl_generator_c.so[0m
[45.668s] [ 19%] Built target micro_ros_msgs__rosidl_generator_c
[45.721s] [ 23%] [34m[1mGenerating C introspection for ROS interfaces[0m
[45.722s] [ 23%] [34m[1mGenerating C type support for eProsima Fast-RTPS[0m
[45.730s] [ 25%] [34m[1mGenerating C type support dispatch for ROS interfaces[0m
[47.206s] [35m[1mScanning dependencies of target micro_ros_msgs__rosidl_typesupport_cpp[0m
[47.285s] [ 27%] [32mBuilding CXX object CMakeFiles/micro_ros_msgs__rosidl_typesupport_cpp.dir/rosidl_typesupport_cpp/micro_ros_msgs/msg/node__type_support.cpp.o[0m
[47.293s] [ 29%] [32mBuilding CXX object CMakeFiles/micro_ros_msgs__rosidl_typesupport_cpp.dir/rosidl_typesupport_cpp/micro_ros_msgs/msg/entity__type_support.cpp.o[0m
[47.303s] [35m[1mScanning dependencies of target micro_ros_msgs__rosidl_typesupport_fastrtps_cpp[0m
[47.317s] [ 31%] [32mBuilding CXX object CMakeFiles/micro_ros_msgs__rosidl_typesupport_cpp.dir/rosidl_typesupport_cpp/micro_ros_msgs/msg/graph__type_support.cpp.o[0m
[47.393s] [ 34%] [32mBuilding CXX object CMakeFiles/micro_ros_msgs__rosidl_typesupport_fastrtps_cpp.dir/rosidl_typesupport_fastrtps_cpp/micro_ros_msgs/msg/detail/dds_fastrtps/graph__type_support.cpp.o[0m
[47.592s] [35m[1mScanning dependencies of target micro_ros_msgs__rosidl_typesupport_introspection_cpp[0m
[47.736s] [ 36%] [32mBuilding CXX object CMakeFiles/micro_ros_msgs__rosidl_typesupport_introspection_cpp.dir/rosidl_typesupport_introspection_cpp/micro_ros_msgs/msg/detail/graph__type_support.cpp.o[0m
[48.122s] [35m[1mScanning dependencies of target micro_ros_msgs__rosidl_typesupport_c[0m
[48.204s] [ 38%] [32mBuilding CXX object CMakeFiles/micro_ros_msgs__rosidl_typesupport_c.dir/rosidl_typesupport_c/micro_ros_msgs/msg/graph__type_support.cpp.o[0m
[48.301s] [ 40%] [32mBuilding CXX object CMakeFiles/micro_ros_msgs__rosidl_typesupport_introspection_cpp.dir/rosidl_typesupport_introspection_cpp/micro_ros_msgs/msg/detail/node__type_support.cpp.o[0m
[48.356s] [ 42%] [32mBuilding CXX object CMakeFiles/micro_ros_msgs__rosidl_typesupport_introspection_cpp.dir/rosidl_typesupport_introspection_cpp/micro_ros_msgs/msg/detail/entity__type_support.cpp.o[0m
[48.363s] [ 44%] [32m[1mLinking CXX shared library libmicro_ros_msgs__rosidl_typesupport_cpp.so[0m
[48.372s] [ 46%] [32mBuilding CXX object CMakeFiles/micro_ros_msgs__rosidl_typesupport_c.dir/rosidl_typesupport_c/micro_ros_msgs/msg/node__type_support.cpp.o[0m
[48.390s] [35m[1mScanning dependencies of target micro_ros_msgs__rosidl_typesupport_fastrtps_c[0m
[48.398s] [35m[1mScanning dependencies of target micro_ros_msgs__rosidl_typesupport_introspection_c[0m
[48.479s] [ 48%] [32mBuilding CXX object CMakeFiles/micro_ros_msgs__rosidl_typesupport_fastrtps_c.dir/rosidl_typesupport_fastrtps_c/micro_ros_msgs/msg/detail/graph__type_support_c.cpp.o[0m
[48.492s] [ 51%] [32mBuilding C object CMakeFiles/micro_ros_msgs__rosidl_typesupport_introspection_c.dir/rosidl_typesupport_introspection_c/micro_ros_msgs/msg/detail/graph__type_support.c.o[0m
[48.523s] [ 53%] [32mBuilding CXX object CMakeFiles/micro_ros_msgs__rosidl_typesupport_c.dir/rosidl_typesupport_c/micro_ros_msgs/msg/entity__type_support.cpp.o[0m
[48.614s] [ 53%] Built target micro_ros_msgs__rosidl_typesupport_cpp
[48.680s] [ 55%] [32mBuilding C object CMakeFiles/micro_ros_msgs__rosidl_typesupport_introspection_c.dir/rosidl_typesupport_introspection_c/micro_ros_msgs/msg/detail/node__type_support.c.o[0m
[48.694s] [ 57%] [32mBuilding C object CMakeFiles/micro_ros_msgs__rosidl_typesupport_introspection_c.dir/rosidl_typesupport_introspection_c/micro_ros_msgs/msg/detail/entity__type_support.c.o[0m
[48.722s] [ 59%] [32m[1mLinking CXX shared library libmicro_ros_msgs__rosidl_typesupport_c.so[0m
[48.900s] [ 61%] [32mBuilding CXX object CMakeFiles/micro_ros_msgs__rosidl_typesupport_fastrtps_c.dir/rosidl_typesupport_fastrtps_c/micro_ros_msgs/msg/detail/node__type_support_c.cpp.o[0m
[48.944s] [ 63%] [32m[1mLinking C shared library libmicro_ros_msgs__rosidl_typesupport_introspection_c.so[0m
[48.987s] [ 63%] Built target micro_ros_msgs__rosidl_typesupport_c
[49.063s] [ 65%] [32mBuilding CXX object CMakeFiles/micro_ros_msgs__rosidl_typesupport_fastrtps_c.dir/rosidl_typesupport_fastrtps_c/micro_ros_msgs/msg/detail/entity__type_support_c.cpp.o[0m
[49.100s] [ 68%] [32mBuilding CXX object CMakeFiles/micro_ros_msgs__rosidl_typesupport_fastrtps_cpp.dir/rosidl_typesupport_fastrtps_cpp/micro_ros_msgs/msg/detail/dds_fastrtps/node__type_support.cpp.o[0m
[49.186s] [ 68%] Built target micro_ros_msgs__rosidl_typesupport_introspection_c
[49.267s] [ 70%] [32mBuilding CXX object CMakeFiles/micro_ros_msgs__rosidl_typesupport_fastrtps_cpp.dir/rosidl_typesupport_fastrtps_cpp/micro_ros_msgs/msg/detail/dds_fastrtps/entity__type_support.cpp.o[0m
[50.018s] [ 72%] [32m[1mLinking CXX shared library libmicro_ros_msgs__rosidl_typesupport_introspection_cpp.so[0m
[50.278s] [ 74%] [32m[1mLinking CXX shared library libmicro_ros_msgs__rosidl_typesupport_fastrtps_c.so[0m
[50.289s] [ 74%] Built target micro_ros_msgs__rosidl_typesupport_introspection_cpp
[50.542s] [ 74%] Built target micro_ros_msgs__rosidl_typesupport_fastrtps_c
[50.670s] [ 76%] [32m[1mLinking CXX shared library libmicro_ros_msgs__rosidl_typesupport_fastrtps_cpp.so[0m
[50.901s] [ 76%] Built target micro_ros_msgs__rosidl_typesupport_fastrtps_cpp
[50.948s] [35m[1mScanning dependencies of target micro_ros_msgs[0m
[51.000s] [ 76%] Built target micro_ros_msgs
[51.050s] [35m[1mScanning dependencies of target micro_ros_msgs__py[0m
[51.102s] [ 78%] [34m[1mGenerating Python code for ROS interfaces[0m
[52.942s] [ 78%] Built target micro_ros_msgs__py
[52.994s] [35m[1mScanning dependencies of target micro_ros_msgs__rosidl_generator_py[0m
[53.102s] [ 85%] [32mBuilding C object CMakeFiles/micro_ros_msgs__rosidl_generator_py.dir/rosidl_generator_py/micro_ros_msgs/msg/_node_s.c.o[0m
[53.102s] [ 85%] [32mBuilding C object CMakeFiles/micro_ros_msgs__rosidl_generator_py.dir/rosidl_generator_py/micro_ros_msgs/msg/_graph_s.c.o[0m
[53.103s] [ 85%] [32mBuilding C object CMakeFiles/micro_ros_msgs__rosidl_generator_py.dir/rosidl_generator_py/micro_ros_msgs/msg/_entity_s.c.o[0m
[53.320s] [ 87%] [32m[1mLinking C shared library rosidl_generator_py/micro_ros_msgs/libmicro_ros_msgs__rosidl_generator_py.so[0m
[53.656s] [ 87%] Built target micro_ros_msgs__rosidl_generator_py
[53.702s] [35m[1mScanning dependencies of target micro_ros_msgs__rosidl_typesupport_c__pyext[0m
[53.702s] [35m[1mScanning dependencies of target micro_ros_msgs__rosidl_typesupport_fastrtps_c__pyext[0m
[53.705s] [35m[1mScanning dependencies of target micro_ros_msgs__rosidl_typesupport_introspection_c__pyext[0m
[53.761s] [ 93%] [32mBuilding C object CMakeFiles/micro_ros_msgs__rosidl_typesupport_c__pyext.dir/rosidl_generator_py/micro_ros_msgs/_micro_ros_msgs_s.ep.rosidl_typesupport_c.c.o[0m
[53.762s] [ 93%] [32mBuilding C object CMakeFiles/micro_ros_msgs__rosidl_typesupport_fastrtps_c__pyext.dir/rosidl_generator_py/micro_ros_msgs/_micro_ros_msgs_s.ep.rosidl_typesupport_fastrtps_c.c.o[0m
[53.762s] [ 93%] [32mBuilding C object CMakeFiles/micro_ros_msgs__rosidl_typesupport_introspection_c__pyext.dir/rosidl_generator_py/micro_ros_msgs/_micro_ros_msgs_s.ep.rosidl_typesupport_introspection_c.c.o[0m
[53.968s] [ 95%] [32m[1mLinking C shared library rosidl_generator_py/micro_ros_msgs/micro_ros_msgs_s__rosidl_typesupport_c.cpython-38-x86_64-linux-gnu.so[0m
[53.982s] [ 97%] [32m[1mLinking C shared library rosidl_generator_py/micro_ros_msgs/micro_ros_msgs_s__rosidl_typesupport_introspection_c.cpython-38-x86_64-linux-gnu.so[0m
[53.990s] [100%] [32m[1mLinking C shared library rosidl_generator_py/micro_ros_msgs/micro_ros_msgs_s__rosidl_typesupport_fastrtps_c.cpython-38-x86_64-linux-gnu.so[0m
[54.093s] [100%] Built target micro_ros_msgs__rosidl_typesupport_c__pyext
[54.105s] [100%] Built target micro_ros_msgs__rosidl_typesupport_fastrtps_c__pyext
[54.106s] [100%] Built target micro_ros_msgs__rosidl_typesupport_introspection_c__pyext
[54.150s] Invoked command in '/home/adwitiya/micro-ros/agent_ws/build/micro_ros_msgs' returned '0': CMAKE_PREFIX_PATH=${CMAKE_PREFIX_PATH}:/home/adwitiya/ros2_ws/install/my_robot_controller:/home/adwitiya/ros2_humble/install/rqt_bag_plugins:/home/adwitiya/ros2_humble/install/rqt_bag:/home/adwitiya/ros2_humble/install/ros2bag:/home/adwitiya/ros2_humble/install/tracetools_test:/home/adwitiya/ros2_humble/install/tracetools_launch:/home/adwitiya/ros2_humble/install/topic_monitor:/home/adwitiya/ros2_humble/install/tf2_tools:/home/adwitiya/ros2_humble/install/examples_tf2_py:/home/adwitiya/ros2_humble/install/tf2_ros_py:/home/adwitiya/ros2_humble/install/sros2:/home/adwitiya/ros2_humble/install/rqt_topic:/home/adwitiya/ros2_humble/install/rqt_srv:/home/adwitiya/ros2_humble/install/rqt_shell:/home/adwitiya/ros2_humble/install/rqt_service_caller:/home/adwitiya/ros2_humble/install/rqt_reconfigure:/home/adwitiya/ros2_humble/install/rqt_py_console:/home/adwitiya/ros2_humble/install/rqt_publisher:/home/adwitiya/ros2_humble/install/rqt_plot:/home/adwitiya/ros2_humble/install/rqt_action:/home/adwitiya/ros2_humble/install/rqt_msg:/home/adwitiya/ros2_humble/install/rqt_console:/home/adwitiya/ros2_humble/install/rqt:/home/adwitiya/ros2_humble/install/rqt_graph:/home/adwitiya/ros2_humble/install/rqt_gui_py:/home/adwitiya/ros2_humble/install/rqt_gui:/home/adwitiya/ros2_humble/install/ros2trace:/home/adwitiya/ros2_humble/install/ros2topic:/home/adwitiya/ros2_humble/install/ros2test:/home/adwitiya/ros2_humble/install/ros2component:/home/adwitiya/ros2_humble/install/ros2param:/home/adwitiya/ros2_humble/install/ros2lifecycle:/home/adwitiya/ros2_humble/install/ros2service:/home/adwitiya/ros2_humble/install/ros2run:/home/adwitiya/ros2_humble/install/ros2launch:/home/adwitiya/ros2_humble/install/ros2pkg:/home/adwitiya/ros2_humble/install/ros2node:/home/adwitiya/ros2_humble/install/ros2multicast:/home/adwitiya/ros2_humble/install/ros2interface:/home/adwitiya/ros2_humble/install/ros2doctor:/home/adwitiya/ros2_humble/install/ros2action:/home/adwitiya/ros2_humble/install/ros2cli:/home/adwitiya/ros2_humble/install/quality_of_service_demo_py:/home/adwitiya/ros2_humble/install/lifecycle_py:/home/adwitiya/ros2_humble/install/launch_testing_ros:/home/adwitiya/ros2_humble/install/launch_ros:/home/adwitiya/ros2_humble/install/examples_rclpy_pointcloud_publisher:/home/adwitiya/ros2_humble/install/examples_rclpy_minimal_subscriber:/home/adwitiya/ros2_humble/install/examples_rclpy_minimal_service:/home/adwitiya/ros2_humble/install/examples_rclpy_minimal_publisher:/home/adwitiya/ros2_humble/install/examples_rclpy_minimal_client:/home/adwitiya/ros2_humble/install/examples_rclpy_minimal_action_server:/home/adwitiya/ros2_humble/install/examples_rclpy_minimal_action_client:/home/adwitiya/ros2_humble/install/examples_rclpy_guard_conditions:/home/adwitiya/ros2_humble/install/examples_rclpy_executors:/home/adwitiya/ros2_humble/install/demo_nodes_py:/home/adwitiya/ros2_humble/install/action_tutorials_py:/home/adwitiya/ros2_humble/install/ament_uncrustify:/home/adwitiya/ros2_humble/install/tracetools_trace:/home/adwitiya/ros2_humble/install/tracetools_read:/home/adwitiya/ros2_humble/install/test_tracetools_launch:/home/adwitiya/ros2_humble/install/test_launch_ros:/home/adwitiya/ros2_humble/install/sensor_msgs_py:/home/adwitiya/ros2_humble/install/rpyutils:/home/adwitiya/ros2_humble/install/rosidl_runtime_py:/home/adwitiya/ros2_humble/install/rosidl_cli:/home/adwitiya/ros2_humble/install/launch_pytest:/home/adwitiya/ros2_humble/install/launch_testing:/home/adwitiya/ros2_humble/install/launch_yaml:/home/adwitiya/ros2_humble/install/launch_xml:/home/adwitiya/ros2_humble/install/launch:/home/adwitiya/ros2_humble/install/osrf_pycommon:/home/adwitiya/ros2_humble/install/launch_testing_examples:/home/adwitiya/ros2_humble/install/domain_coordinator:/home/adwitiya/ros2_humble/install/ament_xmllint:/home/adwitiya/ros2_humble/install/ament_pyflakes:/home/adwitiya/ros2_humble/install/ament_pycodestyle:/home/adwitiya/ros2_humble/install/ament_pep257:/home/adwitiya/ros2_humble/install/ament_pclint:/home/adwitiya/ros2_humble/install/ament_package:/home/adwitiya/ros2_humble/install/ament_mypy:/home/adwitiya/ros2_humble/install/ament_lint_cmake:/home/adwitiya/ros2_humble/install/ament_flake8:/home/adwitiya/ros2_humble/install/ament_copyright:/home/adwitiya/ros2_humble/install/ament_lint:/home/adwitiya/ros2_humble/install/ament_index_python:/home/adwitiya/ros2_humble/install/ament_cpplint:/home/adwitiya/ros2_humble/install/ament_cppcheck:/home/adwitiya/ros2_humble/install/ament_clang_tidy:/home/adwitiya/ros2_humble/install/ament_clang_format /usr/bin/cmake --build /home/adwitiya/micro-ros/agent_ws/build/micro_ros_msgs -- -j8 -l8
[54.869s] Invoking command in '/home/adwitiya/micro-ros/agent_ws/build/micro_ros_msgs': CMAKE_PREFIX_PATH=${CMAKE_PREFIX_PATH}:/home/adwitiya/ros2_ws/install/my_robot_controller:/home/adwitiya/ros2_humble/install/rqt_bag_plugins:/home/adwitiya/ros2_humble/install/rqt_bag:/home/adwitiya/ros2_humble/install/ros2bag:/home/adwitiya/ros2_humble/install/tracetools_test:/home/adwitiya/ros2_humble/install/tracetools_launch:/home/adwitiya/ros2_humble/install/topic_monitor:/home/adwitiya/ros2_humble/install/tf2_tools:/home/adwitiya/ros2_humble/install/examples_tf2_py:/home/adwitiya/ros2_humble/install/tf2_ros_py:/home/adwitiya/ros2_humble/install/sros2:/home/adwitiya/ros2_humble/install/rqt_topic:/home/adwitiya/ros2_humble/install/rqt_srv:/home/adwitiya/ros2_humble/install/rqt_shell:/home/adwitiya/ros2_humble/install/rqt_service_caller:/home/adwitiya/ros2_humble/install/rqt_reconfigure:/home/adwitiya/ros2_humble/install/rqt_py_console:/home/adwitiya/ros2_humble/install/rqt_publisher:/home/adwitiya/ros2_humble/install/rqt_plot:/home/adwitiya/ros2_humble/install/rqt_action:/home/adwitiya/ros2_humble/install/rqt_msg:/home/adwitiya/ros2_humble/install/rqt_console:/home/adwitiya/ros2_humble/install/rqt:/home/adwitiya/ros2_humble/install/rqt_graph:/home/adwitiya/ros2_humble/install/rqt_gui_py:/home/adwitiya/ros2_humble/install/rqt_gui:/home/adwitiya/ros2_humble/install/ros2trace:/home/adwitiya/ros2_humble/install/ros2topic:/home/adwitiya/ros2_humble/install/ros2test:/home/adwitiya/ros2_humble/install/ros2component:/home/adwitiya/ros2_humble/install/ros2param:/home/adwitiya/ros2_humble/install/ros2lifecycle:/home/adwitiya/ros2_humble/install/ros2service:/home/adwitiya/ros2_humble/install/ros2run:/home/adwitiya/ros2_humble/install/ros2launch:/home/adwitiya/ros2_humble/install/ros2pkg:/home/adwitiya/ros2_humble/install/ros2node:/home/adwitiya/ros2_humble/install/ros2multicast:/home/adwitiya/ros2_humble/install/ros2interface:/home/adwitiya/ros2_humble/install/ros2doctor:/home/adwitiya/ros2_humble/install/ros2action:/home/adwitiya/ros2_humble/install/ros2cli:/home/adwitiya/ros2_humble/install/quality_of_service_demo_py:/home/adwitiya/ros2_humble/install/lifecycle_py:/home/adwitiya/ros2_humble/install/launch_testing_ros:/home/adwitiya/ros2_humble/install/launch_ros:/home/adwitiya/ros2_humble/install/examples_rclpy_pointcloud_publisher:/home/adwitiya/ros2_humble/install/examples_rclpy_minimal_subscriber:/home/adwitiya/ros2_humble/install/examples_rclpy_minimal_service:/home/adwitiya/ros2_humble/install/examples_rclpy_minimal_publisher:/home/adwitiya/ros2_humble/install/examples_rclpy_minimal_client:/home/adwitiya/ros2_humble/install/examples_rclpy_minimal_action_server:/home/adwitiya/ros2_humble/install/examples_rclpy_minimal_action_client:/home/adwitiya/ros2_humble/install/examples_rclpy_guard_conditions:/home/adwitiya/ros2_humble/install/examples_rclpy_executors:/home/adwitiya/ros2_humble/install/demo_nodes_py:/home/adwitiya/ros2_humble/install/action_tutorials_py:/home/adwitiya/ros2_humble/install/ament_uncrustify:/home/adwitiya/ros2_humble/install/tracetools_trace:/home/adwitiya/ros2_humble/install/tracetools_read:/home/adwitiya/ros2_humble/install/test_tracetools_launch:/home/adwitiya/ros2_humble/install/test_launch_ros:/home/adwitiya/ros2_humble/install/sensor_msgs_py:/home/adwitiya/ros2_humble/install/rpyutils:/home/adwitiya/ros2_humble/install/rosidl_runtime_py:/home/adwitiya/ros2_humble/install/rosidl_cli:/home/adwitiya/ros2_humble/install/launch_pytest:/home/adwitiya/ros2_humble/install/launch_testing:/home/adwitiya/ros2_humble/install/launch_yaml:/home/adwitiya/ros2_humble/install/launch_xml:/home/adwitiya/ros2_humble/install/launch:/home/adwitiya/ros2_humble/install/osrf_pycommon:/home/adwitiya/ros2_humble/install/launch_testing_examples:/home/adwitiya/ros2_humble/install/domain_coordinator:/home/adwitiya/ros2_humble/install/ament_xmllint:/home/adwitiya/ros2_humble/install/ament_pyflakes:/home/adwitiya/ros2_humble/install/ament_pycodestyle:/home/adwitiya/ros2_humble/install/ament_pep257:/home/adwitiya/ros2_humble/install/ament_pclint:/home/adwitiya/ros2_humble/install/ament_package:/home/adwitiya/ros2_humble/install/ament_mypy:/home/adwitiya/ros2_humble/install/ament_lint_cmake:/home/adwitiya/ros2_humble/install/ament_flake8:/home/adwitiya/ros2_humble/install/ament_copyright:/home/adwitiya/ros2_humble/install/ament_lint:/home/adwitiya/ros2_humble/install/ament_index_python:/home/adwitiya/ros2_humble/install/ament_cpplint:/home/adwitiya/ros2_humble/install/ament_cppcheck:/home/adwitiya/ros2_humble/install/ament_clang_tidy:/home/adwitiya/ros2_humble/install/ament_clang_format /usr/bin/cmake --install /home/adwitiya/micro-ros/agent_ws/build/micro_ros_msgs
[54.908s] -- Install configuration: ""
[54.908s] -- Installing: /home/adwitiya/micro-ros/agent_ws/install/micro_ros_msgs/share/ament_index/resource_index/rosidl_interfaces/micro_ros_msgs
[54.908s] -- Installing: /home/adwitiya/micro-ros/agent_ws/install/micro_ros_msgs/include/micro_ros_msgs/micro_ros_msgs
[54.908s] -- Installing: /home/adwitiya/micro-ros/agent_ws/install/micro_ros_msgs/include/micro_ros_msgs/micro_ros_msgs/msg
[54.909s] -- Installing: /home/adwitiya/micro-ros/agent_ws/install/micro_ros_msgs/include/micro_ros_msgs/micro_ros_msgs/msg/entity.h
[54.909s] -- Installing: /home/adwitiya/micro-ros/agent_ws/install/micro_ros_msgs/include/micro_ros_msgs/micro_ros_msgs/msg/rosidl_generator_c__visibility_control.h
[54.909s] -- Installing: /home/adwitiya/micro-ros/agent_ws/install/micro_ros_msgs/include/micro_ros_msgs/micro_ros_msgs/msg/node.h
[54.909s] -- Installing: /home/adwitiya/micro-ros/agent_ws/install/micro_ros_msgs/include/micro_ros_msgs/micro_ros_msgs/msg/detail
[54.910s] -- Installing: /home/adwitiya/micro-ros/agent_ws/install/micro_ros_msgs/include/micro_ros_msgs/micro_ros_msgs/msg/detail/graph__functions.h
[54.910s] -- Installing: /home/adwitiya/micro-ros/agent_ws/install/micro_ros_msgs/include/micro_ros_msgs/micro_ros_msgs/msg/detail/graph__functions.c
[54.910s] -- Installing: /home/adwitiya/micro-ros/agent_ws/install/micro_ros_msgs/include/micro_ros_msgs/micro_ros_msgs/msg/detail/node__functions.h
[54.911s] -- Installing: /home/adwitiya/micro-ros/agent_ws/install/micro_ros_msgs/include/micro_ros_msgs/micro_ros_msgs/msg/detail/graph__type_support.h
[54.911s] -- Installing: /home/adwitiya/micro-ros/agent_ws/install/micro_ros_msgs/include/micro_ros_msgs/micro_ros_msgs/msg/detail/node__struct.h
[54.911s] -- Installing: /home/adwitiya/micro-ros/agent_ws/install/micro_ros_msgs/include/micro_ros_msgs/micro_ros_msgs/msg/detail/node__functions.c
[54.911s] -- Installing: /home/adwitiya/micro-ros/agent_ws/install/micro_ros_msgs/include/micro_ros_msgs/micro_ros_msgs/msg/detail/entity__type_support.h
[54.911s] -- Installing: /home/adwitiya/micro-ros/agent_ws/install/micro_ros_msgs/include/micro_ros_msgs/micro_ros_msgs/msg/detail/entity__struct.h
[54.912s] -- Installing: /home/adwitiya/micro-ros/agent_ws/install/micro_ros_msgs/include/micro_ros_msgs/micro_ros_msgs/msg/detail/entity__functions.c
[54.912s] -- Installing: /home/adwitiya/micro-ros/agent_ws/install/micro_ros_msgs/include/micro_ros_msgs/micro_ros_msgs/msg/detail/entity__functions.h
[54.912s] -- Installing: /home/adwitiya/micro-ros/agent_ws/install/micro_ros_msgs/include/micro_ros_msgs/micro_ros_msgs/msg/detail/graph__struct.h
[54.912s] -- Installing: /home/adwitiya/micro-ros/agent_ws/install/micro_ros_msgs/include/micro_ros_msgs/micro_ros_msgs/msg/detail/node__type_support.h
[54.913s] -- Installing: /home/adwitiya/micro-ros/agent_ws/install/micro_ros_msgs/include/micro_ros_msgs/micro_ros_msgs/msg/graph.h
[54.913s] -- Installing: /home/adwitiya/micro-ros/agent_ws/install/micro_ros_msgs/share/micro_ros_msgs/environment/library_path.sh
[54.913s] -- Installing: /home/adwitiya/micro-ros/agent_ws/install/micro_ros_msgs/share/micro_ros_msgs/environment/library_path.dsv
[54.913s] -- Installing: /home/adwitiya/micro-ros/agent_ws/install/micro_ros_msgs/lib/libmicro_ros_msgs__rosidl_generator_c.so
[54.914s] -- Set runtime path of "/home/adwitiya/micro-ros/agent_ws/install/micro_ros_msgs/lib/libmicro_ros_msgs__rosidl_generator_c.so" to ""
[54.914s] -- Up-to-date: /home/adwitiya/micro-ros/agent_ws/install/micro_ros_msgs/include/micro_ros_msgs/micro_ros_msgs
[54.914s] -- Up-to-date: /home/adwitiya/micro-ros/agent_ws/install/micro_ros_msgs/include/micro_ros_msgs/micro_ros_msgs/msg
[54.914s] -- Installing: /home/adwitiya/micro-ros/agent_ws/install/micro_ros_msgs/include/micro_ros_msgs/micro_ros_msgs/msg/rosidl_typesupport_introspection_c__visibility_control.h
[54.915s] -- Up-to-date: /home/adwitiya/micro-ros/agent_ws/install/micro_ros_msgs/include/micro_ros_msgs/micro_ros_msgs/msg/detail
[54.915s] -- Installing: /home/adwitiya/micro-ros/agent_ws/install/micro_ros_msgs/include/micro_ros_msgs/micro_ros_msgs/msg/detail/entity__type_support.c
[54.915s] -- Installing: /home/adwitiya/micro-ros/agent_ws/install/micro_ros_msgs/include/micro_ros_msgs/micro_ros_msgs/msg/detail/graph__rosidl_typesupport_introspection_c.h
[54.916s] -- Installing: /home/adwitiya/micro-ros/agent_ws/install/micro_ros_msgs/include/micro_ros_msgs/micro_ros_msgs/msg/detail/graph__type_support.c
[54.916s] -- Installing: /home/adwitiya/micro-ros/agent_ws/install/micro_ros_msgs/include/micro_ros_msgs/micro_ros_msgs/msg/detail/entity__rosidl_typesupport_introspection_c.h
[54.916s] -- Installing: /home/adwitiya/micro-ros/agent_ws/install/micro_ros_msgs/include/micro_ros_msgs/micro_ros_msgs/msg/detail/node__rosidl_typesupport_introspection_c.h
[54.916s] -- Installing: /home/adwitiya/micro-ros/agent_ws/install/micro_ros_msgs/include/micro_ros_msgs/micro_ros_msgs/msg/detail/node__type_support.c
[54.916s] -- Installing: /home/adwitiya/micro-ros/agent_ws/install/micro_ros_msgs/lib/libmicro_ros_msgs__rosidl_typesupport_introspection_c.so
[54.916s] -- Set runtime path of "/home/adwitiya/micro-ros/agent_ws/install/micro_ros_msgs/lib/libmicro_ros_msgs__rosidl_typesupport_introspection_c.so" to ""
[54.917s] -- Up-to-date: /home/adwitiya/micro-ros/agent_ws/install/micro_ros_msgs/include/micro_ros_msgs/micro_ros_msgs
[54.917s] -- Up-to-date: /home/adwitiya/micro-ros/agent_ws/install/micro_ros_msgs/include/micro_ros_msgs/micro_ros_msgs/msg
[54.917s] -- Installing: /home/adwitiya/micro-ros/agent_ws/install/micro_ros_msgs/include/micro_ros_msgs/micro_ros_msgs/msg/rosidl_typesupport_fastrtps_c__visibility_control.h
[54.917s] -- Up-to-date: /home/adwitiya/micro-ros/agent_ws/install/micro_ros_msgs/include/micro_ros_msgs/micro_ros_msgs/msg/detail
[54.917s] -- Installing: /home/adwitiya/micro-ros/agent_ws/install/micro_ros_msgs/include/micro_ros_msgs/micro_ros_msgs/msg/detail/node__rosidl_typesupport_fastrtps_c.h
[54.917s] -- Installing: /home/adwitiya/micro-ros/agent_ws/install/micro_ros_msgs/include/micro_ros_msgs/micro_ros_msgs/msg/detail/entity__rosidl_typesupport_fastrtps_c.h
[54.917s] -- Installing: /home/adwitiya/micro-ros/agent_ws/install/micro_ros_msgs/include/micro_ros_msgs/micro_ros_msgs/msg/detail/graph__rosidl_typesupport_fastrtps_c.h
[54.918s] -- Installing: /home/adwitiya/micro-ros/agent_ws/install/micro_ros_msgs/lib/libmicro_ros_msgs__rosidl_typesupport_fastrtps_c.so
[54.918s] -- Set runtime path of "/home/adwitiya/micro-ros/agent_ws/install/micro_ros_msgs/lib/libmicro_ros_msgs__rosidl_typesupport_fastrtps_c.so" to ""
[54.918s] -- Installing: /home/adwitiya/micro-ros/agent_ws/install/micro_ros_msgs/lib/libmicro_ros_msgs__rosidl_typesupport_c.so
[54.919s] -- Set runtime path of "/home/adwitiya/micro-ros/agent_ws/install/micro_ros_msgs/lib/libmicro_ros_msgs__rosidl_typesupport_c.so" to ""
[54.920s] -- Up-to-date: /home/adwitiya/micro-ros/agent_ws/install/micro_ros_msgs/include/micro_ros_msgs/micro_ros_msgs
[54.920s] -- Up-to-date: /home/adwitiya/micro-ros/agent_ws/install/micro_ros_msgs/include/micro_ros_msgs/micro_ros_msgs/msg
[54.920s] -- Up-to-date: /home/adwitiya/micro-ros/agent_ws/install/micro_ros_msgs/include/micro_ros_msgs/micro_ros_msgs/msg/detail
[54.921s] -- Installing: /home/adwitiya/micro-ros/agent_ws/install/micro_ros_msgs/include/micro_ros_msgs/micro_ros_msgs/msg/detail/graph__struct.hpp
[54.921s] -- Installing: /home/adwitiya/micro-ros/agent_ws/install/micro_ros_msgs/include/micro_ros_msgs/micro_ros_msgs/msg/detail/node__traits.hpp
[54.921s] -- Installing: /home/adwitiya/micro-ros/agent_ws/install/micro_ros_msgs/include/micro_ros_msgs/micro_ros_msgs/msg/detail/entity__struct.hpp
[54.922s] -- Installing: /home/adwitiya/micro-ros/agent_ws/install/micro_ros_msgs/include/micro_ros_msgs/micro_ros_msgs/msg/detail/graph__builder.hpp
[54.922s] -- Installing: /home/adwitiya/micro-ros/agent_ws/install/micro_ros_msgs/include/micro_ros_msgs/micro_ros_msgs/msg/detail/graph__traits.hpp
[54.922s] -- Installing: /home/adwitiya/micro-ros/agent_ws/install/micro_ros_msgs/include/micro_ros_msgs/micro_ros_msgs/msg/detail/node__struct.hpp
[54.923s] -- Installing: /home/adwitiya/micro-ros/agent_ws/install/micro_ros_msgs/include/micro_ros_msgs/micro_ros_msgs/msg/detail/entity__traits.hpp
[54.923s] -- Installing: /home/adwitiya/micro-ros/agent_ws/install/micro_ros_msgs/include/micro_ros_msgs/micro_ros_msgs/msg/detail/entity__builder.hpp
[54.923s] -- Installing: /home/adwitiya/micro-ros/agent_ws/install/micro_ros_msgs/include/micro_ros_msgs/micro_ros_msgs/msg/detail/node__builder.hpp
[54.923s] -- Installing: /home/adwitiya/micro-ros/agent_ws/install/micro_ros_msgs/include/micro_ros_msgs/micro_ros_msgs/msg/node.hpp
[54.923s] -- Installing: /home/adwitiya/micro-ros/agent_ws/install/micro_ros_msgs/include/micro_ros_msgs/micro_ros_msgs/msg/entity.hpp
[54.924s] -- Installing: /home/adwitiya/micro-ros/agent_ws/install/micro_ros_msgs/include/micro_ros_msgs/micro_ros_msgs/msg/graph.hpp
[54.924s] -- Up-to-date: /home/adwitiya/micro-ros/agent_ws/install/micro_ros_msgs/include/micro_ros_msgs/micro_ros_msgs
[54.924s] -- Up-to-date: /home/adwitiya/micro-ros/agent_ws/install/micro_ros_msgs/include/micro_ros_msgs/micro_ros_msgs/msg
[54.924s] -- Up-to-date: /home/adwitiya/micro-ros/agent_ws/install/micro_ros_msgs/include/micro_ros_msgs/micro_ros_msgs/msg/detail
[54.925s] -- Installing: /home/adwitiya/micro-ros/agent_ws/install/micro_ros_msgs/include/micro_ros_msgs/micro_ros_msgs/msg/detail/node__rosidl_typesupport_introspection_cpp.hpp
[54.925s] -- Installing: /home/adwitiya/micro-ros/agent_ws/install/micro_ros_msgs/include/micro_ros_msgs/micro_ros_msgs/msg/detail/entity__rosidl_typesupport_introspection_cpp.hpp
[54.925s] -- Installing: /home/adwitiya/micro-ros/agent_ws/install/micro_ros_msgs/include/micro_ros_msgs/micro_ros_msgs/msg/detail/graph__rosidl_typesupport_introspection_cpp.hpp
[54.925s] -- Installing: /home/adwitiya/micro-ros/agent_ws/install/micro_ros_msgs/include/micro_ros_msgs/micro_ros_msgs/msg/detail/graph__type_support.cpp
[54.925s] -- Installing: /home/adwitiya/micro-ros/agent_ws/install/micro_ros_msgs/include/micro_ros_msgs/micro_ros_msgs/msg/detail/node__type_support.cpp
[54.926s] -- Installing: /home/adwitiya/micro-ros/agent_ws/install/micro_ros_msgs/include/micro_ros_msgs/micro_ros_msgs/msg/detail/entity__type_support.cpp
[54.926s] -- Installing: /home/adwitiya/micro-ros/agent_ws/install/micro_ros_msgs/lib/libmicro_ros_msgs__rosidl_typesupport_introspection_cpp.so
[54.926s] -- Set runtime path of "/home/adwitiya/micro-ros/agent_ws/install/micro_ros_msgs/lib/libmicro_ros_msgs__rosidl_typesupport_introspection_cpp.so" to ""
[54.926s] -- Up-to-date: /home/adwitiya/micro-ros/agent_ws/install/micro_ros_msgs/include/micro_ros_msgs/micro_ros_msgs
[54.926s] -- Up-to-date: /home/adwitiya/micro-ros/agent_ws/install/micro_ros_msgs/include/micro_ros_msgs/micro_ros_msgs/msg
[54.926s] -- Installing: /home/adwitiya/micro-ros/agent_ws/install/micro_ros_msgs/include/micro_ros_msgs/micro_ros_msgs/msg/rosidl_typesupport_fastrtps_cpp__visibility_control.h
[54.927s] -- Up-to-date: /home/adwitiya/micro-ros/agent_ws/install/micro_ros_msgs/include/micro_ros_msgs/micro_ros_msgs/msg/detail
[54.927s] -- Installing: /home/adwitiya/micro-ros/agent_ws/install/micro_ros_msgs/include/micro_ros_msgs/micro_ros_msgs/msg/detail/entity__rosidl_typesupport_fastrtps_cpp.hpp
[54.927s] -- Installing: /home/adwitiya/micro-ros/agent_ws/install/micro_ros_msgs/include/micro_ros_msgs/micro_ros_msgs/msg/detail/graph__rosidl_typesupport_fastrtps_cpp.hpp
[54.927s] -- Installing: /home/adwitiya/micro-ros/agent_ws/install/micro_ros_msgs/include/micro_ros_msgs/micro_ros_msgs/msg/detail/node__rosidl_typesupport_fastrtps_cpp.hpp
[54.927s] -- Installing: /home/adwitiya/micro-ros/agent_ws/install/micro_ros_msgs/include/micro_ros_msgs/micro_ros_msgs/msg/detail/dds_fastrtps
[54.928s] -- Installing: /home/adwitiya/micro-ros/agent_ws/install/micro_ros_msgs/lib/libmicro_ros_msgs__rosidl_typesupport_fastrtps_cpp.so
[54.928s] -- Set runtime path of "/home/adwitiya/micro-ros/agent_ws/install/micro_ros_msgs/lib/libmicro_ros_msgs__rosidl_typesupport_fastrtps_cpp.so" to ""
[54.928s] -- Installing: /home/adwitiya/micro-ros/agent_ws/install/micro_ros_msgs/lib/libmicro_ros_msgs__rosidl_typesupport_cpp.so
[54.928s] -- Set runtime path of "/home/adwitiya/micro-ros/agent_ws/install/micro_ros_msgs/lib/libmicro_ros_msgs__rosidl_typesupport_cpp.so" to ""
[54.928s] -- Installing: /home/adwitiya/micro-ros/agent_ws/install/micro_ros_msgs/share/micro_ros_msgs/environment/pythonpath.sh
[54.929s] -- Installing: /home/adwitiya/micro-ros/agent_ws/install/micro_ros_msgs/share/micro_ros_msgs/environment/pythonpath.dsv
[54.929s] -- Installing: /home/adwitiya/micro-ros/agent_ws/install/micro_ros_msgs/lib/python3.8/site-packages/micro_ros_msgs-4.0.0-py3.8.egg-info
[54.929s] -- Installing: /home/adwitiya/micro-ros/agent_ws/install/micro_ros_msgs/lib/python3.8/site-packages/micro_ros_msgs-4.0.0-py3.8.egg-info/dependency_links.txt
[54.929s] -- Installing: /home/adwitiya/micro-ros/agent_ws/install/micro_ros_msgs/lib/python3.8/site-packages/micro_ros_msgs-4.0.0-py3.8.egg-info/PKG-INFO
[54.929s] -- Installing: /home/adwitiya/micro-ros/agent_ws/install/micro_ros_msgs/lib/python3.8/site-packages/micro_ros_msgs-4.0.0-py3.8.egg-info/SOURCES.txt
[54.929s] -- Installing: /home/adwitiya/micro-ros/agent_ws/install/micro_ros_msgs/lib/python3.8/site-packages/micro_ros_msgs-4.0.0-py3.8.egg-info/top_level.txt
[54.930s] -- Installing: /home/adwitiya/micro-ros/agent_ws/install/micro_ros_msgs/lib/python3.8/site-packages/micro_ros_msgs
[54.930s] -- Installing: /home/adwitiya/micro-ros/agent_ws/install/micro_ros_msgs/lib/python3.8/site-packages/micro_ros_msgs/micro_ros_msgs_s__rosidl_typesupport_fastrtps_c.cpython-38-x86_64-linux-gnu.so
[54.930s] -- Installing: /home/adwitiya/micro-ros/agent_ws/install/micro_ros_msgs/lib/python3.8/site-packages/micro_ros_msgs/micro_ros_msgs_s__rosidl_typesupport_introspection_c.cpython-38-x86_64-linux-gnu.so
[54.931s] -- Installing: /home/adwitiya/micro-ros/agent_ws/install/micro_ros_msgs/lib/python3.8/site-packages/micro_ros_msgs/libmicro_ros_msgs__rosidl_generator_py.so
[54.931s] -- Installing: /home/adwitiya/micro-ros/agent_ws/install/micro_ros_msgs/lib/python3.8/site-packages/micro_ros_msgs/msg
[54.931s] -- Installing: /home/adwitiya/micro-ros/agent_ws/install/micro_ros_msgs/lib/python3.8/site-packages/micro_ros_msgs/msg/_graph.py
[54.931s] -- Installing: /home/adwitiya/micro-ros/agent_ws/install/micro_ros_msgs/lib/python3.8/site-packages/micro_ros_msgs/msg/_entity.py
[54.931s] -- Installing: /home/adwitiya/micro-ros/agent_ws/install/micro_ros_msgs/lib/python3.8/site-packages/micro_ros_msgs/msg/__init__.py
[54.932s] -- Installing: /home/adwitiya/micro-ros/agent_ws/install/micro_ros_msgs/lib/python3.8/site-packages/micro_ros_msgs/msg/_entity_s.c
[54.932s] -- Installing: /home/adwitiya/micro-ros/agent_ws/install/micro_ros_msgs/lib/python3.8/site-packages/micro_ros_msgs/msg/_node.py
[54.932s] -- Installing: /home/adwitiya/micro-ros/agent_ws/install/micro_ros_msgs/lib/python3.8/site-packages/micro_ros_msgs/msg/_node_s.c
[54.932s] -- Installing: /home/adwitiya/micro-ros/agent_ws/install/micro_ros_msgs/lib/python3.8/site-packages/micro_ros_msgs/msg/_graph_s.c
[54.932s] -- Installing: /home/adwitiya/micro-ros/agent_ws/install/micro_ros_msgs/lib/python3.8/site-packages/micro_ros_msgs/_micro_ros_msgs_s.ep.rosidl_typesupport_introspection_c.c
[54.932s] -- Installing: /home/adwitiya/micro-ros/agent_ws/install/micro_ros_msgs/lib/python3.8/site-packages/micro_ros_msgs/micro_ros_msgs_s__rosidl_typesupport_c.cpython-38-x86_64-linux-gnu.so
[54.933s] -- Installing: /home/adwitiya/micro-ros/agent_ws/install/micro_ros_msgs/lib/python3.8/site-packages/micro_ros_msgs/__init__.py
[54.933s] -- Installing: /home/adwitiya/micro-ros/agent_ws/install/micro_ros_msgs/lib/python3.8/site-packages/micro_ros_msgs/_micro_ros_msgs_s.ep.rosidl_typesupport_fastrtps_c.c
[54.933s] -- Installing: /home/adwitiya/micro-ros/agent_ws/install/micro_ros_msgs/lib/python3.8/site-packages/micro_ros_msgs/_micro_ros_msgs_s.ep.rosidl_typesupport_c.c
[55.798s] Listing '/home/adwitiya/micro-ros/agent_ws/install/micro_ros_msgs/lib/python3.8/site-packages/micro_ros_msgs'...
[55.799s] Compiling '/home/adwitiya/micro-ros/agent_ws/install/micro_ros_msgs/lib/python3.8/site-packages/micro_ros_msgs/__init__.py'...
[55.799s] Listing '/home/adwitiya/micro-ros/agent_ws/install/micro_ros_msgs/lib/python3.8/site-packages/micro_ros_msgs/msg'...
[55.799s] Compiling '/home/adwitiya/micro-ros/agent_ws/install/micro_ros_msgs/lib/python3.8/site-packages/micro_ros_msgs/msg/__init__.py'...
[55.799s] Compiling '/home/adwitiya/micro-ros/agent_ws/install/micro_ros_msgs/lib/python3.8/site-packages/micro_ros_msgs/msg/_entity.py'...
[55.800s] Compiling '/home/adwitiya/micro-ros/agent_ws/install/micro_ros_msgs/lib/python3.8/site-packages/micro_ros_msgs/msg/_graph.py'...
[55.800s] Compiling '/home/adwitiya/micro-ros/agent_ws/install/micro_ros_msgs/lib/python3.8/site-packages/micro_ros_msgs/msg/_node.py'...
[55.808s] -- Installing: /home/adwitiya/micro-ros/agent_ws/install/micro_ros_msgs/lib/python3.8/site-packages/micro_ros_msgs/micro_ros_msgs_s__rosidl_typesupport_introspection_c.cpython-38-x86_64-linux-gnu.so
[55.810s] -- Set runtime path of "/home/adwitiya/micro-ros/agent_ws/install/micro_ros_msgs/lib/python3.8/site-packages/micro_ros_msgs/micro_ros_msgs_s__rosidl_typesupport_introspection_c.cpython-38-x86_64-linux-gnu.so" to ""
[55.811s] -- Installing: /home/adwitiya/micro-ros/agent_ws/install/micro_ros_msgs/lib/python3.8/site-packages/micro_ros_msgs/micro_ros_msgs_s__rosidl_typesupport_fastrtps_c.cpython-38-x86_64-linux-gnu.so
[55.812s] -- Set runtime path of "/home/adwitiya/micro-ros/agent_ws/install/micro_ros_msgs/lib/python3.8/site-packages/micro_ros_msgs/micro_ros_msgs_s__rosidl_typesupport_fastrtps_c.cpython-38-x86_64-linux-gnu.so" to ""
[55.813s] -- Installing: /home/adwitiya/micro-ros/agent_ws/install/micro_ros_msgs/lib/python3.8/site-packages/micro_ros_msgs/micro_ros_msgs_s__rosidl_typesupport_c.cpython-38-x86_64-linux-gnu.so
[55.814s] -- Set runtime path of "/home/adwitiya/micro-ros/agent_ws/install/micro_ros_msgs/lib/python3.8/site-packages/micro_ros_msgs/micro_ros_msgs_s__rosidl_typesupport_c.cpython-38-x86_64-linux-gnu.so" to ""
[55.815s] -- Installing: /home/adwitiya/micro-ros/agent_ws/install/micro_ros_msgs/lib/libmicro_ros_msgs__rosidl_generator_py.so
[55.816s] -- Set runtime path of "/home/adwitiya/micro-ros/agent_ws/install/micro_ros_msgs/lib/libmicro_ros_msgs__rosidl_generator_py.so" to ""
[55.816s] -- Installing: /home/adwitiya/micro-ros/agent_ws/install/micro_ros_msgs/share/micro_ros_msgs/msg/Graph.idl
[55.817s] -- Installing: /home/adwitiya/micro-ros/agent_ws/install/micro_ros_msgs/share/micro_ros_msgs/msg/Node.idl
[55.817s] -- Installing: /home/adwitiya/micro-ros/agent_ws/install/micro_ros_msgs/share/micro_ros_msgs/msg/Entity.idl
[55.818s] -- Installing: /home/adwitiya/micro-ros/agent_ws/install/micro_ros_msgs/share/micro_ros_msgs/msg/Graph.msg
[55.818s] -- Installing: /home/adwitiya/micro-ros/agent_ws/install/micro_ros_msgs/share/micro_ros_msgs/msg/Node.msg
[55.818s] -- Installing: /home/adwitiya/micro-ros/agent_ws/install/micro_ros_msgs/share/micro_ros_msgs/msg/Entity.msg
[55.818s] -- Installing: /home/adwitiya/micro-ros/agent_ws/install/micro_ros_msgs/share/ament_index/resource_index/package_run_dependencies/micro_ros_msgs
[55.819s] -- Installing: /home/adwitiya/micro-ros/agent_ws/install/micro_ros_msgs/share/ament_index/resource_index/parent_prefix_path/micro_ros_msgs
[55.819s] -- Installing: /home/adwitiya/micro-ros/agent_ws/install/micro_ros_msgs/share/micro_ros_msgs/environment/ament_prefix_path.sh
[55.819s] -- Installing: /home/adwitiya/micro-ros/agent_ws/install/micro_ros_msgs/share/micro_ros_msgs/environment/ament_prefix_path.dsv
[55.819s] -- Installing: /home/adwitiya/micro-ros/agent_ws/install/micro_ros_msgs/share/micro_ros_msgs/environment/path.sh
[55.819s] -- Installing: /home/adwitiya/micro-ros/agent_ws/install/micro_ros_msgs/share/micro_ros_msgs/environment/path.dsv
[55.820s] -- Installing: /home/adwitiya/micro-ros/agent_ws/install/micro_ros_msgs/share/micro_ros_msgs/local_setup.bash
[55.820s] -- Installing: /home/adwitiya/micro-ros/agent_ws/install/micro_ros_msgs/share/micro_ros_msgs/local_setup.sh
[55.820s] -- Installing: /home/adwitiya/micro-ros/agent_ws/install/micro_ros_msgs/share/micro_ros_msgs/local_setup.zsh
[55.820s] -- Installing: /home/adwitiya/micro-ros/agent_ws/install/micro_ros_msgs/share/micro_ros_msgs/local_setup.dsv
[55.820s] -- Installing: /home/adwitiya/micro-ros/agent_ws/install/micro_ros_msgs/share/micro_ros_msgs/package.dsv
[55.821s] -- Installing: /home/adwitiya/micro-ros/agent_ws/install/micro_ros_msgs/share/ament_index/resource_index/packages/micro_ros_msgs
[55.821s] -- Installing: /home/adwitiya/micro-ros/agent_ws/install/micro_ros_msgs/share/micro_ros_msgs/cmake/export_micro_ros_msgs__rosidl_generator_cExport.cmake
[55.821s] -- Installing: /home/adwitiya/micro-ros/agent_ws/install/micro_ros_msgs/share/micro_ros_msgs/cmake/export_micro_ros_msgs__rosidl_generator_cExport-noconfig.cmake
[55.821s] -- Installing: /home/adwitiya/micro-ros/agent_ws/install/micro_ros_msgs/share/micro_ros_msgs/cmake/micro_ros_msgs__rosidl_typesupport_introspection_cExport.cmake
[55.821s] -- Installing: /home/adwitiya/micro-ros/agent_ws/install/micro_ros_msgs/share/micro_ros_msgs/cmake/micro_ros_msgs__rosidl_typesupport_introspection_cExport-noconfig.cmake
[55.822s] -- Installing: /home/adwitiya/micro-ros/agent_ws/install/micro_ros_msgs/share/micro_ros_msgs/cmake/export_micro_ros_msgs__rosidl_typesupport_fastrtps_cExport.cmake
[55.822s] -- Installing: /home/adwitiya/micro-ros/agent_ws/install/micro_ros_msgs/share/micro_ros_msgs/cmake/export_micro_ros_msgs__rosidl_typesupport_fastrtps_cExport-noconfig.cmake
[55.822s] -- Installing: /home/adwitiya/micro-ros/agent_ws/install/micro_ros_msgs/share/micro_ros_msgs/cmake/micro_ros_msgs__rosidl_typesupport_cExport.cmake
[55.822s] -- Installing: /home/adwitiya/micro-ros/agent_ws/install/micro_ros_msgs/share/micro_ros_msgs/cmake/micro_ros_msgs__rosidl_typesupport_cExport-noconfig.cmake
[55.823s] -- Installing: /home/adwitiya/micro-ros/agent_ws/install/micro_ros_msgs/share/micro_ros_msgs/cmake/export_micro_ros_msgs__rosidl_generator_cppExport.cmake
[55.823s] -- Installing: /home/adwitiya/micro-ros/agent_ws/install/micro_ros_msgs/share/micro_ros_msgs/cmake/micro_ros_msgs__rosidl_typesupport_introspection_cppExport.cmake
[55.823s] -- Installing: /home/adwitiya/micro-ros/agent_ws/install/micro_ros_msgs/share/micro_ros_msgs/cmake/micro_ros_msgs__rosidl_typesupport_introspection_cppExport-noconfig.cmake
[55.824s] -- Installing: /home/adwitiya/micro-ros/agent_ws/install/micro_ros_msgs/share/micro_ros_msgs/cmake/export_micro_ros_msgs__rosidl_typesupport_fastrtps_cppExport.cmake
[55.824s] -- Installing: /home/adwitiya/micro-ros/agent_ws/install/micro_ros_msgs/share/micro_ros_msgs/cmake/export_micro_ros_msgs__rosidl_typesupport_fastrtps_cppExport-noconfig.cmake
[55.824s] -- Installing: /home/adwitiya/micro-ros/agent_ws/install/micro_ros_msgs/share/micro_ros_msgs/cmake/micro_ros_msgs__rosidl_typesupport_cppExport.cmake
[55.824s] -- Installing: /home/adwitiya/micro-ros/agent_ws/install/micro_ros_msgs/share/micro_ros_msgs/cmake/micro_ros_msgs__rosidl_typesupport_cppExport-noconfig.cmake
[55.825s] -- Installing: /home/adwitiya/micro-ros/agent_ws/install/micro_ros_msgs/share/micro_ros_msgs/cmake/export_micro_ros_msgs__rosidl_generator_pyExport.cmake
[55.825s] -- Installing: /home/adwitiya/micro-ros/agent_ws/install/micro_ros_msgs/share/micro_ros_msgs/cmake/export_micro_ros_msgs__rosidl_generator_pyExport-noconfig.cmake
[55.826s] -- Installing: /home/adwitiya/micro-ros/agent_ws/install/micro_ros_msgs/share/micro_ros_msgs/cmake/rosidl_cmake-extras.cmake
[55.826s] -- Installing: /home/adwitiya/micro-ros/agent_ws/install/micro_ros_msgs/share/micro_ros_msgs/cmake/ament_cmake_export_include_directories-extras.cmake
[55.827s] -- Installing: /home/adwitiya/micro-ros/agent_ws/install/micro_ros_msgs/share/micro_ros_msgs/cmake/ament_cmake_export_libraries-extras.cmake
[55.827s] -- Installing: /home/adwitiya/micro-ros/agent_ws/install/micro_ros_msgs/share/micro_ros_msgs/cmake/ament_cmake_export_targets-extras.cmake
[55.827s] -- Installing: /home/adwitiya/micro-ros/agent_ws/install/micro_ros_msgs/share/micro_ros_msgs/cmake/rosidl_cmake_export_typesupport_targets-extras.cmake
[55.827s] -- Installing: /home/adwitiya/micro-ros/agent_ws/install/micro_ros_msgs/share/micro_ros_msgs/cmake/ament_cmake_export_dependencies-extras.cmake
[55.828s] -- Installing: /home/adwitiya/micro-ros/agent_ws/install/micro_ros_msgs/share/micro_ros_msgs/cmake/rosidl_cmake_export_typesupport_libraries-extras.cmake
[55.828s] -- Installing: /home/adwitiya/micro-ros/agent_ws/install/micro_ros_msgs/share/micro_ros_msgs/cmake/micro_ros_msgsConfig.cmake
[55.828s] -- Installing: /home/adwitiya/micro-ros/agent_ws/install/micro_ros_msgs/share/micro_ros_msgs/cmake/micro_ros_msgsConfig-version.cmake
[55.828s] -- Installing: /home/adwitiya/micro-ros/agent_ws/install/micro_ros_msgs/share/micro_ros_msgs/package.xml
[55.832s] Invoked command in '/home/adwitiya/micro-ros/agent_ws/build/micro_ros_msgs' returned '0': CMAKE_PREFIX_PATH=${CMAKE_PREFIX_PATH}:/home/adwitiya/ros2_ws/install/my_robot_controller:/home/adwitiya/ros2_humble/install/rqt_bag_plugins:/home/adwitiya/ros2_humble/install/rqt_bag:/home/adwitiya/ros2_humble/install/ros2bag:/home/adwitiya/ros2_humble/install/tracetools_test:/home/adwitiya/ros2_humble/install/tracetools_launch:/home/adwitiya/ros2_humble/install/topic_monitor:/home/adwitiya/ros2_humble/install/tf2_tools:/home/adwitiya/ros2_humble/install/examples_tf2_py:/home/adwitiya/ros2_humble/install/tf2_ros_py:/home/adwitiya/ros2_humble/install/sros2:/home/adwitiya/ros2_humble/install/rqt_topic:/home/adwitiya/ros2_humble/install/rqt_srv:/home/adwitiya/ros2_humble/install/rqt_shell:/home/adwitiya/ros2_humble/install/rqt_service_caller:/home/adwitiya/ros2_humble/install/rqt_reconfigure:/home/adwitiya/ros2_humble/install/rqt_py_console:/home/adwitiya/ros2_humble/install/rqt_publisher:/home/adwitiya/ros2_humble/install/rqt_plot:/home/adwitiya/ros2_humble/install/rqt_action:/home/adwitiya/ros2_humble/install/rqt_msg:/home/adwitiya/ros2_humble/install/rqt_console:/home/adwitiya/ros2_humble/install/rqt:/home/adwitiya/ros2_humble/install/rqt_graph:/home/adwitiya/ros2_humble/install/rqt_gui_py:/home/adwitiya/ros2_humble/install/rqt_gui:/home/adwitiya/ros2_humble/install/ros2trace:/home/adwitiya/ros2_humble/install/ros2topic:/home/adwitiya/ros2_humble/install/ros2test:/home/adwitiya/ros2_humble/install/ros2component:/home/adwitiya/ros2_humble/install/ros2param:/home/adwitiya/ros2_humble/install/ros2lifecycle:/home/adwitiya/ros2_humble/install/ros2service:/home/adwitiya/ros2_humble/install/ros2run:/home/adwitiya/ros2_humble/install/ros2launch:/home/adwitiya/ros2_humble/install/ros2pkg:/home/adwitiya/ros2_humble/install/ros2node:/home/adwitiya/ros2_humble/install/ros2multicast:/home/adwitiya/ros2_humble/install/ros2interface:/home/adwitiya/ros2_humble/install/ros2doctor:/home/adwitiya/ros2_humble/install/ros2action:/home/adwitiya/ros2_humble/install/ros2cli:/home/adwitiya/ros2_humble/install/quality_of_service_demo_py:/home/adwitiya/ros2_humble/install/lifecycle_py:/home/adwitiya/ros2_humble/install/launch_testing_ros:/home/adwitiya/ros2_humble/install/launch_ros:/home/adwitiya/ros2_humble/install/examples_rclpy_pointcloud_publisher:/home/adwitiya/ros2_humble/install/examples_rclpy_minimal_subscriber:/home/adwitiya/ros2_humble/install/examples_rclpy_minimal_service:/home/adwitiya/ros2_humble/install/examples_rclpy_minimal_publisher:/home/adwitiya/ros2_humble/install/examples_rclpy_minimal_client:/home/adwitiya/ros2_humble/install/examples_rclpy_minimal_action_server:/home/adwitiya/ros2_humble/install/examples_rclpy_minimal_action_client:/home/adwitiya/ros2_humble/install/examples_rclpy_guard_conditions:/home/adwitiya/ros2_humble/install/examples_rclpy_executors:/home/adwitiya/ros2_humble/install/demo_nodes_py:/home/adwitiya/ros2_humble/install/action_tutorials_py:/home/adwitiya/ros2_humble/install/ament_uncrustify:/home/adwitiya/ros2_humble/install/tracetools_trace:/home/adwitiya/ros2_humble/install/tracetools_read:/home/adwitiya/ros2_humble/install/test_tracetools_launch:/home/adwitiya/ros2_humble/install/test_launch_ros:/home/adwitiya/ros2_humble/install/sensor_msgs_py:/home/adwitiya/ros2_humble/install/rpyutils:/home/adwitiya/ros2_humble/install/rosidl_runtime_py:/home/adwitiya/ros2_humble/install/rosidl_cli:/home/adwitiya/ros2_humble/install/launch_pytest:/home/adwitiya/ros2_humble/install/launch_testing:/home/adwitiya/ros2_humble/install/launch_yaml:/home/adwitiya/ros2_humble/install/launch_xml:/home/adwitiya/ros2_humble/install/launch:/home/adwitiya/ros2_humble/install/osrf_pycommon:/home/adwitiya/ros2_humble/install/launch_testing_examples:/home/adwitiya/ros2_humble/install/domain_coordinator:/home/adwitiya/ros2_humble/install/ament_xmllint:/home/adwitiya/ros2_humble/install/ament_pyflakes:/home/adwitiya/ros2_humble/install/ament_pycodestyle:/home/adwitiya/ros2_humble/install/ament_pep257:/home/adwitiya/ros2_humble/install/ament_pclint:/home/adwitiya/ros2_humble/install/ament_package:/home/adwitiya/ros2_humble/install/ament_mypy:/home/adwitiya/ros2_humble/install/ament_lint_cmake:/home/adwitiya/ros2_humble/install/ament_flake8:/home/adwitiya/ros2_humble/install/ament_copyright:/home/adwitiya/ros2_humble/install/ament_lint:/home/adwitiya/ros2_humble/install/ament_index_python:/home/adwitiya/ros2_humble/install/ament_cpplint:/home/adwitiya/ros2_humble/install/ament_cppcheck:/home/adwitiya/ros2_humble/install/ament_clang_tidy:/home/adwitiya/ros2_humble/install/ament_clang_format /usr/bin/cmake --install /home/adwitiya/micro-ros/agent_ws/build/micro_ros_msgs
